2025-01-01 -- Practice Piano? = Y
2025-01-01 -- Get some exercise? = Y
2025-01-01 -- Late Night Snacking? :cake: = N
2025-01-02 -- Practice Piano? = Y
2025-01-02 -- Get some exercise? = N
2025-01-02 -- Late Night Snacking? :cake: = N
2025-01-03 -- Practice Piano? = Y
2025-01-03 -- Get some exercise? = Y
2025-01-03 -- Late Night Snacking? :cake: = Y
2025-01-04 -- Practice Piano? = N
2025-01-04 -- Get some exercise? = Y
2025-01-04 -- Late Night Snacking? :cake: = Y
2025-01-05 -- Practice Piano? = Y
2025-01-05 -- Get some exercise? = Y
2025-01-05 -- Late Night Snacking? :cake: = Y
2025-01-06 -- Practice Piano? = Y
2025-01-06 -- Get some exercise? = N
2025-01-06 -- Late Night Snacking? :cake: = Y
2025-01-07 -- Practice Piano? = Y
2025-01-07 -- Get some exercise? = Y
2025-01-07 -- Late Night Snacking? :cake: = Y
2025-01-08 -- Practice Piano? = N
2025-01-08 -- Get some exercise? = N
2025-01-08 -- Late Night Snacking? :cake: = Y
2025-01-09 -- Practice Piano? = Y
2025-01-09 -- Get some exercise? = Y
2025-01-09 -- Late Night Snacking? :cake: = Y
2025-01-10 -- Practice Piano? = Y
2025-01-10 -- Get some exercise? = N
2025-01-10 -- Late Night Snacking? :cake: = Y
2025-01-11 -- Practice Piano? = Y
2025-01-11 -- Get some exercise? = N
2025-01-11 -- Late Night Snacking? :cake: = N
2025-01-12 -- Practice Piano? = N
2025-01-12 -- Get some exercise? = N
2025-01-12 -- Late Night Snacking? :cake: = N
2025-01-13 -- Practice Piano? = Y
2025-01-13 -- Get some exercise? = N
2025-01-13 -- Late Night Snacking? :cake: = Y
2025-01-14 -- Practice Piano? = Y
2025-01-14 -- Get some exercise? = Y
2025-01-14 -- Late Night Snacking? :cake: = Y
2025-01-15 -- Practice Piano? = Y
2025-01-15 -- Get some exercise? = Y
2025-01-15 -- Late Night Snacking? :cake: = Y
2025-01-16 -- Practice Piano? = Y
2025-01-16 -- Get some exercise? = Y
2025-01-16 -- Late Night Snacking? :cake: = Y
