Session 2025-02-07 17:30
Warm Ups                                                                       
┏━━━┳━━━━━━━━━┳━━━━━━━━━━━━━━━━━━━━━┳━━━━━━━━━━━━━━━━━━━━━┳━━━━━━━━┳━━━━━━━━━━┓
┃ # ┃ Name    ┃ Start               ┃ Finish              ┃ Status ┃ Duration ┃
┡━━━╇━━━━━━━━━╇━━━━━━━━━━━━━━━━━━━━━╇━━━━━━━━━━━━━━━━━━━━━╇━━━━━━━━╇━━━━━━━━━━┩
│ 1 │ Stretch │ 2025-02-07 17:31:37 │ 2025-02-07 17:31:55 │ ✔      │ 0m18s    │
│ 2 │ Rock    │ 2025-02-07 17:31:55 │ 2025-02-07 17:32:19 │ ✔      │ 0m24s    │
└───┴─────────┴─────────────────────┴─────────────────────┴────────┴──────────┘
Daily Dozen                                                                         
┏━━━━┳━━━━━━━━━━━━━┳━━━━━━━━━━━━━━━━━━━━━┳━━━━━━━━━━━━━━━━━━━━━┳━━━━━━━━┳━━━━━━━━━━┓
┃ #  ┃ Name        ┃ Start               ┃ Finish              ┃ Status ┃ Duration ┃
┡━━━━╇━━━━━━━━━━━━━╇━━━━━━━━━━━━━━━━━━━━━╇━━━━━━━━━━━━━━━━━━━━━╇━━━━━━━━╇━━━━━━━━━━┩
│ 1  │ Book 3 3-1  │ 2025-02-07 17:32:27 │ 2025-02-07 17:33:41 │ ✔      │ 1m13s    │
│ 2  │ Book 3 3-2  │ 2025-02-07 17:33:41 │ 2025-02-07 17:34:27 │ ✔      │ 0m46s    │
│ 3  │ Book 3 3-3  │ 2025-02-07 17:34:27 │ 2025-02-07 17:34:55 │ ✔      │ 0m28s    │
│ 4  │ Book 3 3-4  │ 2025-02-07 17:34:55 │ 2025-02-07 17:36:43 │ ✔      │ 1m48s    │
│ 5  │ Book 3 3-5  │ 2025-02-07 17:36:43 │ 2025-02-07 17:37:00 │ ✔      │ 0m16s    │
│ 6  │ Book 3 3-6  │ 2025-02-07 17:37:00 │ 2025-02-07 17:37:47 │ ✔      │ 0m47s    │
│ 7  │ Book 3 3-7  │ 2025-02-07 17:37:47 │ 2025-02-07 17:38:45 │ ✔      │ 0m57s    │
│ 8  │ Book 3 3-8  │ 2025-02-07 17:38:45 │ 2025-02-07 17:39:38 │ ✔      │ 0m52s    │
│ 9  │ Book 3 3-9  │ 2025-02-07 17:39:38 │ 2025-02-07 17:41:15 │ ✔      │ 1m36s    │
│ 10 │ Book 3 3-10 │ 2025-02-07 17:41:15 │ 2025-02-07 17:47:11 │ ✔      │ 5m56s    │
│ 11 │ Book 3 3-11 │ 2025-02-07 17:47:11 │ 2025-02-07 17:50:33 │ ✔      │ 3m22s    │
│ 12 │ Book 3 3-12 │ 2025-02-07 17:50:33 │ 2025-02-07 17:54:11 │ ✔      │ 3m37s    │
└────┴─────────────┴─────────────────────┴─────────────────────┴────────┴──────────┘
Songs                                                                                                                           
┏━━━┳━━━━━━━━━━━━━━━━━━━━━━━━━━━━━━━━━━━━━━━━━━━━━━━━━━━━━━━━━━┳━━━━━━━━━━━━━━━━━━━━━┳━━━━━━━━━━━━━━━━━━━━━┳━━━━━━━━┳━━━━━━━━━━┓
┃ # ┃ Name                                                     ┃ Start               ┃ Finish              ┃ Status ┃ Duration ┃
┡━━━╇━━━━━━━━━━━━━━━━━━━━━━━━━━━━━━━━━━━━━━━━━━━━━━━━━━━━━━━━━━╇━━━━━━━━━━━━━━━━━━━━━╇━━━━━━━━━━━━━━━━━━━━━╇━━━━━━━━╇━━━━━━━━━━┩
│ 1 │ Joy of Piano - Clair De Lune, Debussy (p20)              │ 2025-02-07 18:14:01 │ 2025-02-07 18:31:14 │ ✔      │ 17m12s   │
│ 2 │ Easy Piano Classics - Sonatina (Op 36, No 1), Clementi   │ 2025-02-07 17:54:14 │ 2025-02-07 18:14:01 │ ✔      │ 19m46s   │
│   │ (p60)                                                    │                     │                     │        │          │
└───┴──────────────────────────────────────────────────────────┴─────────────────────┴─────────────────────┴────────┴──────────┘
Repetoire Review                                                                                                             
┏━━━┳━━━━━━━━━━━━━━━━━━━━━━━━━━━━━━━━━━━━━━━━━━━━━━━━━━━━━━━┳━━━━━━━━━━━━━━━━━━━━━┳━━━━━━━━━━━━━━━━━━━━━┳━━━━━━━━┳━━━━━━━━━━┓
┃ # ┃ Name                                                  ┃ Start               ┃ Finish              ┃ Status ┃ Duration ┃
┡━━━╇━━━━━━━━━━━━━━━━━━━━━━━━━━━━━━━━━━━━━━━━━━━━━━━━━━━━━━━╇━━━━━━━━━━━━━━━━━━━━━╇━━━━━━━━━━━━━━━━━━━━━╇━━━━━━━━╇━━━━━━━━━━┩
│ 1 │ Jazzin Americana - In the Hall of the Jazz Kings (p4) │ 2025-02-07 18:31:34 │ 2025-02-07 18:41:05 │ ✔      │ 9m30s    │
└───┴───────────────────────────────────────────────────────┴─────────────────────┴─────────────────────┴────────┴──────────┘
