Session 2025-01-13 11:28
Warm Ups                                                                       
┏━━━┳━━━━━━━━━┳━━━━━━━━━━━━━━━━━━━━━┳━━━━━━━━━━━━━━━━━━━━━┳━━━━━━━━┳━━━━━━━━━━┓
┃ # ┃ Name    ┃ Start               ┃ Finish              ┃ Status ┃ Duration ┃
┡━━━╇━━━━━━━━━╇━━━━━━━━━━━━━━━━━━━━━╇━━━━━━━━━━━━━━━━━━━━━╇━━━━━━━━╇━━━━━━━━━━┩
│ 1 │ Stretch │ 2025-01-13 11:29:11 │ 2025-01-13 11:29:30 │ ✔      │ 0m19s    │
│ 2 │ Rock    │ 2025-01-13 11:29:30 │ 2025-01-13 11:30:00 │ ✔      │ 0m29s    │
└───┴─────────┴─────────────────────┴─────────────────────┴────────┴──────────┘
Scales and Chords                                                                                                    
┏━━━┳━━━━━━━━━━━━━━━━━━━━━━━━━━━━━━━━━━━━━━━━━━━━━━━┳━━━━━━━━━━━━━━━━━━━━━┳━━━━━━━━━━━━━━━━━━━━━┳━━━━━━━━┳━━━━━━━━━━┓
┃ # ┃ Name                                          ┃ Start               ┃ Finish              ┃ Status ┃ Duration ┃
┡━━━╇━━━━━━━━━━━━━━━━━━━━━━━━━━━━━━━━━━━━━━━━━━━━━━━╇━━━━━━━━━━━━━━━━━━━━━╇━━━━━━━━━━━━━━━━━━━━━╇━━━━━━━━╇━━━━━━━━━━┩
│ 1 │ Expanded Scale (C, G)                         │ 2025-01-13 11:30:01 │ 2025-01-13 11:31:09 │ ✔      │ 1m8s     │
│ 2 │ Four Octave Scale (C, G, D, A, F, Am, Dm, Em) │ 2025-01-13 11:31:09 │ 2025-01-13 11:34:13 │ ✔      │ 3m3s     │
│ 3 │ Arpeggio (C, G, D, A, F, Am, Dm, Em)          │ 2025-01-13 11:34:13 │ 2025-01-13 11:35:56 │ ✔      │ 1m42s    │
│ 4 │ Chromatic Scale (D, Ab)                       │ 2025-01-13 11:35:56 │ 2025-01-13 11:36:52 │ ✔      │ 0m56s    │
│ 5 │ Triads (C, G, D, A, F, Am, Dm, Em)            │ 2025-01-13 11:36:52 │ 2025-01-13 11:37:56 │ ✔      │ 1m4s     │
│ 6 │ Broken Chords (C, G, D, A, F, Am, Dm, Em)     │ 2025-01-13 11:37:56 │ 2025-01-13 11:41:23 │ ✔      │ 3m26s    │
│ 7 │ Broken Triads (C, G, D, A, F, Am, Dm, Em)     │ 2025-01-13 11:41:23 │ 2025-01-13 11:44:01 │ ✔      │ 2m38s    │
└───┴───────────────────────────────────────────────┴─────────────────────┴─────────────────────┴────────┴──────────┘
Daily Dozen                                                                        
┏━━━┳━━━━━━━━━━━━━┳━━━━━━━━━━━━━━━━━━━━━┳━━━━━━━━━━━━━━━━━━━━━┳━━━━━━━━┳━━━━━━━━━━┓
┃ # ┃ Name        ┃ Start               ┃ Finish              ┃ Status ┃ Duration ┃
┡━━━╇━━━━━━━━━━━━━╇━━━━━━━━━━━━━━━━━━━━━╇━━━━━━━━━━━━━━━━━━━━━╇━━━━━━━━╇━━━━━━━━━━┩
│ 1 │ Book 3 2-12 │ 2025-01-13 11:44:01 │ 2025-01-13 11:46:33 │ ✔      │ 2m32s    │
│ 2 │ Book 3 3-1  │ 2025-01-13 11:46:33 │ 2025-01-13 11:47:08 │ ✔      │ 0m35s    │
│ 3 │ Book 3 3-2  │ 2025-01-13 11:47:08 │ 2025-01-13 11:47:46 │ ✔      │ 0m37s    │
│ 4 │ Book 3 3-3  │ 2025-01-13 11:47:46 │ 2025-01-13 11:48:12 │ ✔      │ 0m26s    │
│ 5 │ Book 3 3-4  │ 2025-01-13 11:48:12 │ 2025-01-13 11:50:21 │ ✔      │ 2m8s     │
└───┴─────────────┴─────────────────────┴─────────────────────┴────────┴──────────┘
Songs                                                                                                                               
┏━━━┳━━━━━━━━━━━━━━━━━━━━━━━━━━━━━━━━━━━━━━━━━━━━━━━━━━━━━━━━━━━━━━┳━━━━━━━━━━━━━━━━━━━━━┳━━━━━━━━━━━━━━━━━━━━━┳━━━━━━━━┳━━━━━━━━━━┓
┃ # ┃ Name                                                         ┃ Start               ┃ Finish              ┃ Status ┃ Duration ┃
┡━━━╇━━━━━━━━━━━━━━━━━━━━━━━━━━━━━━━━━━━━━━━━━━━━━━━━━━━━━━━━━━━━━━╇━━━━━━━━━━━━━━━━━━━━━╇━━━━━━━━━━━━━━━━━━━━━╇━━━━━━━━╇━━━━━━━━━━┩
│ 1 │ Joy of Piano - Clair De Lune, Debussy (p20)                  │ 2025-01-13 12:00:27 │ 2025-01-13 12:07:00 │ ✔      │ 6m33s    │
│ 2 │ Easy Piano Classics - Sonatina (Op 36, No 1), Clementi (p60) │ 2025-01-13 11:50:26 │ 2025-01-13 12:00:27 │ ✔      │ 10m0s    │
└───┴──────────────────────────────────────────────────────────────┴─────────────────────┴─────────────────────┴────────┴──────────┘
Repetoire Review                                                                                                     
┏━━━┳━━━━━━━━━━━━━━━━━━━━━━━━━━━━━━━━━━━━━━━━━━━━━━━┳━━━━━━━━━━━━━━━━━━━━━┳━━━━━━━━━━━━━━━━━━━━━┳━━━━━━━━┳━━━━━━━━━━┓
┃ # ┃ Name                                          ┃ Start               ┃ Finish              ┃ Status ┃ Duration ┃
┡━━━╇━━━━━━━━━━━━━━━━━━━━━━━━━━━━━━━━━━━━━━━━━━━━━━━╇━━━━━━━━━━━━━━━━━━━━━╇━━━━━━━━━━━━━━━━━━━━━╇━━━━━━━━╇━━━━━━━━━━┩
│ 1 │ Easy Piano Classics - Gavotte, Telemann (p13) │ 2025-01-13 12:07:18 │ 2025-01-13 12:10:02 │ ✔      │ 2m43s    │
└───┴───────────────────────────────────────────────┴─────────────────────┴─────────────────────┴────────┴──────────┘
