Session 2025-02-23 18:08
Warm Ups                                                                       
┏━━━┳━━━━━━━━━┳━━━━━━━━━━━━━━━━━━━━━┳━━━━━━━━━━━━━━━━━━━━━┳━━━━━━━━┳━━━━━━━━━━┓
┃ # ┃ Name    ┃ Start               ┃ Finish              ┃ Status ┃ Duration ┃
┡━━━╇━━━━━━━━━╇━━━━━━━━━━━━━━━━━━━━━╇━━━━━━━━━━━━━━━━━━━━━╇━━━━━━━━╇━━━━━━━━━━┩
│ 1 │ Stretch │ 2025-02-23 18:08:54 │ 2025-02-23 18:09:11 │ ✔      │ 0m17s    │
│ 2 │ Rock    │ 2025-02-23 18:09:11 │ 2025-02-23 18:10:08 │ ✔      │ 0m57s    │
└───┴─────────┴─────────────────────┴─────────────────────┴────────┴──────────┘
Scales and Chords                                                                                                            
┏━━━┳━━━━━━━━━━━━━━━━━━━━━━━━━━━━━━━━━━━━━━━━━━━━━━━━━━━━━━━┳━━━━━━━━━━━━━━━━━━━━━┳━━━━━━━━━━━━━━━━━━━━━┳━━━━━━━━┳━━━━━━━━━━┓
┃ # ┃ Name                                                  ┃ Start               ┃ Finish              ┃ Status ┃ Duration ┃
┡━━━╇━━━━━━━━━━━━━━━━━━━━━━━━━━━━━━━━━━━━━━━━━━━━━━━━━━━━━━━╇━━━━━━━━━━━━━━━━━━━━━╇━━━━━━━━━━━━━━━━━━━━━╇━━━━━━━━╇━━━━━━━━━━┩
│ 1 │ Expanded Scale (C, G)                                 │ 2025-02-23 18:10:10 │ 2025-02-23 18:11:31 │ ✔      │ 1m21s    │
│ 2 │ Four Octave Scale (C, G, D, A, F, Bb, Am, Dm, Em, Gm) │ 2025-02-23 18:11:31 │ 2025-02-23 18:17:07 │ ✔      │ 5m35s    │
│ 3 │ Arpeggio (C, G, D, A, F, Bb, Am, Dm, Em, Gm)          │ 2025-02-23 18:17:07 │ 2025-02-23 18:19:30 │ ✔      │ 2m23s    │
│ 4 │ Chromatic Scale (D, Ab)                               │ 2025-02-23 18:19:30 │ 2025-02-23 18:19:54 │ ✔      │ 0m24s    │
│ 5 │ Triads (C, G, D, A, F, Bb, Am, Dm, Em, Gm)            │ 2025-02-23 18:19:54 │ 2025-02-23 18:21:17 │ ✔      │ 1m22s    │
│ 6 │ Broken Chords (C, G, D, A, F, Bb, Am, Dm, Em, Gm)     │ 2025-02-23 18:21:17 │ 2025-02-23 18:27:40 │ ✔      │ 6m23s    │
│ 7 │ Broken Triads (C, G, D, A, F, Bb, Am, Dm, Em, Gm)     │ 2025-02-23 18:27:40 │ 2025-02-23 18:29:45 │ ✔      │ 2m5s     │
└───┴───────────────────────────────────────────────────────┴─────────────────────┴─────────────────────┴────────┴──────────┘
Daily Dozen                                                                        
┏━━━┳━━━━━━━━━━━━━┳━━━━━━━━━━━━━━━━━━━━━┳━━━━━━━━━━━━━━━━━━━━━┳━━━━━━━━┳━━━━━━━━━━┓
┃ # ┃ Name        ┃ Start               ┃ Finish              ┃ Status ┃ Duration ┃
┡━━━╇━━━━━━━━━━━━━╇━━━━━━━━━━━━━━━━━━━━━╇━━━━━━━━━━━━━━━━━━━━━╇━━━━━━━━╇━━━━━━━━━━┩
│ 1 │ Book 2 3-10 │ 2025-02-23 18:34:41 │ 2025-02-23 18:34:41 │ ✔      │ 0m0s     │
│ 2 │ Book 2 4-1  │ 2025-02-23 18:34:41 │ 2025-02-23 18:36:22 │ ✔      │ 1m41s    │
│ 3 │ Book 2 4-2  │ 2025-02-23 18:36:22 │ 2025-02-23 18:38:40 │ ✔      │ 2m17s    │
│ 4 │ Book 2 4-3  │ 2025-02-23 18:38:40 │ 2025-02-23 18:39:43 │ ✔      │ 1m2s     │
│ 5 │ Book 2 4-4  │ 2025-02-23 18:39:43 │ 2025-02-23 18:40:05 │ ✔      │ 0m22s    │
│ 6 │ Book 2 4-5  │ 2025-02-23 18:40:05 │ 2025-02-23 18:40:37 │ ✔      │ 0m32s    │
│ 7 │ Book 2 4-6  │ 2025-02-23 18:40:37 │ 2025-02-23 18:43:05 │ ✔      │ 2m27s    │
└───┴─────────────┴─────────────────────┴─────────────────────┴────────┴──────────┘
