Session 2025-03-04 08:13
Warm Ups                                                                       
┏━━━┳━━━━━━━━━┳━━━━━━━━━━━━━━━━━━━━━┳━━━━━━━━━━━━━━━━━━━━━┳━━━━━━━━┳━━━━━━━━━━┓
┃ # ┃ Name    ┃ Start               ┃ Finish              ┃ Status ┃ Duration ┃
┡━━━╇━━━━━━━━━╇━━━━━━━━━━━━━━━━━━━━━╇━━━━━━━━━━━━━━━━━━━━━╇━━━━━━━━╇━━━━━━━━━━┩
│ 1 │ Stretch │ 2025-03-04 08:14:02 │ 2025-03-04 08:14:27 │ ✔      │ 0m25s    │
│ 2 │ Rock    │ 2025-03-04 08:14:27 │ 2025-03-04 08:14:42 │ ✔      │ 0m14s    │
└───┴─────────┴─────────────────────┴─────────────────────┴────────┴──────────┘
Scales and Chords                                                                                                               
┏━━━┳━━━━━━━━━━━━━━━━━━━━━━━━━━━━━━━━━━━━━━━━━━━━━━━━━━━━━━━━━━┳━━━━━━━━━━━━━━━━━━━━━┳━━━━━━━━━━━━━━━━━━━━━┳━━━━━━━━┳━━━━━━━━━━┓
┃ # ┃ Name                                                     ┃ Start               ┃ Finish              ┃ Status ┃ Duration ┃
┡━━━╇━━━━━━━━━━━━━━━━━━━━━━━━━━━━━━━━━━━━━━━━━━━━━━━━━━━━━━━━━━╇━━━━━━━━━━━━━━━━━━━━━╇━━━━━━━━━━━━━━━━━━━━━╇━━━━━━━━╇━━━━━━━━━━┩
│ 1 │ Expanded Scale (C, G, Am, Dm)                            │ 2025-03-04 08:15:39 │ 2025-03-04 08:19:35 │ ✔      │ 3m56s    │
│ 2 │ Four Octave Scale (C, G, D, A, F, Bb, E, Am, Dm, Em, Gm) │ 2025-03-04 08:19:35 │ 2025-03-04 08:25:35 │ ✔      │ 5m59s    │
│ 3 │ Arpeggio (C, G, D, A, F, Bb, E, Am, Dm, Em, Gm)          │ 2025-03-04 08:25:35 │ 2025-03-04 08:28:15 │ ✔      │ 2m39s    │
│ 4 │ Chromatic Scale (D, Ab)                                  │ 2025-03-04 08:28:15 │ 2025-03-04 08:28:45 │ ✔      │ 0m29s    │
│ 5 │ Triads (C, G, D, A, F, Bb, E, Am, Dm, Em, Gm)            │ 2025-03-04 08:28:45 │ 2025-03-04 08:30:25 │ ✔      │ 1m40s    │
│ 6 │ Broken Chords (C, G, D, A, F, Bb, E, Am, Dm, Em, Gm)     │ 2025-03-04 08:30:25 │ 2025-03-04 08:39:07 │ ✔      │ 8m41s    │
│ 7 │ Broken Triads (C, G, D, A, F, Bb, E, Am, Dm, Em, Gm)     │ 2025-03-04 08:39:07 │ 2025-03-04 08:40:33 │ ✔      │ 1m26s    │
│ 8 │ Running (C, G, D, A, F, Bb, E)                           │ 2025-03-04 08:40:33 │ 2025-03-04 08:43:28 │ ✔      │ 2m54s    │
└───┴──────────────────────────────────────────────────────────┴─────────────────────┴─────────────────────┴────────┴──────────┘
