Session 2025-01-15 21:00
Warm Ups                                                                       
┏━━━┳━━━━━━━━━┳━━━━━━━━━━━━━━━━━━━━━┳━━━━━━━━━━━━━━━━━━━━━┳━━━━━━━━┳━━━━━━━━━━┓
┃ # ┃ Name    ┃ Start               ┃ Finish              ┃ Status ┃ Duration ┃
┡━━━╇━━━━━━━━━╇━━━━━━━━━━━━━━━━━━━━━╇━━━━━━━━━━━━━━━━━━━━━╇━━━━━━━━╇━━━━━━━━━━┩
│ 1 │ Stretch │ 2025-01-15 21:00:45 │ 2025-01-15 21:01:06 │ ✔      │ 0m21s    │
│ 2 │ Rock    │ 2025-01-15 21:01:06 │ 2025-01-15 21:01:24 │ ✔      │ 0m17s    │
└───┴─────────┴─────────────────────┴─────────────────────┴────────┴──────────┘
Scales and Chords                                                                                                        
┏━━━┳━━━━━━━━━━━━━━━━━━━━━━━━━━━━━━━━━━━━━━━━━━━━━━━━━━━┳━━━━━━━━━━━━━━━━━━━━━┳━━━━━━━━━━━━━━━━━━━━━┳━━━━━━━━┳━━━━━━━━━━┓
┃ # ┃ Name                                              ┃ Start               ┃ Finish              ┃ Status ┃ Duration ┃
┡━━━╇━━━━━━━━━━━━━━━━━━━━━━━━━━━━━━━━━━━━━━━━━━━━━━━━━━━╇━━━━━━━━━━━━━━━━━━━━━╇━━━━━━━━━━━━━━━━━━━━━╇━━━━━━━━╇━━━━━━━━━━┩
│ 1 │ Expanded Scale (C, G)                             │ 2025-01-15 21:01:26 │ 2025-01-15 21:03:28 │ ✔      │ 2m1s     │
│ 2 │ Four Octave Scale (C, G, D, A, F, Bb, Am, Dm, Em) │ 2025-01-15 21:03:28 │ 2025-01-15 21:15:39 │ ✔      │ 12m11s   │
│ 3 │ Arpeggio (C, G, D, A, F, Bb, Am, Dm, Em)          │ 2025-01-15 21:15:39 │ 2025-01-15 21:20:02 │ ✔      │ 4m23s    │
│ 4 │ Chromatic Scale (D, Ab)                           │ 2025-01-15 21:20:02 │ 2025-01-15 21:20:22 │ ✔      │ 0m20s    │
│ 5 │ Triads (C, G, D, A, F, Bb, Am, Dm, Em)            │ 2025-01-15 21:20:22 │ 2025-01-15 21:24:17 │ ✔      │ 3m54s    │
│ 6 │ Broken Chords (C, G, D, A, F, Bb, Am, Dm, Em)     │ 2025-01-15 21:24:17 │ 2025-01-15 21:31:13 │ ✔      │ 6m55s    │
│ 7 │ Broken Triads (C, G, D, A, F, Bb, Am, Dm, Em)     │ 2025-01-15 21:31:13 │ 2025-01-15 21:37:01 │ ✔      │ 5m47s    │
└───┴───────────────────────────────────────────────────┴─────────────────────┴─────────────────────┴────────┴──────────┘
Daily Dozen                                                                       
┏━━━┳━━━━━━━━━━━━┳━━━━━━━━━━━━━━━━━━━━━┳━━━━━━━━━━━━━━━━━━━━━┳━━━━━━━━┳━━━━━━━━━━┓
┃ # ┃ Name       ┃ Start               ┃ Finish              ┃ Status ┃ Duration ┃
┡━━━╇━━━━━━━━━━━━╇━━━━━━━━━━━━━━━━━━━━━╇━━━━━━━━━━━━━━━━━━━━━╇━━━━━━━━╇━━━━━━━━━━┩
│ 1 │ Book 3 3-1 │ 2025-01-15 21:38:15 │ 2025-01-15 21:39:09 │ ✔      │ 0m54s    │
│ 2 │ Book 3 3-2 │ 2025-01-15 21:39:09 │ 2025-01-15 21:39:55 │ ✔      │ 0m45s    │
│ 3 │ Book 3 3-3 │ 2025-01-15 21:39:55 │ 2025-01-15 21:40:20 │ ✔      │ 0m24s    │
│ 4 │ Book 3 3-4 │ 2025-01-15 21:40:20 │ 2025-01-15 21:40:50 │ ✔      │ 0m30s    │
│ 5 │ Book 3 3-5 │ 2025-01-15 21:40:50 │ 2025-01-15 21:42:37 │ ✔      │ 1m46s    │
│ 6 │ Book 3 3-6 │ 2025-01-15 21:42:37 │ 2025-01-15 21:48:04 │ ✔      │ 5m26s    │
└───┴────────────┴─────────────────────┴─────────────────────┴────────┴──────────┘
Songs                                                                                                                               
┏━━━┳━━━━━━━━━━━━━━━━━━━━━━━━━━━━━━━━━━━━━━━━━━━━━━━━━━━━━━━━━━━━━━┳━━━━━━━━━━━━━━━━━━━━━┳━━━━━━━━━━━━━━━━━━━━━┳━━━━━━━━┳━━━━━━━━━━┓
┃ # ┃ Name                                                         ┃ Start               ┃ Finish              ┃ Status ┃ Duration ┃
┡━━━╇━━━━━━━━━━━━━━━━━━━━━━━━━━━━━━━━━━━━━━━━━━━━━━━━━━━━━━━━━━━━━━╇━━━━━━━━━━━━━━━━━━━━━╇━━━━━━━━━━━━━━━━━━━━━╇━━━━━━━━╇━━━━━━━━━━┩
│ 1 │ Joy of Piano - Clair De Lune, Debussy (p20)                  │ 2025-01-15 21:48:07 │ 2025-01-15 21:53:38 │ ✔      │ 5m30s    │
│ 2 │ Easy Piano Classics - Sonatina (Op 36, No 1), Clementi (p60) │ 2025-01-15 21:53:38 │ 2025-01-15 22:10:41 │ ✔      │ 17m3s    │
└───┴──────────────────────────────────────────────────────────────┴─────────────────────┴─────────────────────┴────────┴──────────┘
Repetoire Review                                                                                                                  
┏━━━┳━━━━━━━━━━━━━━━━━━━━━━━━━━━━━━━━━━━━━━━━━━━━━━━━━━━━━━━━━━━━┳━━━━━━━━━━━━━━━━━━━━━┳━━━━━━━━━━━━━━━━━━━━━┳━━━━━━━━┳━━━━━━━━━━┓
┃ # ┃ Name                                                       ┃ Start               ┃ Finish              ┃ Status ┃ Duration ┃
┡━━━╇━━━━━━━━━━━━━━━━━━━━━━━━━━━━━━━━━━━━━━━━━━━━━━━━━━━━━━━━━━━━╇━━━━━━━━━━━━━━━━━━━━━╇━━━━━━━━━━━━━━━━━━━━━╇━━━━━━━━╇━━━━━━━━━━┩
│ 1 │ Easy Piano Classics - Nocturne (Op 9, No 2), Chopin (p148) │ 2025-01-15 22:10:53 │ 2025-01-15 22:13:52 │ ✔      │ 2m58s    │
└───┴────────────────────────────────────────────────────────────┴─────────────────────┴─────────────────────┴────────┴──────────┘
