Session 2025-03-03 20:33
Warm Ups                                                                       
┏━━━┳━━━━━━━━━┳━━━━━━━━━━━━━━━━━━━━━┳━━━━━━━━━━━━━━━━━━━━━┳━━━━━━━━┳━━━━━━━━━━┓
┃ # ┃ Name    ┃ Start               ┃ Finish              ┃ Status ┃ Duration ┃
┡━━━╇━━━━━━━━━╇━━━━━━━━━━━━━━━━━━━━━╇━━━━━━━━━━━━━━━━━━━━━╇━━━━━━━━╇━━━━━━━━━━┩
│ 1 │ Stretch │ 2025-03-03 20:33:08 │ 2025-03-03 20:34:21 │ ✔      │ 1m13s    │
│ 2 │ Rock    │ 2025-03-03 20:34:21 │ 2025-03-03 20:34:46 │ ✔      │ 0m24s    │
└───┴─────────┴─────────────────────┴─────────────────────┴────────┴──────────┘
Scales and Chords                                                                                                               
┏━━━┳━━━━━━━━━━━━━━━━━━━━━━━━━━━━━━━━━━━━━━━━━━━━━━━━━━━━━━━━━━┳━━━━━━━━━━━━━━━━━━━━━┳━━━━━━━━━━━━━━━━━━━━━┳━━━━━━━━┳━━━━━━━━━━┓
┃ # ┃ Name                                                     ┃ Start               ┃ Finish              ┃ Status ┃ Duration ┃
┡━━━╇━━━━━━━━━━━━━━━━━━━━━━━━━━━━━━━━━━━━━━━━━━━━━━━━━━━━━━━━━━╇━━━━━━━━━━━━━━━━━━━━━╇━━━━━━━━━━━━━━━━━━━━━╇━━━━━━━━╇━━━━━━━━━━┩
│ 1 │ Expanded Scale (C, G, Am, Dm)                            │ 2025-03-03 20:34:50 │ 2025-03-03 20:42:56 │ ✔      │ 8m6s     │
│ 2 │ Four Octave Scale (C, G, D, A, F, Bb, E, Am, Dm, Em, Gm) │ 2025-03-03 20:42:56 │ 2025-03-03 20:48:39 │ ✔      │ 5m42s    │
│ 3 │ Arpeggio (C, G, D, A, F, Bb, E, Am, Dm, Em, Gm)          │ 2025-03-03 20:48:39 │ 2025-03-03 20:52:21 │ ✔      │ 3m42s    │
│ 4 │ Chromatic Scale (D, Ab)                                  │ 2025-03-03 20:52:21 │ 2025-03-03 20:52:45 │ ✔      │ 0m24s    │
│ 5 │ Triads (C, G, D, A, F, Bb, E, Am, Dm, Em, Gm)            │ 2025-03-03 20:52:45 │ 2025-03-03 20:54:56 │ ✔      │ 2m10s    │
│ 6 │ Broken Chords (C, G, D, A, F, Bb, E, Am, Dm, Em, Gm)     │ 2025-03-03 20:54:56 │ 2025-03-03 21:04:51 │ ✔      │ 9m55s    │
│ 7 │ Broken Triads (C, G, D, A, F, Bb, E, Am, Dm, Em, Gm)     │ 2025-03-03 21:04:51 │ 2025-03-03 21:08:20 │ ✔      │ 3m28s    │
│ 8 │ Running (C, G, D, A, F, Bb, E)                           │ 2025-03-03 21:08:20 │ 2025-03-03 21:12:01 │ ✔      │ 3m41s    │
└───┴──────────────────────────────────────────────────────────┴─────────────────────┴─────────────────────┴────────┴──────────┘
Daily Dozen                                                                         
┏━━━━┳━━━━━━━━━━━━━┳━━━━━━━━━━━━━━━━━━━━━┳━━━━━━━━━━━━━━━━━━━━━┳━━━━━━━━┳━━━━━━━━━━┓
┃ #  ┃ Name        ┃ Start               ┃ Finish              ┃ Status ┃ Duration ┃
┡━━━━╇━━━━━━━━━━━━━╇━━━━━━━━━━━━━━━━━━━━━╇━━━━━━━━━━━━━━━━━━━━━╇━━━━━━━━╇━━━━━━━━━━┩
│ 1  │ Book 2 4-1  │ 2025-03-03 21:13:55 │ 2025-03-03 21:15:37 │ ✔      │ 1m42s    │
│ 2  │ Book 2 4-2  │ 2025-03-03 21:15:37 │ 2025-03-03 21:16:47 │ ✔      │ 1m10s    │
│ 3  │ Book 2 4-3  │ 2025-03-03 21:16:47 │ 2025-03-03 21:17:32 │ ✔      │ 0m44s    │
│ 4  │ Book 2 4-4  │ 2025-03-03 21:17:32 │ 2025-03-03 21:18:07 │ ✔      │ 0m34s    │
│ 5  │ Book 2 4-5  │ 2025-03-03 21:18:07 │ 2025-03-03 21:18:26 │ ✔      │ 0m19s    │
│ 6  │ Book 2 4-6  │ 2025-03-03 21:18:26 │ 2025-03-03 21:19:59 │ ✔      │ 1m32s    │
│ 7  │ Book 2 4-7  │ 2025-03-03 21:19:59 │ 2025-03-03 21:21:25 │ ✔      │ 1m26s    │
│ 8  │ Book 2 4-8  │ 2025-03-03 21:21:25 │ 2025-03-03 21:24:53 │ ✔      │ 3m27s    │
│ 9  │ Book 2 4-9  │ 2025-03-03 21:24:53 │ 2025-03-03 21:27:14 │ ✔      │ 2m20s    │
│ 10 │ Book 2 4-10 │ 2025-03-03 21:27:14 │ 2025-03-03 21:28:56 │ ✔      │ 1m42s    │
│ 11 │ Book 2 4-11 │ 2025-03-03 21:28:56 │ 2025-03-03 21:30:20 │ ✔      │ 1m23s    │
│ 12 │ Book 2 4-12 │ 2025-03-03 21:30:20 │ 2025-03-03 21:36:43 │ ✔      │ 6m23s    │
└────┴─────────────┴─────────────────────┴─────────────────────┴────────┴──────────┘
Songs                                                                                                                               
┏━━━┳━━━━━━━━━━━━━━━━━━━━━━━━━━━━━━━━━━━━━━━━━━━━━━━━━━━━━━━━━━━━━━┳━━━━━━━━━━━━━━━━━━━━━┳━━━━━━━━━━━━━━━━━━━━━┳━━━━━━━━┳━━━━━━━━━━┓
┃ # ┃ Name                                                         ┃ Start               ┃ Finish              ┃ Status ┃ Duration ┃
┡━━━╇━━━━━━━━━━━━━━━━━━━━━━━━━━━━━━━━━━━━━━━━━━━━━━━━━━━━━━━━━━━━━━╇━━━━━━━━━━━━━━━━━━━━━╇━━━━━━━━━━━━━━━━━━━━━╇━━━━━━━━╇━━━━━━━━━━┩
│ 1 │ Joy of Piano - Clair De Lune, Debussy (p20)                  │ 2025-03-03 21:36:51 │ 2025-03-03 21:46:16 │ ✔      │ 9m25s    │
│ 2 │ Easy Piano Classics - Sonatina (Op 36, No 1), Clementi (p60) │ 2025-03-03 21:46:16 │ 2025-03-03 22:17:45 │ ✔      │ 31m28s   │
└───┴──────────────────────────────────────────────────────────────┴─────────────────────┴─────────────────────┴────────┴──────────┘
