Session 2025-02-02 21:33
Warm Ups                                                                       
┏━━━┳━━━━━━━━━┳━━━━━━━━━━━━━━━━━━━━━┳━━━━━━━━━━━━━━━━━━━━━┳━━━━━━━━┳━━━━━━━━━━┓
┃ # ┃ Name    ┃ Start               ┃ Finish              ┃ Status ┃ Duration ┃
┡━━━╇━━━━━━━━━╇━━━━━━━━━━━━━━━━━━━━━╇━━━━━━━━━━━━━━━━━━━━━╇━━━━━━━━╇━━━━━━━━━━┩
│ 1 │ Stretch │ 2025-02-02 21:34:13 │ 2025-02-02 21:34:44 │ ✔      │ 0m30s    │
│ 2 │ Rock    │ 2025-02-02 21:34:44 │ 2025-02-02 21:35:07 │ ✔      │ 0m23s    │
└───┴─────────┴─────────────────────┴─────────────────────┴────────┴──────────┘
Scales and Chords                                                                                                        
┏━━━┳━━━━━━━━━━━━━━━━━━━━━━━━━━━━━━━━━━━━━━━━━━━━━━━━━━━┳━━━━━━━━━━━━━━━━━━━━━┳━━━━━━━━━━━━━━━━━━━━━┳━━━━━━━━┳━━━━━━━━━━┓
┃ # ┃ Name                                              ┃ Start               ┃ Finish              ┃ Status ┃ Duration ┃
┡━━━╇━━━━━━━━━━━━━━━━━━━━━━━━━━━━━━━━━━━━━━━━━━━━━━━━━━━╇━━━━━━━━━━━━━━━━━━━━━╇━━━━━━━━━━━━━━━━━━━━━╇━━━━━━━━╇━━━━━━━━━━┩
│ 1 │ Expanded Scale (C, G)                             │ 2025-02-02 21:35:09 │ 2025-02-02 21:36:38 │ ✔      │ 1m29s    │
│ 2 │ Four Octave Scale (C, G, D, A, F, Bb, Am, Dm, Em) │ 2025-02-02 21:36:38 │ 2025-02-02 21:41:31 │ ✔      │ 4m52s    │
│ 3 │ Arpeggio (C, G, D, A, F, Bb, Am, Dm, Em)          │ 2025-02-02 21:41:31 │ 2025-02-02 21:44:52 │ ✔      │ 3m20s    │
│ 4 │ Chromatic Scale (D, Ab)                           │ 2025-02-02 21:44:52 │ 2025-02-02 21:45:52 │ ✔      │ 1m0s     │
│ 5 │ Triads (C, G, D, A, F, Bb, Am, Dm, Em)            │ 2025-02-02 21:45:52 │ 2025-02-02 21:47:46 │ ✔      │ 1m54s    │
│ 6 │ Broken Chords (C, G, D, A, F, Bb, Am, Dm, Em)     │ 2025-02-02 21:47:46 │ 2025-02-02 21:52:18 │ ✔      │ 4m31s    │
│ 7 │ Broken Triads (C, G, D, A, F, Bb, Am, Dm, Em)     │ 2025-02-02 21:52:18 │ 2025-02-02 21:54:34 │ ✔      │ 2m16s    │
└───┴───────────────────────────────────────────────────┴─────────────────────┴─────────────────────┴────────┴──────────┘
Daily Dozen                                                                       
┏━━━┳━━━━━━━━━━━━┳━━━━━━━━━━━━━━━━━━━━━┳━━━━━━━━━━━━━━━━━━━━━┳━━━━━━━━┳━━━━━━━━━━┓
┃ # ┃ Name       ┃ Start               ┃ Finish              ┃ Status ┃ Duration ┃
┡━━━╇━━━━━━━━━━━━╇━━━━━━━━━━━━━━━━━━━━━╇━━━━━━━━━━━━━━━━━━━━━╇━━━━━━━━╇━━━━━━━━━━┩
│ 1 │ Book 3 3-1 │ 2025-02-02 21:56:56 │ 2025-02-02 21:57:33 │ ✔      │ 0m37s    │
│ 2 │ Book 3 3-2 │ 2025-02-02 21:57:33 │ 2025-02-02 21:58:25 │ ✔      │ 0m52s    │
│ 3 │ Book 3 3-3 │ 2025-02-02 21:58:25 │ 2025-02-02 21:58:48 │ ✔      │ 0m22s    │
│ 4 │ Book 3 3-4 │ 2025-02-02 21:58:48 │ 2025-02-02 22:00:04 │ ✔      │ 1m15s    │
│ 5 │ Book 3 3-5 │ 2025-02-02 22:00:04 │ 2025-02-02 22:00:56 │ ✔      │ 0m51s    │
│ 6 │ Book 3 3-6 │ 2025-02-02 22:00:56 │ 2025-02-02 22:02:05 │ ✔      │ 1m9s     │
│ 7 │ Book 3 3-7 │ 2025-02-02 22:02:05 │ 2025-02-02 22:03:30 │ ✔      │ 1m25s    │
│ 8 │ Book 3 3-8 │ 2025-02-02 22:03:30 │ 2025-02-02 22:04:40 │ ✔      │ 1m9s     │
│ 9 │ Book 3 3-9 │ 2025-02-02 22:04:40 │ 2025-02-02 22:08:18 │ ✔      │ 3m38s    │
└───┴────────────┴─────────────────────┴─────────────────────┴────────┴──────────┘
Songs                                                                                                                               
┏━━━┳━━━━━━━━━━━━━━━━━━━━━━━━━━━━━━━━━━━━━━━━━━━━━━━━━━━━━━━━━━━━━━┳━━━━━━━━━━━━━━━━━━━━━┳━━━━━━━━━━━━━━━━━━━━━┳━━━━━━━━┳━━━━━━━━━━┓
┃ # ┃ Name                                                         ┃ Start               ┃ Finish              ┃ Status ┃ Duration ┃
┡━━━╇━━━━━━━━━━━━━━━━━━━━━━━━━━━━━━━━━━━━━━━━━━━━━━━━━━━━━━━━━━━━━━╇━━━━━━━━━━━━━━━━━━━━━╇━━━━━━━━━━━━━━━━━━━━━╇━━━━━━━━╇━━━━━━━━━━┩
│ 1 │ Joy of Piano - Clair De Lune, Debussy (p20)                  │ 2025-02-02 22:11:19 │ 2025-02-02 22:23:44 │ ✔      │ 12m24s   │
│ 2 │ Easy Piano Classics - Sonatina (Op 36, No 1), Clementi (p60) │ 2025-02-02 22:23:44 │ 2025-02-02 22:42:46 │ ✔      │ 19m2s    │
└───┴──────────────────────────────────────────────────────────────┴─────────────────────┴─────────────────────┴────────┴──────────┘
