Session 2025-02-19 21:14
Daily Dozen                                                                        
┏━━━┳━━━━━━━━━━━━━┳━━━━━━━━━━━━━━━━━━━━━┳━━━━━━━━━━━━━━━━━━━━━┳━━━━━━━━┳━━━━━━━━━━┓
┃ # ┃ Name        ┃ Start               ┃ Finish              ┃ Status ┃ Duration ┃
┡━━━╇━━━━━━━━━━━━━╇━━━━━━━━━━━━━━━━━━━━━╇━━━━━━━━━━━━━━━━━━━━━╇━━━━━━━━╇━━━━━━━━━━┩
│ 1 │ Book 2 3-10 │ 2025-02-19 21:14:23 │ 2025-02-19 21:16:40 │ ✔      │ 2m16s    │
│ 2 │ Book 2 4-1  │ 2025-02-19 21:16:40 │ 2025-02-19 21:18:37 │ ✔      │ 1m56s    │
│ 3 │ Book 2 4-2  │ 2025-02-19 21:18:37 │ 2025-02-19 21:20:28 │ ✔      │ 1m51s    │
│ 4 │ Book 2 4-3  │ 2025-02-19 21:20:28 │ 2025-02-19 21:21:25 │ ✔      │ 0m57s    │
│ 5 │ Book 2 4-4  │ 2025-02-19 21:21:25 │ 2025-02-19 21:21:58 │ ✔      │ 0m32s    │
│ 6 │ Book 2 4-5  │ 2025-02-19 21:21:58 │ 2025-02-19 21:23:06 │ ✔      │ 1m8s     │
│ 7 │ Book 2 4-6  │ 2025-02-19 21:23:06 │ 2025-02-19 21:26:34 │ ✔      │ 3m27s    │
└───┴─────────────┴─────────────────────┴─────────────────────┴────────┴──────────┘
Songs                                                                                                                               
┏━━━┳━━━━━━━━━━━━━━━━━━━━━━━━━━━━━━━━━━━━━━━━━━━━━━━━━━━━━━━━━━━━━━┳━━━━━━━━━━━━━━━━━━━━━┳━━━━━━━━━━━━━━━━━━━━━┳━━━━━━━━┳━━━━━━━━━━┓
┃ # ┃ Name                                                         ┃ Start               ┃ Finish              ┃ Status ┃ Duration ┃
┡━━━╇━━━━━━━━━━━━━━━━━━━━━━━━━━━━━━━━━━━━━━━━━━━━━━━━━━━━━━━━━━━━━━╇━━━━━━━━━━━━━━━━━━━━━╇━━━━━━━━━━━━━━━━━━━━━╇━━━━━━━━╇━━━━━━━━━━┩
│ 1 │ Joy of Piano - Clair De Lune, Debussy (p20)                  │ 2025-02-19 21:26:35 │ 2025-02-19 21:34:46 │ ✔      │ 8m10s    │
│ 2 │ Easy Piano Classics - Sonatina (Op 36, No 1), Clementi (p60) │ 2025-02-19 21:34:46 │ 2025-02-19 22:03:35 │ ✔      │ 28m49s   │
└───┴──────────────────────────────────────────────────────────────┴─────────────────────┴─────────────────────┴────────┴──────────┘
