Session 2025-01-05 17:36
Warm Ups                                                                       
┏━━━┳━━━━━━━━━┳━━━━━━━━━━━━━━━━━━━━━┳━━━━━━━━━━━━━━━━━━━━━┳━━━━━━━━┳━━━━━━━━━━┓
┃ # ┃ Name    ┃ Start               ┃ Finish              ┃ Status ┃ Duration ┃
┡━━━╇━━━━━━━━━╇━━━━━━━━━━━━━━━━━━━━━╇━━━━━━━━━━━━━━━━━━━━━╇━━━━━━━━╇━━━━━━━━━━┩
│ 1 │ Stretch │ 2025-01-05 17:37:12 │ 2025-01-05 17:37:38 │ ✔      │ 0m26s    │
│ 2 │ Rock    │ 2025-01-05 17:37:38 │ 2025-01-05 17:38:34 │ ✔      │ 0m56s    │
└───┴─────────┴─────────────────────┴─────────────────────┴────────┴──────────┘
Scales and Chords                                                                                                    
┏━━━┳━━━━━━━━━━━━━━━━━━━━━━━━━━━━━━━━━━━━━━━━━━━━━━━┳━━━━━━━━━━━━━━━━━━━━━┳━━━━━━━━━━━━━━━━━━━━━┳━━━━━━━━┳━━━━━━━━━━┓
┃ # ┃ Name                                          ┃ Start               ┃ Finish              ┃ Status ┃ Duration ┃
┡━━━╇━━━━━━━━━━━━━━━━━━━━━━━━━━━━━━━━━━━━━━━━━━━━━━━╇━━━━━━━━━━━━━━━━━━━━━╇━━━━━━━━━━━━━━━━━━━━━╇━━━━━━━━╇━━━━━━━━━━┩
│ 1 │ Expanded Scale (C, G)                         │ 2025-01-05 17:38:41 │ 2025-01-05 17:39:28 │ ✔      │ 0m47s    │
│ 2 │ Four Octave Scale (C, G, D, A, F, Am, Dm, Em) │ 2025-01-05 17:39:28 │ 2025-01-05 17:44:03 │ ✔      │ 4m35s    │
│ 3 │ Arpeggio (C, G, D, A, F, Am, Dm, Em)          │ 2025-01-05 17:44:03 │ 2025-01-05 17:46:11 │ ✔      │ 2m8s     │
│ 4 │ Chromatic Scale (D, Ab)                       │ 2025-01-05 17:46:11 │ 2025-01-05 17:47:09 │ ✔      │ 0m57s    │
│ 5 │ Triads (C, G, D, A, F, Am, Dm, Em)            │ 2025-01-05 17:47:09 │ 2025-01-05 17:48:51 │ ✔      │ 1m42s    │
│ 6 │ Broken Chords (C, G, D, A, F, Am, Dm, Em)     │ 2025-01-05 17:48:51 │ 2025-01-05 17:53:03 │ ✔      │ 4m11s    │
│ 7 │ Broken Triads (C, G, D, A, F, Am, Dm, Em)     │ 2025-01-05 17:53:03 │ 2025-01-05 17:55:20 │ ✔      │ 2m17s    │
└───┴───────────────────────────────────────────────┴─────────────────────┴─────────────────────┴────────┴──────────┘
Daily Dozen                                                                        
┏━━━┳━━━━━━━━━━━━━┳━━━━━━━━━━━━━━━━━━━━━┳━━━━━━━━━━━━━━━━━━━━━┳━━━━━━━━┳━━━━━━━━━━┓
┃ # ┃ Name        ┃ Start               ┃ Finish              ┃ Status ┃ Duration ┃
┡━━━╇━━━━━━━━━━━━━╇━━━━━━━━━━━━━━━━━━━━━╇━━━━━━━━━━━━━━━━━━━━━╇━━━━━━━━╇━━━━━━━━━━┩
│ 1 │ Book 3 2-12 │ 2025-01-05 17:56:41 │ 2025-01-05 17:59:36 │ ✔      │ 2m54s    │
│ 2 │ Book 3 3-1  │ 2025-01-05 17:59:36 │ 2025-01-05 18:00:43 │ ✔      │ 1m6s     │
│ 3 │ Book 3 3-2  │ 2025-01-05 18:00:43 │ 2025-01-05 18:01:49 │ ✔      │ 1m6s     │
│ 4 │ Book 3 3-3  │ 2025-01-05 18:01:49 │ 2025-01-05 18:02:20 │ ✔      │ 0m30s    │
│ 5 │ Book 3 3-4  │ 2025-01-05 18:02:20 │ 2025-01-05 18:04:54 │ ✔      │ 2m34s    │
└───┴─────────────┴─────────────────────┴─────────────────────┴────────┴──────────┘
Songs                                                                                                                               
┏━━━┳━━━━━━━━━━━━━━━━━━━━━━━━━━━━━━━━━━━━━━━━━━━━━━━━━━━━━━━━━━━━━━┳━━━━━━━━━━━━━━━━━━━━━┳━━━━━━━━━━━━━━━━━━━━━┳━━━━━━━━┳━━━━━━━━━━┓
┃ # ┃ Name                                                         ┃ Start               ┃ Finish              ┃ Status ┃ Duration ┃
┡━━━╇━━━━━━━━━━━━━━━━━━━━━━━━━━━━━━━━━━━━━━━━━━━━━━━━━━━━━━━━━━━━━━╇━━━━━━━━━━━━━━━━━━━━━╇━━━━━━━━━━━━━━━━━━━━━╇━━━━━━━━╇━━━━━━━━━━┩
│ 1 │ Joy of Piano - Clair De Lune, Debussy (p20)                  │ 2025-01-05 18:29:00 │ 2025-01-05 18:39:25 │ ✔      │ 10m25s   │
│ 2 │ Easy Piano Classics - Sonatina (Op 36, No 1), Clementi (p60) │ 2025-01-05 18:05:08 │ 2025-01-05 18:29:00 │ ✔      │ 23m51s   │
└───┴──────────────────────────────────────────────────────────────┴─────────────────────┴─────────────────────┴────────┴──────────┘
Repetoire Review                                                                                               
┏━━━┳━━━━━━━━━━━━━━━━━━━━━━━━━━━━━━━━━━━━━━━━━┳━━━━━━━━━━━━━━━━━━━━━┳━━━━━━━━━━━━━━━━━━━━━┳━━━━━━━━┳━━━━━━━━━━┓
┃ # ┃ Name                                    ┃ Start               ┃ Finish              ┃ Status ┃ Duration ┃
┡━━━╇━━━━━━━━━━━━━━━━━━━━━━━━━━━━━━━━━━━━━━━━━╇━━━━━━━━━━━━━━━━━━━━━╇━━━━━━━━━━━━━━━━━━━━━╇━━━━━━━━╇━━━━━━━━━━┩
│ 1 │ Jazzin Americana - Super Stomp Rag (p2) │ 2025-01-05 18:39:40 │ 2025-01-05 18:42:26 │ ✔      │ 2m45s    │
└───┴─────────────────────────────────────────┴─────────────────────┴─────────────────────┴────────┴──────────┘
