Session 2025-02-04 20:56
Scales and Chords                                                                                                            
┏━━━┳━━━━━━━━━━━━━━━━━━━━━━━━━━━━━━━━━━━━━━━━━━━━━━━━━━━━━━━┳━━━━━━━━━━━━━━━━━━━━━┳━━━━━━━━━━━━━━━━━━━━━┳━━━━━━━━┳━━━━━━━━━━┓
┃ # ┃ Name                                                  ┃ Start               ┃ Finish              ┃ Status ┃ Duration ┃
┡━━━╇━━━━━━━━━━━━━━━━━━━━━━━━━━━━━━━━━━━━━━━━━━━━━━━━━━━━━━━╇━━━━━━━━━━━━━━━━━━━━━╇━━━━━━━━━━━━━━━━━━━━━╇━━━━━━━━╇━━━━━━━━━━┩
│ 1 │ Expanded Scale (C, G)                                 │ 2025-02-04 20:57:03 │ 2025-02-04 20:57:50 │ ✔      │ 0m46s    │
│ 2 │ Four Octave Scale (C, G, D, A, F, Bb, Am, Dm, Em, Gm) │ 2025-02-04 20:57:50 │ 2025-02-04 21:12:42 │ ✔      │ 14m51s   │
│ 3 │ Arpeggio (C, G, D, A, F, Bb, Am, Dm, Em, Gm)          │ 2025-02-04 21:12:42 │ 2025-02-04 21:17:30 │ ✔      │ 4m47s    │
│ 4 │ Chromatic Scale (D, Ab)                               │ 2025-02-04 21:17:30 │ 2025-02-04 21:18:04 │ ✔      │ 0m34s    │
│ 5 │ Triads (C, G, D, A, F, Bb, Am, Dm, Em, Gm)            │ 2025-02-04 21:18:04 │ 2025-02-04 21:20:02 │ ✔      │ 1m57s    │
│ 6 │ Broken Chords (C, G, D, A, F, Bb, Am, Dm, Em, Gm)     │ 2025-02-04 21:20:02 │ 2025-02-04 21:26:05 │ ✔      │ 6m3s     │
│ 7 │ Broken Triads (C, G, D, A, F, Bb, Am, Dm, Em, Gm)     │ 2025-02-04 21:26:05 │ 2025-02-04 21:29:47 │ ✔      │ 3m41s    │
└───┴───────────────────────────────────────────────────────┴─────────────────────┴─────────────────────┴────────┴──────────┘
Daily Dozen                                                                       
┏━━━┳━━━━━━━━━━━━┳━━━━━━━━━━━━━━━━━━━━━┳━━━━━━━━━━━━━━━━━━━━━┳━━━━━━━━┳━━━━━━━━━━┓
┃ # ┃ Name       ┃ Start               ┃ Finish              ┃ Status ┃ Duration ┃
┡━━━╇━━━━━━━━━━━━╇━━━━━━━━━━━━━━━━━━━━━╇━━━━━━━━━━━━━━━━━━━━━╇━━━━━━━━╇━━━━━━━━━━┩
│ 1 │ Book 3 3-1 │ 2025-02-04 21:30:04 │ 2025-02-04 21:32:11 │ ✔      │ 2m7s     │
│ 2 │ Book 3 3-2 │ 2025-02-04 21:32:11 │ 2025-02-04 21:32:55 │ ✔      │ 0m44s    │
│ 3 │ Book 3 3-3 │ 2025-02-04 21:32:55 │ 2025-02-04 21:33:25 │ ✔      │ 0m29s    │
│ 4 │ Book 3 3-4 │ 2025-02-04 21:33:25 │ 2025-02-04 21:34:28 │ ✔      │ 1m2s     │
│ 5 │ Book 3 3-5 │ 2025-02-04 21:34:28 │ 2025-02-04 21:35:17 │ ✔      │ 0m49s    │
│ 6 │ Book 3 3-6 │ 2025-02-04 21:35:17 │ 2025-02-04 21:36:18 │ ✔      │ 1m0s     │
│ 7 │ Book 3 3-7 │ 2025-02-04 21:36:18 │ 2025-02-04 21:38:11 │ ✔      │ 1m53s    │
│ 8 │ Book 3 3-8 │ 2025-02-04 21:38:11 │ 2025-02-04 21:39:13 │ ✔      │ 1m1s     │
│ 9 │ Book 3 3-9 │ 2025-02-04 21:39:13 │ 2025-02-04 21:40:52 │ ✔      │ 1m38s    │
└───┴────────────┴─────────────────────┴─────────────────────┴────────┴──────────┘
