Session 2025-03-07 08:20
Warm Ups                                                                       
┏━━━┳━━━━━━━━━┳━━━━━━━━━━━━━━━━━━━━━┳━━━━━━━━━━━━━━━━━━━━━┳━━━━━━━━┳━━━━━━━━━━┓
┃ # ┃ Name    ┃ Start               ┃ Finish              ┃ Status ┃ Duration ┃
┡━━━╇━━━━━━━━━╇━━━━━━━━━━━━━━━━━━━━━╇━━━━━━━━━━━━━━━━━━━━━╇━━━━━━━━╇━━━━━━━━━━┩
│ 1 │ Stretch │ 2025-03-07 08:21:20 │ 2025-03-07 08:21:41 │ ✔      │ 0m21s    │
│ 2 │ Rock    │ 2025-03-07 08:21:41 │ 2025-03-07 08:22:16 │ ✔      │ 0m35s    │
└───┴─────────┴─────────────────────┴─────────────────────┴────────┴──────────┘
Scales and Chords                                                                                                               
┏━━━┳━━━━━━━━━━━━━━━━━━━━━━━━━━━━━━━━━━━━━━━━━━━━━━━━━━━━━━━━━━┳━━━━━━━━━━━━━━━━━━━━━┳━━━━━━━━━━━━━━━━━━━━━┳━━━━━━━━┳━━━━━━━━━━┓
┃ # ┃ Name                                                     ┃ Start               ┃ Finish              ┃ Status ┃ Duration ┃
┡━━━╇━━━━━━━━━━━━━━━━━━━━━━━━━━━━━━━━━━━━━━━━━━━━━━━━━━━━━━━━━━╇━━━━━━━━━━━━━━━━━━━━━╇━━━━━━━━━━━━━━━━━━━━━╇━━━━━━━━╇━━━━━━━━━━┩
│ 1 │ Expanded Scale (C, G, Am, Dm)                            │ 2025-03-07 08:22:18 │ 2025-03-07 08:25:33 │ ✔      │ 3m15s    │
│ 2 │ Four Octave Scale (C, G, D, A, F, Bb, E, Am, Dm, Em, Gm) │ 2025-03-07 08:25:33 │ 2025-03-07 08:32:09 │ ✔      │ 6m35s    │
│ 3 │ Arpeggio (C, G, D, A, F, Bb, E, Am, Dm, Em, Gm)          │ 2025-03-07 08:32:09 │ 2025-03-07 08:34:39 │ ✔      │ 2m30s    │
│ 4 │ Chromatic Scale (D, Ab)                                  │ 2025-03-07 08:34:39 │ 2025-03-07 08:36:52 │ ✔      │ 2m12s    │
│ 5 │ Triads (C, G, D, A, F, Bb, E, Am, Dm, Em, Gm)            │ 2025-03-07 08:36:52 │ 2025-03-07 08:37:22 │ ✔      │ 0m30s    │
│ 6 │ Broken Chords (C, G, D, A, F, Bb, E, Am, Dm, Em, Gm)     │ 2025-03-07 08:37:22 │ 2025-03-07 08:46:37 │ ✔      │ 9m15s    │
│ 7 │ Broken Triads (C, G, D, A, F, Bb, E, Am, Dm, Em, Gm)     │ 2025-03-07 08:46:37 │ 2025-03-07 08:48:23 │ ✔      │ 1m45s    │
│ 8 │ Running (C, G, D, A, F, Bb, E)                           │ 2025-03-07 08:48:23 │ 2025-03-07 08:52:28 │ ✔      │ 4m5s     │
└───┴──────────────────────────────────────────────────────────┴─────────────────────┴─────────────────────┴────────┴──────────┘
Daily Dozen                                                                       
┏━━━┳━━━━━━━━━━━━┳━━━━━━━━━━━━━━━━━━━━━┳━━━━━━━━━━━━━━━━━━━━━┳━━━━━━━━┳━━━━━━━━━━┓
┃ # ┃ Name       ┃ Start               ┃ Finish              ┃ Status ┃ Duration ┃
┡━━━╇━━━━━━━━━━━━╇━━━━━━━━━━━━━━━━━━━━━╇━━━━━━━━━━━━━━━━━━━━━╇━━━━━━━━╇━━━━━━━━━━┩
│ 1 │ Book 2 4-1 │ 2025-03-07 08:54:15 │ 2025-03-07 08:54:42 │ ✔      │ 0m27s    │
│ 2 │ Book 2 4-2 │ 2025-03-07 08:54:42 │ 2025-03-07 08:55:38 │ ✔      │ 0m55s    │
│ 3 │ Book 2 4-3 │ 2025-03-07 08:55:38 │ 2025-03-07 08:56:33 │ ✔      │ 0m55s    │
│ 4 │ Book 2 4-4 │ 2025-03-07 08:56:33 │ 2025-03-07 08:56:57 │ ✔      │ 0m23s    │
│ 5 │ Book 2 4-5 │ 2025-03-07 08:56:57 │ 2025-03-07 08:57:26 │ ✔      │ 0m29s    │
│ 6 │ Book 2 4-6 │ 2025-03-07 08:57:26 │ 2025-03-07 08:58:57 │ ✔      │ 1m31s    │
│ 7 │ Book 2 4-7 │ 2025-03-07 08:58:57 │ 2025-03-07 08:59:53 │ ✔      │ 0m56s    │
└───┴────────────┴─────────────────────┴─────────────────────┴────────┴──────────┘
