Session 2025-01-20 11:03
Warm Ups                                                                       
┏━━━┳━━━━━━━━━┳━━━━━━━━━━━━━━━━━━━━━┳━━━━━━━━━━━━━━━━━━━━━┳━━━━━━━━┳━━━━━━━━━━┓
┃ # ┃ Name    ┃ Start               ┃ Finish              ┃ Status ┃ Duration ┃
┡━━━╇━━━━━━━━━╇━━━━━━━━━━━━━━━━━━━━━╇━━━━━━━━━━━━━━━━━━━━━╇━━━━━━━━╇━━━━━━━━━━┩
│ 1 │ Stretch │ 2025-01-20 11:03:54 │ 2025-01-20 11:04:41 │ ✔      │ 0m46s    │
│ 2 │ Rock    │ 2025-01-20 11:04:41 │ 2025-01-20 11:05:05 │ ✔      │ 0m24s    │
└───┴─────────┴─────────────────────┴─────────────────────┴────────┴──────────┘
Scales and Chords                                                                                                        
┏━━━┳━━━━━━━━━━━━━━━━━━━━━━━━━━━━━━━━━━━━━━━━━━━━━━━━━━━┳━━━━━━━━━━━━━━━━━━━━━┳━━━━━━━━━━━━━━━━━━━━━┳━━━━━━━━┳━━━━━━━━━━┓
┃ # ┃ Name                                              ┃ Start               ┃ Finish              ┃ Status ┃ Duration ┃
┡━━━╇━━━━━━━━━━━━━━━━━━━━━━━━━━━━━━━━━━━━━━━━━━━━━━━━━━━╇━━━━━━━━━━━━━━━━━━━━━╇━━━━━━━━━━━━━━━━━━━━━╇━━━━━━━━╇━━━━━━━━━━┩
│ 1 │ Expanded Scale (C, G)                             │ 2025-01-20 11:06:17 │ 2025-01-20 11:10:04 │ ✔      │ 3m47s    │
│ 2 │ Four Octave Scale (C, G, D, A, F, Bb, Am, Dm, Em) │ 2025-01-20 11:10:04 │ 2025-01-20 11:14:33 │ ✔      │ 4m28s    │
│ 3 │ Arpeggio (C, G, D, A, F, Bb, Am, Dm, Em)          │ 2025-01-20 11:14:33 │ 2025-01-20 11:18:41 │ ✔      │ 4m8s     │
│ 4 │ Chromatic Scale (D, Ab)                           │ 2025-01-20 11:18:41 │ 2025-01-20 11:19:13 │ ✔      │ 0m31s    │
│ 5 │ Triads (C, G, D, A, F, Bb, Am, Dm, Em)            │ 2025-01-20 11:19:13 │ 2025-01-20 11:21:37 │ ✔      │ 2m24s    │
│ 6 │ Broken Chords (C, G, D, A, F, Bb, Am, Dm, Em)     │ 2025-01-20 11:21:37 │ 2025-01-20 11:28:11 │ ✔      │ 6m33s    │
│ 7 │ Broken Triads (C, G, D, A, F, Bb, Am, Dm, Em)     │ 2025-01-20 11:28:11 │ 2025-01-20 11:32:36 │ ✔      │ 4m24s    │
└───┴───────────────────────────────────────────────────┴─────────────────────┴─────────────────────┴────────┴──────────┘
Daily Dozen                                                                       
┏━━━┳━━━━━━━━━━━━┳━━━━━━━━━━━━━━━━━━━━━┳━━━━━━━━━━━━━━━━━━━━━┳━━━━━━━━┳━━━━━━━━━━┓
┃ # ┃ Name       ┃ Start               ┃ Finish              ┃ Status ┃ Duration ┃
┡━━━╇━━━━━━━━━━━━╇━━━━━━━━━━━━━━━━━━━━━╇━━━━━━━━━━━━━━━━━━━━━╇━━━━━━━━╇━━━━━━━━━━┩
│ 1 │ Book 3 3-1 │ 2025-01-20 11:32:41 │ 2025-01-20 11:33:58 │ ✔      │ 1m16s    │
│ 2 │ Book 3 3-2 │ 2025-01-20 11:33:58 │ 2025-01-20 11:34:30 │ ✔      │ 0m31s    │
│ 3 │ Book 3 3-3 │ 2025-01-20 11:34:30 │ 2025-01-20 11:34:53 │ ✔      │ 0m23s    │
│ 4 │ Book 3 3-4 │ 2025-01-20 11:34:53 │ 2025-01-20 11:35:54 │ ✔      │ 1m1s     │
│ 5 │ Book 3 3-5 │ 2025-01-20 11:35:54 │ 2025-01-20 11:37:05 │ ✔      │ 1m10s    │
│ 6 │ Book 3 3-6 │ 2025-01-20 11:37:05 │ 2025-01-20 11:38:01 │ ✔      │ 0m55s    │
└───┴────────────┴─────────────────────┴─────────────────────┴────────┴──────────┘
Songs                                                                                                                               
┏━━━┳━━━━━━━━━━━━━━━━━━━━━━━━━━━━━━━━━━━━━━━━━━━━━━━━━━━━━━━━━━━━━━┳━━━━━━━━━━━━━━━━━━━━━┳━━━━━━━━━━━━━━━━━━━━━┳━━━━━━━━┳━━━━━━━━━━┓
┃ # ┃ Name                                                         ┃ Start               ┃ Finish              ┃ Status ┃ Duration ┃
┡━━━╇━━━━━━━━━━━━━━━━━━━━━━━━━━━━━━━━━━━━━━━━━━━━━━━━━━━━━━━━━━━━━━╇━━━━━━━━━━━━━━━━━━━━━╇━━━━━━━━━━━━━━━━━━━━━╇━━━━━━━━╇━━━━━━━━━━┩
│ 1 │ Easy Piano Classics - Sonatina (Op 36, No 1), Clementi (p60) │ 2025-01-20 11:39:39 │ 2025-01-20 11:46:50 │ ✔      │ 7m10s    │
└───┴──────────────────────────────────────────────────────────────┴─────────────────────┴─────────────────────┴────────┴──────────┘
