Session 2025-01-16 21:19
Warm Ups                                                                       
┏━━━┳━━━━━━━━━┳━━━━━━━━━━━━━━━━━━━━━┳━━━━━━━━━━━━━━━━━━━━━┳━━━━━━━━┳━━━━━━━━━━┓
┃ # ┃ Name    ┃ Start               ┃ Finish              ┃ Status ┃ Duration ┃
┡━━━╇━━━━━━━━━╇━━━━━━━━━━━━━━━━━━━━━╇━━━━━━━━━━━━━━━━━━━━━╇━━━━━━━━╇━━━━━━━━━━┩
│ 1 │ Stretch │ 2025-01-16 21:19:30 │ 2025-01-16 21:20:16 │ ✔      │ 0m46s    │
│ 2 │ Rock    │ 2025-01-16 21:20:16 │ 2025-01-16 21:20:48 │ ✔      │ 0m31s    │
└───┴─────────┴─────────────────────┴─────────────────────┴────────┴──────────┘
Scales and Chords                                                                                                        
┏━━━┳━━━━━━━━━━━━━━━━━━━━━━━━━━━━━━━━━━━━━━━━━━━━━━━━━━━┳━━━━━━━━━━━━━━━━━━━━━┳━━━━━━━━━━━━━━━━━━━━━┳━━━━━━━━┳━━━━━━━━━━┓
┃ # ┃ Name                                              ┃ Start               ┃ Finish              ┃ Status ┃ Duration ┃
┡━━━╇━━━━━━━━━━━━━━━━━━━━━━━━━━━━━━━━━━━━━━━━━━━━━━━━━━━╇━━━━━━━━━━━━━━━━━━━━━╇━━━━━━━━━━━━━━━━━━━━━╇━━━━━━━━╇━━━━━━━━━━┩
│ 1 │ Expanded Scale (C, G)                             │ 2025-01-16 21:20:51 │ 2025-01-16 21:22:54 │ ✔      │ 2m2s     │
│ 2 │ Four Octave Scale (C, G, D, A, F, Bb, Am, Dm, Em) │ 2025-01-16 21:22:54 │ 2025-01-16 21:35:52 │ ✔      │ 12m58s   │
│ 3 │ Arpeggio (C, G, D, A, F, Bb, Am, Dm, Em)          │ 2025-01-16 21:35:52 │ 2025-01-16 21:44:31 │ ✔      │ 8m38s    │
│ 4 │ Chromatic Scale (D, Ab)                           │ 2025-01-16 21:44:31 │ 2025-01-16 21:44:55 │ ✔      │ 0m24s    │
│ 5 │ Triads (C, G, D, A, F, Bb, Am, Dm, Em)            │ 2025-01-16 21:44:55 │ 2025-01-16 21:48:37 │ ✔      │ 3m42s    │
│ 6 │ Broken Chords (C, G, D, A, F, Bb, Am, Dm, Em)     │ 2025-01-16 21:48:37 │ 2025-01-16 21:55:00 │ ✔      │ 6m22s    │
│ 7 │ Broken Triads (C, G, D, A, F, Bb, Am, Dm, Em)     │ 2025-01-16 21:55:00 │ 2025-01-16 21:57:26 │ ✔      │ 2m25s    │
└───┴───────────────────────────────────────────────────┴─────────────────────┴─────────────────────┴────────┴──────────┘
Daily Dozen                                                                       
┏━━━┳━━━━━━━━━━━━┳━━━━━━━━━━━━━━━━━━━━━┳━━━━━━━━━━━━━━━━━━━━━┳━━━━━━━━┳━━━━━━━━━━┓
┃ # ┃ Name       ┃ Start               ┃ Finish              ┃ Status ┃ Duration ┃
┡━━━╇━━━━━━━━━━━━╇━━━━━━━━━━━━━━━━━━━━━╇━━━━━━━━━━━━━━━━━━━━━╇━━━━━━━━╇━━━━━━━━━━┩
│ 1 │ Book 3 3-1 │ 2025-01-16 21:58:56 │ 2025-01-16 21:58:58 │ ✔      │ 0m2s     │
│ 2 │ Book 3 3-2 │ 2025-01-16 21:58:58 │ 2025-01-16 21:59:34 │ ✔      │ 0m35s    │
│ 3 │ Book 3 3-3 │ 2025-01-16 21:59:34 │ 2025-01-16 22:01:14 │ ✔      │ 1m40s    │
│ 4 │ Book 3 3-4 │ 2025-01-16 22:01:14 │ 2025-01-16 22:02:23 │ ✔      │ 1m8s     │
│ 5 │ Book 3 3-5 │ 2025-01-16 22:02:23 │ 2025-01-16 22:02:44 │ ✔      │ 0m21s    │
│ 6 │ Book 3 3-6 │ 2025-01-16 22:02:44 │ 2025-01-16 22:05:44 │ ✔      │ 2m59s    │
└───┴────────────┴─────────────────────┴─────────────────────┴────────┴──────────┘
Songs                                                                                                                               
┏━━━┳━━━━━━━━━━━━━━━━━━━━━━━━━━━━━━━━━━━━━━━━━━━━━━━━━━━━━━━━━━━━━━┳━━━━━━━━━━━━━━━━━━━━━┳━━━━━━━━━━━━━━━━━━━━━┳━━━━━━━━┳━━━━━━━━━━┓
┃ # ┃ Name                                                         ┃ Start               ┃ Finish              ┃ Status ┃ Duration ┃
┡━━━╇━━━━━━━━━━━━━━━━━━━━━━━━━━━━━━━━━━━━━━━━━━━━━━━━━━━━━━━━━━━━━━╇━━━━━━━━━━━━━━━━━━━━━╇━━━━━━━━━━━━━━━━━━━━━╇━━━━━━━━╇━━━━━━━━━━┩
│ 1 │ Joy of Piano - Clair De Lune, Debussy (p20)                  │ 2025-01-16 22:05:51 │ 2025-01-16 22:11:31 │ ✔      │ 5m40s    │
│ 2 │ Easy Piano Classics - Sonatina (Op 36, No 1), Clementi (p60) │ 2025-01-16 22:11:31 │ 2025-01-16 22:21:35 │ ✔      │ 10m4s    │
└───┴──────────────────────────────────────────────────────────────┴─────────────────────┴─────────────────────┴────────┴──────────┘
Repetoire Review                                                                                                
┏━━━┳━━━━━━━━━━━━━━━━━━━━━━━━━━━━━━━━━━━━━━━━━━┳━━━━━━━━━━━━━━━━━━━━━┳━━━━━━━━━━━━━━━━━━━━━┳━━━━━━━━┳━━━━━━━━━━┓
┃ # ┃ Name                                     ┃ Start               ┃ Finish              ┃ Status ┃ Duration ┃
┡━━━╇━━━━━━━━━━━━━━━━━━━━━━━━━━━━━━━━━━━━━━━━━━╇━━━━━━━━━━━━━━━━━━━━━╇━━━━━━━━━━━━━━━━━━━━━╇━━━━━━━━╇━━━━━━━━━━┩
│ 1 │ Jazzin Americana - California Cool (p14) │ 2025-01-16 22:22:11 │ 2025-01-16 22:26:45 │ ✔      │ 4m34s    │
└───┴──────────────────────────────────────────┴─────────────────────┴─────────────────────┴────────┴──────────┘
