Session 2025-02-25 21:09
Warm Ups                                                                       
┏━━━┳━━━━━━━━━┳━━━━━━━━━━━━━━━━━━━━━┳━━━━━━━━━━━━━━━━━━━━━┳━━━━━━━━┳━━━━━━━━━━┓
┃ # ┃ Name    ┃ Start               ┃ Finish              ┃ Status ┃ Duration ┃
┡━━━╇━━━━━━━━━╇━━━━━━━━━━━━━━━━━━━━━╇━━━━━━━━━━━━━━━━━━━━━╇━━━━━━━━╇━━━━━━━━━━┩
│ 1 │ Stretch │ 2025-02-25 21:09:12 │ 2025-02-25 21:09:53 │ ✔      │ 0m40s    │
│ 2 │ Rock    │ 2025-02-25 21:09:53 │ 2025-02-25 21:10:13 │ ✔      │ 0m20s    │
└───┴─────────┴─────────────────────┴─────────────────────┴────────┴──────────┘
Scales and Chords                                                                                                            
┏━━━┳━━━━━━━━━━━━━━━━━━━━━━━━━━━━━━━━━━━━━━━━━━━━━━━━━━━━━━━┳━━━━━━━━━━━━━━━━━━━━━┳━━━━━━━━━━━━━━━━━━━━━┳━━━━━━━━┳━━━━━━━━━━┓
┃ # ┃ Name                                                  ┃ Start               ┃ Finish              ┃ Status ┃ Duration ┃
┡━━━╇━━━━━━━━━━━━━━━━━━━━━━━━━━━━━━━━━━━━━━━━━━━━━━━━━━━━━━━╇━━━━━━━━━━━━━━━━━━━━━╇━━━━━━━━━━━━━━━━━━━━━╇━━━━━━━━╇━━━━━━━━━━┩
│ 1 │ Expanded Scale (C, G)                                 │ 2025-02-25 21:10:18 │ 2025-02-25 21:12:11 │ ✔      │ 1m53s    │
│ 2 │ Four Octave Scale (C, G, D, A, F, Bb, Am, Dm, Em, Gm) │ 2025-02-25 21:12:11 │ 2025-02-25 21:17:19 │ ✔      │ 5m7s     │
│ 3 │ Arpeggio (C, G, D, A, F, Bb, Am, Dm, Em, Gm)          │ 2025-02-25 21:17:19 │ 2025-02-25 21:20:49 │ ✔      │ 3m30s    │
│ 4 │ Chromatic Scale (D, Ab)                               │ 2025-02-25 21:20:49 │ 2025-02-25 21:21:19 │ ✔      │ 0m29s    │
│ 5 │ Triads (C, G, D, A, F, Bb, Am, Dm, Em, Gm)            │ 2025-02-25 21:21:19 │ 2025-02-25 21:23:10 │ ✔      │ 1m51s    │
│ 6 │ Broken Chords (C, G, D, A, F, Bb, Am, Dm, Em, Gm)     │ 2025-02-25 21:23:10 │ 2025-02-25 21:34:10 │ ✔      │ 11m0s    │
│ 7 │ Broken Triads (C, G, D, A, F, Bb, Am, Dm, Em, Gm)     │ 2025-02-25 21:34:10 │ 2025-02-25 21:37:43 │ ✔      │ 3m32s    │
│ 8 │ Running (C, G, D, A, F, Bb)                           │ 2025-02-25 21:37:43 │ 2025-02-25 21:42:20 │ ✔      │ 4m37s    │
└───┴───────────────────────────────────────────────────────┴─────────────────────┴─────────────────────┴────────┴──────────┘
Daily Dozen                                                                       
┏━━━┳━━━━━━━━━━━━┳━━━━━━━━━━━━━━━━━━━━━┳━━━━━━━━━━━━━━━━━━━━━┳━━━━━━━━┳━━━━━━━━━━┓
┃ # ┃ Name       ┃ Start               ┃ Finish              ┃ Status ┃ Duration ┃
┡━━━╇━━━━━━━━━━━━╇━━━━━━━━━━━━━━━━━━━━━╇━━━━━━━━━━━━━━━━━━━━━╇━━━━━━━━╇━━━━━━━━━━┩
│ 1 │ Book 2 4-1 │ 2025-02-25 21:42:52 │ 2025-02-25 21:44:37 │ ✔      │ 1m45s    │
│ 2 │ Book 2 4-2 │ 2025-02-25 21:44:37 │ 2025-02-25 21:47:51 │ ✔      │ 3m13s    │
│ 3 │ Book 2 4-3 │ 2025-02-25 21:47:51 │ 2025-02-25 21:48:40 │ ✔      │ 0m48s    │
│ 4 │ Book 2 4-4 │ 2025-02-25 21:48:40 │ 2025-02-25 21:49:13 │ ✔      │ 0m32s    │
│ 5 │ Book 2 4-5 │ 2025-02-25 21:49:13 │ 2025-02-25 21:49:49 │ ✔      │ 0m35s    │
│ 6 │ Book 2 4-6 │ 2025-02-25 21:49:49 │ 2025-02-25 21:52:31 │ ✔      │ 2m42s    │
│ 7 │ Book 2 4-7 │ 2025-02-25 21:52:31 │ 2025-02-25 21:58:47 │ ✔      │ 6m16s    │
└───┴────────────┴─────────────────────┴─────────────────────┴────────┴──────────┘
Songs                                                                                                                               
┏━━━┳━━━━━━━━━━━━━━━━━━━━━━━━━━━━━━━━━━━━━━━━━━━━━━━━━━━━━━━━━━━━━━┳━━━━━━━━━━━━━━━━━━━━━┳━━━━━━━━━━━━━━━━━━━━━┳━━━━━━━━┳━━━━━━━━━━┓
┃ # ┃ Name                                                         ┃ Start               ┃ Finish              ┃ Status ┃ Duration ┃
┡━━━╇━━━━━━━━━━━━━━━━━━━━━━━━━━━━━━━━━━━━━━━━━━━━━━━━━━━━━━━━━━━━━━╇━━━━━━━━━━━━━━━━━━━━━╇━━━━━━━━━━━━━━━━━━━━━╇━━━━━━━━╇━━━━━━━━━━┩
│ 1 │ Joy of Piano - Clair De Lune, Debussy (p20)                  │ 2025-02-25 21:58:53 │ 2025-02-25 22:13:56 │ ✔      │ 15m2s    │
│ 2 │ Easy Piano Classics - Sonatina (Op 36, No 1), Clementi (p60) │ 2025-02-25 22:13:56 │ 2025-02-25 22:26:49 │ ✔      │ 12m52s   │
└───┴──────────────────────────────────────────────────────────────┴─────────────────────┴─────────────────────┴────────┴──────────┘
