Session 2025-02-20 21:43
Warm Ups                                                                       
┏━━━┳━━━━━━━━━┳━━━━━━━━━━━━━━━━━━━━━┳━━━━━━━━━━━━━━━━━━━━━┳━━━━━━━━┳━━━━━━━━━━┓
┃ # ┃ Name    ┃ Start               ┃ Finish              ┃ Status ┃ Duration ┃
┡━━━╇━━━━━━━━━╇━━━━━━━━━━━━━━━━━━━━━╇━━━━━━━━━━━━━━━━━━━━━╇━━━━━━━━╇━━━━━━━━━━┩
│ 1 │ Stretch │ 2025-02-20 21:43:21 │ 2025-02-20 21:43:40 │ ✔      │ 0m19s    │
│ 2 │ Rock    │ 2025-02-20 21:43:40 │ 2025-02-20 21:44:07 │ ✔      │ 0m26s    │
└───┴─────────┴─────────────────────┴─────────────────────┴────────┴──────────┘
Scales and Chords                                                                                                            
┏━━━┳━━━━━━━━━━━━━━━━━━━━━━━━━━━━━━━━━━━━━━━━━━━━━━━━━━━━━━━┳━━━━━━━━━━━━━━━━━━━━━┳━━━━━━━━━━━━━━━━━━━━━┳━━━━━━━━┳━━━━━━━━━━┓
┃ # ┃ Name                                                  ┃ Start               ┃ Finish              ┃ Status ┃ Duration ┃
┡━━━╇━━━━━━━━━━━━━━━━━━━━━━━━━━━━━━━━━━━━━━━━━━━━━━━━━━━━━━━╇━━━━━━━━━━━━━━━━━━━━━╇━━━━━━━━━━━━━━━━━━━━━╇━━━━━━━━╇━━━━━━━━━━┩
│ 1 │ Expanded Scale (C, G)                                 │ 2025-02-20 21:44:08 │ 2025-02-20 21:45:37 │ ✔      │ 1m28s    │
│ 2 │ Four Octave Scale (C, G, D, A, F, Bb, Am, Dm, Em, Gm) │ 2025-02-20 21:45:37 │ 2025-02-20 21:50:30 │ ✔      │ 4m52s    │
│ 3 │ Arpeggio (C, G, D, A, F, Bb, Am, Dm, Em, Gm)          │ 2025-02-20 21:50:30 │ 2025-02-20 21:52:27 │ ✔      │ 1m56s    │
│ 4 │ Chromatic Scale (D, Ab)                               │ 2025-02-20 21:52:27 │ 2025-02-20 21:52:52 │ ✔      │ 0m25s    │
│ 5 │ Triads (C, G, D, A, F, Bb, Am, Dm, Em, Gm)            │ 2025-02-20 21:52:52 │ 2025-02-20 21:54:25 │ ✔      │ 1m32s    │
│ 6 │ Broken Chords (C, G, D, A, F, Bb, Am, Dm, Em, Gm)     │ 2025-02-20 21:54:25 │ 2025-02-20 22:03:41 │ ✔      │ 9m15s    │
│ 7 │ Broken Triads (C, G, D, A, F, Bb, Am, Dm, Em, Gm)     │ 2025-02-20 22:03:41 │ 2025-02-20 22:06:33 │ ✔      │ 2m52s    │
└───┴───────────────────────────────────────────────────────┴─────────────────────┴─────────────────────┴────────┴──────────┘
Daily Dozen                                                                        
┏━━━┳━━━━━━━━━━━━━┳━━━━━━━━━━━━━━━━━━━━━┳━━━━━━━━━━━━━━━━━━━━━┳━━━━━━━━┳━━━━━━━━━━┓
┃ # ┃ Name        ┃ Start               ┃ Finish              ┃ Status ┃ Duration ┃
┡━━━╇━━━━━━━━━━━━━╇━━━━━━━━━━━━━━━━━━━━━╇━━━━━━━━━━━━━━━━━━━━━╇━━━━━━━━╇━━━━━━━━━━┩
│ 1 │ Book 2 3-10 │ 2025-02-20 22:06:34 │ 2025-02-20 22:11:21 │ ✔      │ 4m46s    │
│ 2 │ Book 2 4-1  │ 2025-02-20 22:11:21 │ 2025-02-20 22:12:26 │ ✔      │ 1m5s     │
│ 3 │ Book 2 4-2  │ 2025-02-20 22:12:26 │ 2025-02-20 22:15:06 │ ✔      │ 2m40s    │
│ 4 │ Book 2 4-3  │ 2025-02-20 22:15:06 │ 2025-02-20 22:16:22 │ ✔      │ 1m15s    │
│ 5 │ Book 2 4-4  │ 2025-02-20 22:16:22 │ 2025-02-20 22:17:13 │ ✔      │ 0m51s    │
│ 6 │ Book 2 4-5  │ 2025-02-20 22:17:13 │ 2025-02-20 22:18:21 │ ✔      │ 1m7s     │
│ 7 │ Book 2 4-6  │ 2025-02-20 22:18:21 │ 2025-02-20 22:21:06 │ ✔      │ 2m45s    │
└───┴─────────────┴─────────────────────┴─────────────────────┴────────┴──────────┘
Songs                                                                                                                               
┏━━━┳━━━━━━━━━━━━━━━━━━━━━━━━━━━━━━━━━━━━━━━━━━━━━━━━━━━━━━━━━━━━━━┳━━━━━━━━━━━━━━━━━━━━━┳━━━━━━━━━━━━━━━━━━━━━┳━━━━━━━━┳━━━━━━━━━━┓
┃ # ┃ Name                                                         ┃ Start               ┃ Finish              ┃ Status ┃ Duration ┃
┡━━━╇━━━━━━━━━━━━━━━━━━━━━━━━━━━━━━━━━━━━━━━━━━━━━━━━━━━━━━━━━━━━━━╇━━━━━━━━━━━━━━━━━━━━━╇━━━━━━━━━━━━━━━━━━━━━╇━━━━━━━━╇━━━━━━━━━━┩
│ 1 │ Joy of Piano - Clair De Lune, Debussy (p20)                  │ 2025-02-20 22:21:13 │ 2025-02-20 22:30:33 │ ✔      │ 9m19s    │
│ 2 │ Easy Piano Classics - Sonatina (Op 36, No 1), Clementi (p60) │ 2025-02-20 22:30:33 │ 2025-02-20 22:40:04 │ ✔      │ 9m31s    │
└───┴──────────────────────────────────────────────────────────────┴─────────────────────┴─────────────────────┴────────┴──────────┘
