Session 2025-01-02 21:29
Warm Ups                                                                       
┏━━━┳━━━━━━━━━┳━━━━━━━━━━━━━━━━━━━━━┳━━━━━━━━━━━━━━━━━━━━━┳━━━━━━━━┳━━━━━━━━━━┓
┃ # ┃ Name    ┃ Start               ┃ Finish              ┃ Status ┃ Duration ┃
┡━━━╇━━━━━━━━━╇━━━━━━━━━━━━━━━━━━━━━╇━━━━━━━━━━━━━━━━━━━━━╇━━━━━━━━╇━━━━━━━━━━┩
│ 1 │ Stretch │ 2025-01-02 21:30:24 │ 2025-01-02 21:31:14 │ ✔      │ 0m49s    │
│ 2 │ Rock    │ 2025-01-02 21:31:14 │ 2025-01-02 21:32:01 │ ✔      │ 0m47s    │
└───┴─────────┴─────────────────────┴─────────────────────┴────────┴──────────┘
Scales and Chords                                                                                                    
┏━━━┳━━━━━━━━━━━━━━━━━━━━━━━━━━━━━━━━━━━━━━━━━━━━━━━┳━━━━━━━━━━━━━━━━━━━━━┳━━━━━━━━━━━━━━━━━━━━━┳━━━━━━━━┳━━━━━━━━━━┓
┃ # ┃ Name                                          ┃ Start               ┃ Finish              ┃ Status ┃ Duration ┃
┡━━━╇━━━━━━━━━━━━━━━━━━━━━━━━━━━━━━━━━━━━━━━━━━━━━━━╇━━━━━━━━━━━━━━━━━━━━━╇━━━━━━━━━━━━━━━━━━━━━╇━━━━━━━━╇━━━━━━━━━━┩
│ 1 │ Expanded Scale (C, G)                         │ 2025-01-02 21:32:05 │ 2025-01-02 21:33:35 │ ✔      │ 1m30s    │
│ 2 │ Four Octave Scale (C, G, D, A, F, Am, Dm, Em) │ 2025-01-02 21:33:35 │ 2025-01-02 21:38:32 │ ✔      │ 4m56s    │
│ 3 │ Arpeggio (C, G, D, A, F, Am, Dm, Em)          │ 2025-01-02 21:38:32 │ 2025-01-02 21:40:22 │ ✔      │ 1m49s    │
│ 4 │ Chromatic Scale (D, Ab)                       │ 2025-01-02 21:40:22 │ 2025-01-02 21:42:03 │ ✔      │ 1m41s    │
│ 5 │ Triads (C, G, D, A, F, Am, Dm, Em)            │ 2025-01-02 21:42:03 │ 2025-01-02 21:44:49 │ ✔      │ 2m46s    │
│ 6 │ Broken Chords (C, G, D, A, F, Am, Dm, Em)     │ 2025-01-02 21:44:49 │ 2025-01-02 21:49:28 │ ✔      │ 4m38s    │
│ 7 │ Broken Triads (C, G, D, A, F, Am, Dm, Em)     │ 2025-01-02 21:49:28 │ 2025-01-02 21:52:05 │ ✔      │ 2m37s    │
└───┴───────────────────────────────────────────────┴─────────────────────┴─────────────────────┴────────┴──────────┘
Daily Dozen                                                                        
┏━━━┳━━━━━━━━━━━━━┳━━━━━━━━━━━━━━━━━━━━━┳━━━━━━━━━━━━━━━━━━━━━┳━━━━━━━━┳━━━━━━━━━━┓
┃ # ┃ Name        ┃ Start               ┃ Finish              ┃ Status ┃ Duration ┃
┡━━━╇━━━━━━━━━━━━━╇━━━━━━━━━━━━━━━━━━━━━╇━━━━━━━━━━━━━━━━━━━━━╇━━━━━━━━╇━━━━━━━━━━┩
│ 1 │ Book 3 2-12 │ 2025-01-02 21:52:09 │ 2025-01-02 21:56:34 │ ✔      │ 4m25s    │
│ 2 │ Book 3 3-1  │ 2025-01-02 21:56:34 │ 2025-01-02 21:57:43 │ ✔      │ 1m8s     │
│ 3 │ Book 3 3-2  │ 2025-01-02 21:57:43 │ 2025-01-02 21:59:22 │ ✔      │ 1m39s    │
│ 4 │ Book 3 3-3  │ 2025-01-02 21:59:22 │ 2025-01-02 22:00:01 │ ✔      │ 0m39s    │
│ 5 │ Book 3 3-4  │ 2025-01-02 22:00:01 │ 2025-01-02 22:02:22 │ ✔      │ 2m21s    │
└───┴─────────────┴─────────────────────┴─────────────────────┴────────┴──────────┘
Songs                                                                                                                               
┏━━━┳━━━━━━━━━━━━━━━━━━━━━━━━━━━━━━━━━━━━━━━━━━━━━━━━━━━━━━━━━━━━━━┳━━━━━━━━━━━━━━━━━━━━━┳━━━━━━━━━━━━━━━━━━━━━┳━━━━━━━━┳━━━━━━━━━━┓
┃ # ┃ Name                                                         ┃ Start               ┃ Finish              ┃ Status ┃ Duration ┃
┡━━━╇━━━━━━━━━━━━━━━━━━━━━━━━━━━━━━━━━━━━━━━━━━━━━━━━━━━━━━━━━━━━━━╇━━━━━━━━━━━━━━━━━━━━━╇━━━━━━━━━━━━━━━━━━━━━╇━━━━━━━━╇━━━━━━━━━━┩
│ 1 │ Joy of Piano - Clair De Lune, Debussy (p20)                  │ 2025-01-02 22:02:27 │ 2025-01-02 22:36:20 │ ✔      │ 33m52s   │
│ 2 │ Easy Piano Classics - Sonatina (Op 36, No 1), Clementi (p60) │ 2025-01-02 22:36:20 │ 2025-01-02 22:56:37 │ ✔      │ 20m16s   │
└───┴──────────────────────────────────────────────────────────────┴─────────────────────┴─────────────────────┴────────┴──────────┘
Repetoire Review                                                                                                                   
┏━━━━┳━━━━━━━━━━━━━━━━━━━━━━━━━━━━━━━━━━━━━━━━━━━━━━━━━━━━━━━━━━━━┳━━━━━━━━━━━━━━━━━━━━━┳━━━━━━━━━━━━━━━━━━━━━┳━━━━━━━━┳━━━━━━━━━━┓
┃ #  ┃ Name                                                       ┃ Start               ┃ Finish              ┃ Status ┃ Duration ┃
┡━━━━╇━━━━━━━━━━━━━━━━━━━━━━━━━━━━━━━━━━━━━━━━━━━━━━━━━━━━━━━━━━━━╇━━━━━━━━━━━━━━━━━━━━━╇━━━━━━━━━━━━━━━━━━━━━╇━━━━━━━━╇━━━━━━━━━━┩
│ 4  │ Easy Piano Classics - Ecossaise in G, Beethoven (p53)      │ 2025-01-02 22:57:44 │ 2025-01-02 23:03:05 │ ✔      │ 5m20s    │
└────┴────────────────────────────────────────────────────────────┴─────────────────────┴─────────────────────┴────────┴──────────┘
