Session 2025-03-04 20:54
Daily Dozen                                                                         
┏━━━━┳━━━━━━━━━━━━━┳━━━━━━━━━━━━━━━━━━━━━┳━━━━━━━━━━━━━━━━━━━━━┳━━━━━━━━┳━━━━━━━━━━┓
┃ #  ┃ Name        ┃ Start               ┃ Finish              ┃ Status ┃ Duration ┃
┡━━━━╇━━━━━━━━━━━━━╇━━━━━━━━━━━━━━━━━━━━━╇━━━━━━━━━━━━━━━━━━━━━╇━━━━━━━━╇━━━━━━━━━━┩
│ 1  │ Book 2 4-1  │ 2025-03-04 20:54:09 │ 2025-03-04 20:56:41 │ ✔      │ 2m32s    │
│ 2  │ Book 2 4-2  │ 2025-03-04 20:56:41 │ 2025-03-04 20:58:33 │ ✔      │ 1m52s    │
│ 3  │ Book 2 4-3  │ 2025-03-04 20:58:33 │ 2025-03-04 20:59:20 │ ✔      │ 0m46s    │
│ 4  │ Book 2 4-4  │ 2025-03-04 20:59:20 │ 2025-03-04 20:59:40 │ ✔      │ 0m20s    │
│ 5  │ Book 2 4-5  │ 2025-03-04 20:59:40 │ 2025-03-04 21:00:24 │ ✔      │ 0m44s    │
│ 6  │ Book 2 4-6  │ 2025-03-04 21:00:24 │ 2025-03-04 21:01:45 │ ✔      │ 1m20s    │
│ 7  │ Book 2 4-7  │ 2025-03-04 21:01:45 │ 2025-03-04 21:03:36 │ ✔      │ 1m51s    │
│ 8  │ Book 2 4-8  │ 2025-03-04 21:03:36 │ 2025-03-04 21:06:40 │ ✔      │ 3m3s     │
│ 9  │ Book 2 4-9  │ 2025-03-04 21:06:40 │ 2025-03-04 21:08:33 │ ✔      │ 1m53s    │
│ 10 │ Book 2 4-10 │ 2025-03-04 21:08:33 │ 2025-03-04 21:09:52 │ ✔      │ 1m19s    │
│ 11 │ Book 2 4-11 │ 2025-03-04 21:09:52 │ 2025-03-04 21:11:30 │ ✔      │ 1m37s    │
│ 12 │ Book 2 4-12 │ 2025-03-04 21:11:30 │ 2025-03-04 21:25:54 │ ✔      │ 14m23s   │
└────┴─────────────┴─────────────────────┴─────────────────────┴────────┴──────────┘
Songs                                                                                                                               
┏━━━┳━━━━━━━━━━━━━━━━━━━━━━━━━━━━━━━━━━━━━━━━━━━━━━━━━━━━━━━━━━━━━━┳━━━━━━━━━━━━━━━━━━━━━┳━━━━━━━━━━━━━━━━━━━━━┳━━━━━━━━┳━━━━━━━━━━┓
┃ # ┃ Name                                                         ┃ Start               ┃ Finish              ┃ Status ┃ Duration ┃
┡━━━╇━━━━━━━━━━━━━━━━━━━━━━━━━━━━━━━━━━━━━━━━━━━━━━━━━━━━━━━━━━━━━━╇━━━━━━━━━━━━━━━━━━━━━╇━━━━━━━━━━━━━━━━━━━━━╇━━━━━━━━╇━━━━━━━━━━┩
│ 1 │ Joy of Piano - Clair De Lune, Debussy (p20)                  │ 2025-03-04 21:26:23 │ 2025-03-04 21:26:23 │ ✔      │ 0m0s     │
│ 2 │ Easy Piano Classics - Sonatina (Op 36, No 1), Clementi (p60) │ 2025-03-04 21:26:23 │ 2025-03-04 21:28:31 │ ✔      │ 2m7s     │
└───┴──────────────────────────────────────────────────────────────┴─────────────────────┴─────────────────────┴────────┴──────────┘
