Session 2025-01-10 08:22
Warm Ups                                                                       
┏━━━┳━━━━━━━━━┳━━━━━━━━━━━━━━━━━━━━━┳━━━━━━━━━━━━━━━━━━━━━┳━━━━━━━━┳━━━━━━━━━━┓
┃ # ┃ Name    ┃ Start               ┃ Finish              ┃ Status ┃ Duration ┃
┡━━━╇━━━━━━━━━╇━━━━━━━━━━━━━━━━━━━━━╇━━━━━━━━━━━━━━━━━━━━━╇━━━━━━━━╇━━━━━━━━━━┩
│ 1 │ Stretch │ 2025-01-10 08:22:38 │ 2025-01-10 08:23:42 │ ✔      │ 1m3s     │
│ 2 │ Rock    │ 2025-01-10 08:23:42 │ 2025-01-10 08:24:03 │ ✔      │ 0m20s    │
└───┴─────────┴─────────────────────┴─────────────────────┴────────┴──────────┘
Scales and Chords                                                                                                    
┏━━━┳━━━━━━━━━━━━━━━━━━━━━━━━━━━━━━━━━━━━━━━━━━━━━━━┳━━━━━━━━━━━━━━━━━━━━━┳━━━━━━━━━━━━━━━━━━━━━┳━━━━━━━━┳━━━━━━━━━━┓
┃ # ┃ Name                                          ┃ Start               ┃ Finish              ┃ Status ┃ Duration ┃
┡━━━╇━━━━━━━━━━━━━━━━━━━━━━━━━━━━━━━━━━━━━━━━━━━━━━━╇━━━━━━━━━━━━━━━━━━━━━╇━━━━━━━━━━━━━━━━━━━━━╇━━━━━━━━╇━━━━━━━━━━┩
│ 1 │ Expanded Scale (C, G)                         │ 2025-01-10 08:24:05 │ 2025-01-10 08:25:19 │ ✔      │ 1m13s    │
│ 2 │ Four Octave Scale (C, G, D, A, F, Am, Dm, Em) │ 2025-01-10 08:25:19 │ 2025-01-10 08:29:00 │ ✔      │ 3m40s    │
│ 3 │ Arpeggio (C, G, D, A, F, Am, Dm, Em)          │ 2025-01-10 08:29:00 │ 2025-01-10 08:30:30 │ ✔      │ 1m30s    │
│ 4 │ Chromatic Scale (D, Ab)                       │ 2025-01-10 08:30:30 │ 2025-01-10 08:31:25 │ ✔      │ 0m55s    │
│ 5 │ Triads (C, G, D, A, F, Am, Dm, Em)            │ 2025-01-10 08:31:25 │ 2025-01-10 08:33:22 │ ✔      │ 1m56s    │
│ 6 │ Broken Chords (C, G, D, A, F, Am, Dm, Em)     │ 2025-01-10 08:33:22 │ 2025-01-10 08:37:01 │ ✔      │ 3m39s    │
│ 7 │ Broken Triads (C, G, D, A, F, Am, Dm, Em)     │ 2025-01-10 08:37:01 │ 2025-01-10 08:41:58 │ ✔      │ 4m56s    │
└───┴───────────────────────────────────────────────┴─────────────────────┴─────────────────────┴────────┴──────────┘
Daily Dozen                                                                        
┏━━━┳━━━━━━━━━━━━━┳━━━━━━━━━━━━━━━━━━━━━┳━━━━━━━━━━━━━━━━━━━━━┳━━━━━━━━┳━━━━━━━━━━┓
┃ # ┃ Name        ┃ Start               ┃ Finish              ┃ Status ┃ Duration ┃
┡━━━╇━━━━━━━━━━━━━╇━━━━━━━━━━━━━━━━━━━━━╇━━━━━━━━━━━━━━━━━━━━━╇━━━━━━━━╇━━━━━━━━━━┩
│ 1 │ Book 3 2-12 │ 2025-01-10 08:42:16 │ 2025-01-10 08:44:01 │ ✔      │ 1m45s    │
│ 2 │ Book 3 3-1  │ 2025-01-10 08:44:01 │ 2025-01-10 08:45:11 │ ✔      │ 1m10s    │
│ 3 │ Book 3 3-2  │ 2025-01-10 08:45:11 │ 2025-01-10 08:46:20 │ ✔      │ 1m8s     │
│ 4 │ Book 3 3-3  │ 2025-01-10 08:46:20 │ 2025-01-10 08:46:46 │ ✔      │ 0m26s    │
│ 5 │ Book 3 3-4  │ 2025-01-10 08:46:46 │ 2025-01-10 08:48:17 │ ✔      │ 1m30s    │
└───┴─────────────┴─────────────────────┴─────────────────────┴────────┴──────────┘
Repetoire Review                                                                                                                  
┏━━━┳━━━━━━━━━━━━━━━━━━━━━━━━━━━━━━━━━━━━━━━━━━━━━━━━━━━━━━━━━━━━┳━━━━━━━━━━━━━━━━━━━━━┳━━━━━━━━━━━━━━━━━━━━━┳━━━━━━━━┳━━━━━━━━━━┓
┃ # ┃ Name                                                       ┃ Start               ┃ Finish              ┃ Status ┃ Duration ┃
┡━━━╇━━━━━━━━━━━━━━━━━━━━━━━━━━━━━━━━━━━━━━━━━━━━━━━━━━━━━━━━━━━━╇━━━━━━━━━━━━━━━━━━━━━╇━━━━━━━━━━━━━━━━━━━━━╇━━━━━━━━╇━━━━━━━━━━┩
│ 1 │ Easy Piano Classics - Nocturne (Op 9, No 2), Chopin (p148) │ 2025-01-10 08:48:44 │ 2025-01-10 08:54:19 │ ✔      │ 5m34s    │
└───┴────────────────────────────────────────────────────────────┴─────────────────────┴─────────────────────┴────────┴──────────┘
