Session 2025-01-23 21:42
Warm Ups                                                                       
┏━━━┳━━━━━━━━━┳━━━━━━━━━━━━━━━━━━━━━┳━━━━━━━━━━━━━━━━━━━━━┳━━━━━━━━┳━━━━━━━━━━┓
┃ # ┃ Name    ┃ Start               ┃ Finish              ┃ Status ┃ Duration ┃
┡━━━╇━━━━━━━━━╇━━━━━━━━━━━━━━━━━━━━━╇━━━━━━━━━━━━━━━━━━━━━╇━━━━━━━━╇━━━━━━━━━━┩
│ 1 │ Stretch │ 2025-01-23 21:44:41 │ 2025-01-23 21:45:09 │ ✔      │ 0m28s    │
│ 2 │ Rock    │ 2025-01-23 21:45:09 │ 2025-01-23 21:45:30 │ ✔      │ 0m20s    │
└───┴─────────┴─────────────────────┴─────────────────────┴────────┴──────────┘
Scales and Chords                                                                                                        
┏━━━┳━━━━━━━━━━━━━━━━━━━━━━━━━━━━━━━━━━━━━━━━━━━━━━━━━━━┳━━━━━━━━━━━━━━━━━━━━━┳━━━━━━━━━━━━━━━━━━━━━┳━━━━━━━━┳━━━━━━━━━━┓
┃ # ┃ Name                                              ┃ Start               ┃ Finish              ┃ Status ┃ Duration ┃
┡━━━╇━━━━━━━━━━━━━━━━━━━━━━━━━━━━━━━━━━━━━━━━━━━━━━━━━━━╇━━━━━━━━━━━━━━━━━━━━━╇━━━━━━━━━━━━━━━━━━━━━╇━━━━━━━━╇━━━━━━━━━━┩
│ 1 │ Expanded Scale (C, G)                             │ 2025-01-23 21:45:32 │ 2025-01-23 21:46:28 │ ✔      │ 0m55s    │
│ 2 │ Four Octave Scale (C, G, D, A, F, Bb, Am, Dm, Em) │ 2025-01-23 21:46:28 │ 2025-01-23 21:56:03 │ ✔      │ 9m35s    │
│ 3 │ Arpeggio (C, G, D, A, F, Bb, Am, Dm, Em)          │ 2025-01-23 21:56:03 │ 2025-01-23 21:58:55 │ ✔      │ 2m51s    │
│ 4 │ Chromatic Scale (D, Ab)                           │ 2025-01-23 21:58:55 │ 2025-01-23 21:59:25 │ ✔      │ 0m29s    │
│ 5 │ Triads (C, G, D, A, F, Bb, Am, Dm, Em)            │ 2025-01-23 21:59:25 │ 2025-01-23 22:00:52 │ ✔      │ 1m27s    │
│ 6 │ Broken Chords (C, G, D, A, F, Bb, Am, Dm, Em)     │ 2025-01-23 22:00:52 │ 2025-01-23 22:06:40 │ ✔      │ 5m47s    │
│ 7 │ Broken Triads (C, G, D, A, F, Bb, Am, Dm, Em)     │ 2025-01-23 22:06:40 │ 2025-01-23 22:10:25 │ ✔      │ 3m45s    │
└───┴───────────────────────────────────────────────────┴─────────────────────┴─────────────────────┴────────┴──────────┘
Daily Dozen                                                                       
┏━━━┳━━━━━━━━━━━━┳━━━━━━━━━━━━━━━━━━━━━┳━━━━━━━━━━━━━━━━━━━━━┳━━━━━━━━┳━━━━━━━━━━┓
┃ # ┃ Name       ┃ Start               ┃ Finish              ┃ Status ┃ Duration ┃
┡━━━╇━━━━━━━━━━━━╇━━━━━━━━━━━━━━━━━━━━━╇━━━━━━━━━━━━━━━━━━━━━╇━━━━━━━━╇━━━━━━━━━━┩
│ 1 │ Book 3 3-1 │ 2025-01-23 22:10:54 │ 2025-01-23 22:11:39 │ ✔      │ 0m44s    │
│ 2 │ Book 3 3-2 │ 2025-01-23 22:11:39 │ 2025-01-23 22:12:17 │ ✔      │ 0m37s    │
│ 3 │ Book 3 3-3 │ 2025-01-23 22:12:17 │ 2025-01-23 22:12:47 │ ✔      │ 0m30s    │
│ 4 │ Book 3 3-4 │ 2025-01-23 22:12:47 │ 2025-01-23 22:14:01 │ ✔      │ 1m13s    │
│ 5 │ Book 3 3-5 │ 2025-01-23 22:14:01 │ 2025-01-23 22:14:41 │ ✔      │ 0m40s    │
│ 6 │ Book 3 3-6 │ 2025-01-23 22:14:41 │ 2025-01-23 22:16:54 │ ✔      │ 2m12s    │
│ 7 │ Book 3 3-7 │ 2025-01-23 22:16:54 │ 2025-01-23 22:21:04 │ ✔      │ 4m9s     │
│ 8 │ Book 3 3-8 │ 2025-01-23 22:21:04 │ 2025-01-23 22:21:31 │ ✔      │ 0m26s    │
│ 9 │ Book 3 3-9 │ 2025-01-23 22:21:31 │ 2025-01-23 22:23:37 │ ✔      │ 2m6s     │
└───┴────────────┴─────────────────────┴─────────────────────┴────────┴──────────┘
Songs                                                                                                                               
┏━━━┳━━━━━━━━━━━━━━━━━━━━━━━━━━━━━━━━━━━━━━━━━━━━━━━━━━━━━━━━━━━━━━┳━━━━━━━━━━━━━━━━━━━━━┳━━━━━━━━━━━━━━━━━━━━━┳━━━━━━━━┳━━━━━━━━━━┓
┃ # ┃ Name                                                         ┃ Start               ┃ Finish              ┃ Status ┃ Duration ┃
┡━━━╇━━━━━━━━━━━━━━━━━━━━━━━━━━━━━━━━━━━━━━━━━━━━━━━━━━━━━━━━━━━━━━╇━━━━━━━━━━━━━━━━━━━━━╇━━━━━━━━━━━━━━━━━━━━━╇━━━━━━━━╇━━━━━━━━━━┩
│ 1 │ Joy of Piano - Clair De Lune, Debussy (p20)                  │ 2025-01-23 22:23:44 │ 2025-01-23 22:32:18 │ ✔      │ 8m34s    │
│ 2 │ Easy Piano Classics - Sonatina (Op 36, No 1), Clementi (p60) │ 2025-01-23 22:32:18 │ 2025-01-23 23:12:24 │ ✔      │ 40m6s    │
└───┴──────────────────────────────────────────────────────────────┴─────────────────────┴─────────────────────┴────────┴──────────┘
Repetoire Review                                                                                                  
┏━━━┳━━━━━━━━━━━━━━━━━━━━━━━━━━━━━━━━━━━━━━━━━━━━┳━━━━━━━━━━━━━━━━━━━━━┳━━━━━━━━━━━━━━━━━━━━━┳━━━━━━━━┳━━━━━━━━━━┓
┃ # ┃ Name                                       ┃ Start               ┃ Finish              ┃ Status ┃ Duration ┃
┡━━━╇━━━━━━━━━━━━━━━━━━━━━━━━━━━━━━━━━━━━━━━━━━━━╇━━━━━━━━━━━━━━━━━━━━━╇━━━━━━━━━━━━━━━━━━━━━╇━━━━━━━━╇━━━━━━━━━━┩
│ 1 │ Jazzin Americana - Bird in the Bebop (p12) │ 2025-01-23 23:12:36 │ 2025-01-23 23:17:20 │ ✔      │ 4m43s    │
└───┴────────────────────────────────────────────┴─────────────────────┴─────────────────────┴────────┴──────────┘
