Session 2025-03-02 09:59
Warm Ups                                                                       
┏━━━┳━━━━━━━━━┳━━━━━━━━━━━━━━━━━━━━━┳━━━━━━━━━━━━━━━━━━━━━┳━━━━━━━━┳━━━━━━━━━━┓
┃ # ┃ Name    ┃ Start               ┃ Finish              ┃ Status ┃ Duration ┃
┡━━━╇━━━━━━━━━╇━━━━━━━━━━━━━━━━━━━━━╇━━━━━━━━━━━━━━━━━━━━━╇━━━━━━━━╇━━━━━━━━━━┩
│ 1 │ Stretch │ 2025-03-02 09:59:13 │ 2025-03-02 09:59:49 │ ✔      │ 0m35s    │
│ 2 │ Rock    │ 2025-03-02 09:59:49 │ 2025-03-02 10:00:10 │ ✔      │ 0m21s    │
└───┴─────────┴─────────────────────┴─────────────────────┴────────┴──────────┘
Scales and Chords                                                                                                            
┏━━━┳━━━━━━━━━━━━━━━━━━━━━━━━━━━━━━━━━━━━━━━━━━━━━━━━━━━━━━━┳━━━━━━━━━━━━━━━━━━━━━┳━━━━━━━━━━━━━━━━━━━━━┳━━━━━━━━┳━━━━━━━━━━┓
┃ # ┃ Name                                                  ┃ Start               ┃ Finish              ┃ Status ┃ Duration ┃
┡━━━╇━━━━━━━━━━━━━━━━━━━━━━━━━━━━━━━━━━━━━━━━━━━━━━━━━━━━━━━╇━━━━━━━━━━━━━━━━━━━━━╇━━━━━━━━━━━━━━━━━━━━━╇━━━━━━━━╇━━━━━━━━━━┩
│ 1 │ Expanded Scale (C, G)                                 │ 2025-03-02 10:00:12 │ 2025-03-02 10:01:23 │ ✔      │ 1m10s    │
│ 2 │ Four Octave Scale (C, G, D, A, F, Bb, Am, Dm, Em, Gm) │ 2025-03-02 10:01:23 │ 2025-03-02 10:04:19 │ ✔      │ 2m56s    │
│ 3 │ Arpeggio (C, G, D, A, F, Bb, Am, Dm, Em, Gm)          │ 2025-03-02 10:04:19 │ 2025-03-02 10:06:42 │ ✔      │ 2m22s    │
│ 4 │ Chromatic Scale (D, Ab)                               │ 2025-03-02 10:06:42 │ 2025-03-02 10:07:16 │ ✔      │ 0m33s    │
│ 5 │ Triads (C, G, D, A, F, Bb, Am, Dm, Em, Gm)            │ 2025-03-02 10:07:16 │ 2025-03-02 10:08:40 │ ✔      │ 1m24s    │
│ 6 │ Broken Chords (C, G, D, A, F, Bb, Am, Dm, Em, Gm)     │ 2025-03-02 10:08:40 │ 2025-03-02 10:16:58 │ ✔      │ 8m17s    │
│ 7 │ Broken Triads (C, G, D, A, F, Bb, Am, Dm, Em, Gm)     │ 2025-03-02 10:16:58 │ 2025-03-02 10:18:50 │ ✔      │ 1m51s    │
│ 8 │ Running (C, G, D, A, F, Bb)                           │ 2025-03-02 10:18:50 │ 2025-03-02 10:23:00 │ ✔      │ 4m10s    │
└───┴───────────────────────────────────────────────────────┴─────────────────────┴─────────────────────┴────────┴──────────┘
Daily Dozen                                                                       
┏━━━┳━━━━━━━━━━━━┳━━━━━━━━━━━━━━━━━━━━━┳━━━━━━━━━━━━━━━━━━━━━┳━━━━━━━━┳━━━━━━━━━━┓
┃ # ┃ Name       ┃ Start               ┃ Finish              ┃ Status ┃ Duration ┃
┡━━━╇━━━━━━━━━━━━╇━━━━━━━━━━━━━━━━━━━━━╇━━━━━━━━━━━━━━━━━━━━━╇━━━━━━━━╇━━━━━━━━━━┩
│ 1 │ Book 2 4-1 │ 2025-03-02 10:24:26 │ 2025-03-02 10:25:06 │ ✔      │ 0m40s    │
│ 2 │ Book 2 4-2 │ 2025-03-02 10:25:06 │ 2025-03-02 10:26:57 │ ✔      │ 1m51s    │
│ 3 │ Book 2 4-3 │ 2025-03-02 10:26:57 │ 2025-03-02 10:27:59 │ ✔      │ 1m1s     │
│ 4 │ Book 2 4-4 │ 2025-03-02 10:27:59 │ 2025-03-02 10:28:24 │ ✔      │ 0m24s    │
│ 5 │ Book 2 4-5 │ 2025-03-02 10:28:24 │ 2025-03-02 10:28:43 │ ✔      │ 0m19s    │
│ 6 │ Book 2 4-6 │ 2025-03-02 10:28:43 │ 2025-03-02 10:29:52 │ ✔      │ 1m8s     │
│ 7 │ Book 2 4-7 │ 2025-03-02 10:29:52 │ 2025-03-02 10:34:35 │ ✔      │ 4m43s    │
└───┴────────────┴─────────────────────┴─────────────────────┴────────┴──────────┘
