Session 2025-01-14 11:21
Warm Ups                                                                       
┏━━━┳━━━━━━━━━┳━━━━━━━━━━━━━━━━━━━━━┳━━━━━━━━━━━━━━━━━━━━━┳━━━━━━━━┳━━━━━━━━━━┓
┃ # ┃ Name    ┃ Start               ┃ Finish              ┃ Status ┃ Duration ┃
┡━━━╇━━━━━━━━━╇━━━━━━━━━━━━━━━━━━━━━╇━━━━━━━━━━━━━━━━━━━━━╇━━━━━━━━╇━━━━━━━━━━┩
│ 1 │ Stretch │ 2025-01-14 11:21:21 │ 2025-01-14 11:22:11 │ ✔      │ 0m49s    │
│ 2 │ Rock    │ 2025-01-14 11:22:11 │ 2025-01-14 11:22:37 │ ✔      │ 0m25s    │
└───┴─────────┴─────────────────────┴─────────────────────┴────────┴──────────┘
Scales and Chords                                                                                                        
┏━━━┳━━━━━━━━━━━━━━━━━━━━━━━━━━━━━━━━━━━━━━━━━━━━━━━━━━━┳━━━━━━━━━━━━━━━━━━━━━┳━━━━━━━━━━━━━━━━━━━━━┳━━━━━━━━┳━━━━━━━━━━┓
┃ # ┃ Name                                              ┃ Start               ┃ Finish              ┃ Status ┃ Duration ┃
┡━━━╇━━━━━━━━━━━━━━━━━━━━━━━━━━━━━━━━━━━━━━━━━━━━━━━━━━━╇━━━━━━━━━━━━━━━━━━━━━╇━━━━━━━━━━━━━━━━━━━━━╇━━━━━━━━╇━━━━━━━━━━┩
│ 1 │ Expanded Scale (C, G)                             │ 2025-01-14 11:22:39 │ 2025-01-14 11:25:14 │ ✔      │ 2m35s    │
│ 2 │ Four Octave Scale (C, G, D, A, F, Bb, Am, Dm, Em) │ 2025-01-14 11:25:14 │ 2025-01-14 11:34:29 │ ✔      │ 9m14s    │
│ 3 │ Arpeggio (C, G, D, A, F, Bb, Am, Dm, Em)          │ 2025-01-14 11:34:29 │ 2025-01-14 11:43:30 │ ✔      │ 9m1s     │
│ 4 │ Chromatic Scale (D, Ab)                           │ 2025-01-14 11:43:30 │ 2025-01-14 11:44:01 │ ✔      │ 0m31s    │
│ 5 │ Triads (C, G, D, A, F, Bb, Am, Dm, Em)            │ 2025-01-14 11:44:01 │ 2025-01-14 11:47:57 │ ✔      │ 3m55s    │
│ 6 │ Broken Chords (C, G, D, A, F, Bb, Am, Dm, Em)     │ 2025-01-14 11:47:57 │ 2025-01-14 11:57:35 │ ✔      │ 9m38s    │
│ 7 │ Broken Triads (C, G, D, A, F, Bb, Am, Dm, Em)     │ 2025-01-14 11:57:35 │ 2025-01-14 12:01:30 │ ✔      │ 3m55s    │
└───┴───────────────────────────────────────────────────┴─────────────────────┴─────────────────────┴────────┴──────────┘
Daily Dozen                                                                       
┏━━━┳━━━━━━━━━━━━┳━━━━━━━━━━━━━━━━━━━━━┳━━━━━━━━━━━━━━━━━━━━━┳━━━━━━━━┳━━━━━━━━━━┓
┃ # ┃ Name       ┃ Start               ┃ Finish              ┃ Status ┃ Duration ┃
┡━━━╇━━━━━━━━━━━━╇━━━━━━━━━━━━━━━━━━━━━╇━━━━━━━━━━━━━━━━━━━━━╇━━━━━━━━╇━━━━━━━━━━┩
│ 1 │ Book 3 3-1 │ 2025-01-14 12:01:30 │ 2025-01-14 12:02:47 │ ✔      │ 1m17s    │
│ 2 │ Book 3 3-2 │ 2025-01-14 12:02:47 │ 2025-01-14 12:03:26 │ ✔      │ 0m38s    │
│ 3 │ Book 3 3-3 │ 2025-01-14 12:03:26 │ 2025-01-14 12:03:52 │ ✔      │ 0m25s    │
│ 4 │ Book 3 3-4 │ 2025-01-14 12:03:52 │ 2025-01-14 12:04:21 │ ✔      │ 0m29s    │
│ 5 │ Book 3 3-5 │ 2025-01-14 12:04:21 │ 2025-01-14 12:06:08 │ ✔      │ 1m47s    │
│ 6 │ Book 3 3-6 │ 2025-01-14 12:06:08 │ 2025-01-14 12:08:57 │ ✔      │ 2m49s    │
└───┴────────────┴─────────────────────┴─────────────────────┴────────┴──────────┘
