Session 2025-02-27 11:26
Warm Ups                                                                       
┏━━━┳━━━━━━━━━┳━━━━━━━━━━━━━━━━━━━━━┳━━━━━━━━━━━━━━━━━━━━━┳━━━━━━━━┳━━━━━━━━━━┓
┃ # ┃ Name    ┃ Start               ┃ Finish              ┃ Status ┃ Duration ┃
┡━━━╇━━━━━━━━━╇━━━━━━━━━━━━━━━━━━━━━╇━━━━━━━━━━━━━━━━━━━━━╇━━━━━━━━╇━━━━━━━━━━┩
│ 1 │ Stretch │ 2025-02-27 11:27:33 │ 2025-02-27 11:27:43 │ ✔      │ 0m10s    │
│ 2 │ Rock    │ 2025-02-27 11:27:43 │ 2025-02-27 11:28:02 │ ✔      │ 0m19s    │
└───┴─────────┴─────────────────────┴─────────────────────┴────────┴──────────┘
Scales and Chords                                                                                                            
┏━━━┳━━━━━━━━━━━━━━━━━━━━━━━━━━━━━━━━━━━━━━━━━━━━━━━━━━━━━━━┳━━━━━━━━━━━━━━━━━━━━━┳━━━━━━━━━━━━━━━━━━━━━┳━━━━━━━━┳━━━━━━━━━━┓
┃ # ┃ Name                                                  ┃ Start               ┃ Finish              ┃ Status ┃ Duration ┃
┡━━━╇━━━━━━━━━━━━━━━━━━━━━━━━━━━━━━━━━━━━━━━━━━━━━━━━━━━━━━━╇━━━━━━━━━━━━━━━━━━━━━╇━━━━━━━━━━━━━━━━━━━━━╇━━━━━━━━╇━━━━━━━━━━┩
│ 1 │ Expanded Scale (C, G)                                 │ 2025-02-27 11:28:08 │ 2025-02-27 11:29:09 │ ✔      │ 1m1s     │
│ 2 │ Four Octave Scale (C, G, D, A, F, Bb, Am, Dm, Em, Gm) │ 2025-02-27 11:29:09 │ 2025-02-27 11:36:50 │ ✔      │ 7m40s    │
│ 3 │ Arpeggio (C, G, D, A, F, Bb, Am, Dm, Em, Gm)          │ 2025-02-27 11:36:50 │ 2025-02-27 11:39:38 │ ✔      │ 2m47s    │
│ 4 │ Chromatic Scale (D, Ab)                               │ 2025-02-27 11:39:38 │ 2025-02-27 11:40:02 │ ✔      │ 0m24s    │
│ 5 │ Triads (C, G, D, A, F, Bb, Am, Dm, Em, Gm)            │ 2025-02-27 11:40:02 │ 2025-02-27 11:41:35 │ ✔      │ 1m32s    │
│ 6 │ Broken Chords (C, G, D, A, F, Bb, Am, Dm, Em, Gm)     │ 2025-02-27 11:41:35 │ 2025-02-27 11:46:57 │ ✔      │ 5m22s    │
│ 7 │ Broken Triads (C, G, D, A, F, Bb, Am, Dm, Em, Gm)     │ 2025-02-27 11:46:57 │ 2025-02-27 11:48:53 │ ✔      │ 1m55s    │
│ 8 │ Running (C, G, D, A, F, Bb)                           │ 2025-02-27 11:48:53 │ 2025-02-27 11:52:04 │ ✔      │ 3m10s    │
└───┴───────────────────────────────────────────────────────┴─────────────────────┴─────────────────────┴────────┴──────────┘
Daily Dozen                                                                       
┏━━━┳━━━━━━━━━━━━┳━━━━━━━━━━━━━━━━━━━━━┳━━━━━━━━━━━━━━━━━━━━━┳━━━━━━━━┳━━━━━━━━━━┓
┃ # ┃ Name       ┃ Start               ┃ Finish              ┃ Status ┃ Duration ┃
┡━━━╇━━━━━━━━━━━━╇━━━━━━━━━━━━━━━━━━━━━╇━━━━━━━━━━━━━━━━━━━━━╇━━━━━━━━╇━━━━━━━━━━┩
│ 1 │ Book 2 4-1 │ 2025-02-27 11:52:38 │ 2025-02-27 11:54:02 │ ✔      │ 1m23s    │
│ 2 │ Book 2 4-2 │ 2025-02-27 11:54:02 │ 2025-02-27 11:55:48 │ ✔      │ 1m46s    │
│ 3 │ Book 2 4-3 │ 2025-02-27 11:55:48 │ 2025-02-27 11:57:20 │ ✔      │ 1m31s    │
│ 4 │ Book 2 4-4 │ 2025-02-27 11:57:20 │ 2025-02-27 11:57:43 │ ✔      │ 0m23s    │
│ 5 │ Book 2 4-5 │ 2025-02-27 11:57:43 │ 2025-02-27 11:58:04 │ ✔      │ 0m20s    │
│ 6 │ Book 2 4-6 │ 2025-02-27 11:58:04 │ 2025-02-27 11:59:31 │ ✔      │ 1m27s    │
│ 7 │ Book 2 4-7 │ 2025-02-27 11:59:31 │ 2025-02-27 12:03:23 │ ✔      │ 3m52s    │
└───┴────────────┴─────────────────────┴─────────────────────┴────────┴──────────┘
