Session 2025-01-09 20:10
Warm Ups                                                                       
┏━━━┳━━━━━━━━━┳━━━━━━━━━━━━━━━━━━━━━┳━━━━━━━━━━━━━━━━━━━━━┳━━━━━━━━┳━━━━━━━━━━┓
┃ # ┃ Name    ┃ Start               ┃ Finish              ┃ Status ┃ Duration ┃
┡━━━╇━━━━━━━━━╇━━━━━━━━━━━━━━━━━━━━━╇━━━━━━━━━━━━━━━━━━━━━╇━━━━━━━━╇━━━━━━━━━━┩
│ 1 │ Stretch │ 2025-01-09 20:11:25 │ 2025-01-09 20:12:02 │ ✔      │ 0m36s    │
│ 2 │ Rock    │ 2025-01-09 20:12:02 │ 2025-01-09 20:13:20 │ ✔      │ 1m18s    │
└───┴─────────┴─────────────────────┴─────────────────────┴────────┴──────────┘
Scales and Chords                                                                                                    
┏━━━┳━━━━━━━━━━━━━━━━━━━━━━━━━━━━━━━━━━━━━━━━━━━━━━━┳━━━━━━━━━━━━━━━━━━━━━┳━━━━━━━━━━━━━━━━━━━━━┳━━━━━━━━┳━━━━━━━━━━┓
┃ # ┃ Name                                          ┃ Start               ┃ Finish              ┃ Status ┃ Duration ┃
┡━━━╇━━━━━━━━━━━━━━━━━━━━━━━━━━━━━━━━━━━━━━━━━━━━━━━╇━━━━━━━━━━━━━━━━━━━━━╇━━━━━━━━━━━━━━━━━━━━━╇━━━━━━━━╇━━━━━━━━━━┩
│ 1 │ Expanded Scale (C, G)                         │ 2025-01-09 20:13:20 │ 2025-01-09 20:14:27 │ ✔      │ 1m6s     │
│ 2 │ Four Octave Scale (C, G, D, A, F, Am, Dm, Em) │ 2025-01-09 20:14:27 │ 2025-01-09 20:17:40 │ ✔      │ 3m13s    │
│ 3 │ Arpeggio (C, G, D, A, F, Am, Dm, Em)          │ 2025-01-09 20:17:40 │ 2025-01-09 20:19:14 │ ✔      │ 1m33s    │
│ 4 │ Chromatic Scale (D, Ab)                       │ 2025-01-09 20:19:14 │ 2025-01-09 20:20:07 │ ✔      │ 0m52s    │
│ 5 │ Triads (C, G, D, A, F, Am, Dm, Em)            │ 2025-01-09 20:20:07 │ 2025-01-09 20:21:33 │ ✔      │ 1m26s    │
│ 6 │ Broken Chords (C, G, D, A, F, Am, Dm, Em)     │ 2025-01-09 20:21:33 │ 2025-01-09 20:25:28 │ ✔      │ 3m54s    │
│ 7 │ Broken Triads (C, G, D, A, F, Am, Dm, Em)     │ 2025-01-09 20:25:28 │ 2025-01-09 20:30:16 │ ✔      │ 4m48s    │
└───┴───────────────────────────────────────────────┴─────────────────────┴─────────────────────┴────────┴──────────┘
Daily Dozen                                                                        
┏━━━┳━━━━━━━━━━━━━┳━━━━━━━━━━━━━━━━━━━━━┳━━━━━━━━━━━━━━━━━━━━━┳━━━━━━━━┳━━━━━━━━━━┓
┃ # ┃ Name        ┃ Start               ┃ Finish              ┃ Status ┃ Duration ┃
┡━━━╇━━━━━━━━━━━━━╇━━━━━━━━━━━━━━━━━━━━━╇━━━━━━━━━━━━━━━━━━━━━╇━━━━━━━━╇━━━━━━━━━━┩
│ 1 │ Book 3 2-12 │ 2025-01-09 20:31:33 │ 2025-01-09 20:34:35 │ ✔      │ 3m1s     │
│ 2 │ Book 3 3-1  │ 2025-01-09 20:34:35 │ 2025-01-09 20:35:38 │ ✔      │ 1m3s     │
│ 3 │ Book 3 3-2  │ 2025-01-09 20:35:38 │ 2025-01-09 20:37:10 │ ✔      │ 1m32s    │
│ 4 │ Book 3 3-3  │ 2025-01-09 20:37:10 │ 2025-01-09 20:37:34 │ ✔      │ 0m23s    │
│ 5 │ Book 3 3-4  │ 2025-01-09 20:37:34 │ 2025-01-09 20:40:02 │ ✔      │ 2m28s    │
└───┴─────────────┴─────────────────────┴─────────────────────┴────────┴──────────┘
Songs                                                                                                                               
┏━━━┳━━━━━━━━━━━━━━━━━━━━━━━━━━━━━━━━━━━━━━━━━━━━━━━━━━━━━━━━━━━━━━┳━━━━━━━━━━━━━━━━━━━━━┳━━━━━━━━━━━━━━━━━━━━━┳━━━━━━━━┳━━━━━━━━━━┓
┃ # ┃ Name                                                         ┃ Start               ┃ Finish              ┃ Status ┃ Duration ┃
┡━━━╇━━━━━━━━━━━━━━━━━━━━━━━━━━━━━━━━━━━━━━━━━━━━━━━━━━━━━━━━━━━━━━╇━━━━━━━━━━━━━━━━━━━━━╇━━━━━━━━━━━━━━━━━━━━━╇━━━━━━━━╇━━━━━━━━━━┩
│ 1 │ Joy of Piano - Clair De Lune, Debussy (p20)                  │ 2025-01-09 20:40:09 │ 2025-01-09 21:09:52 │ ✔      │ 29m42s   │
│ 2 │ Easy Piano Classics - Sonatina (Op 36, No 1), Clementi (p60) │ 2025-01-09 21:09:52 │ 2025-01-09 21:54:00 │ ✔      │ 44m7s    │
└───┴──────────────────────────────────────────────────────────────┴─────────────────────┴─────────────────────┴────────┴──────────┘
Repetoire Review                                                                                                       
┏━━━┳━━━━━━━━━━━━━━━━━━━━━━━━━━━━━━━━━━━━━━━━━━━━━━━━━┳━━━━━━━━━━━━━━━━━━━━━┳━━━━━━━━━━━━━━━━━━━━━┳━━━━━━━━┳━━━━━━━━━━┓
┃ # ┃ Name                                            ┃ Start               ┃ Finish              ┃ Status ┃ Duration ┃
┡━━━╇━━━━━━━━━━━━━━━━━━━━━━━━━━━━━━━━━━━━━━━━━━━━━━━━━╇━━━━━━━━━━━━━━━━━━━━━╇━━━━━━━━━━━━━━━━━━━━━╇━━━━━━━━╇━━━━━━━━━━┩
│ 1 │ Easy Piano Classics - Ballade, Burgmuller (p88) │ 2025-01-09 21:55:01 │ 2025-01-09 22:06:49 │ ✔      │ 11m47s   │
└───┴─────────────────────────────────────────────────┴─────────────────────┴─────────────────────┴────────┴──────────┘
