Session 2025-01-11 15:19
Daily Dozen                                                                        
┏━━━┳━━━━━━━━━━━━━┳━━━━━━━━━━━━━━━━━━━━━┳━━━━━━━━━━━━━━━━━━━━━┳━━━━━━━━┳━━━━━━━━━━┓
┃ # ┃ Name        ┃ Start               ┃ Finish              ┃ Status ┃ Duration ┃
┡━━━╇━━━━━━━━━━━━━╇━━━━━━━━━━━━━━━━━━━━━╇━━━━━━━━━━━━━━━━━━━━━╇━━━━━━━━╇━━━━━━━━━━┩
│ 1 │ Book 3 2-12 │ 2025-01-11 15:19:51 │ 2025-01-11 15:21:55 │ ✔      │ 2m3s     │
│ 2 │ Book 3 3-1  │ 2025-01-11 15:21:55 │ 2025-01-11 15:23:00 │ ✔      │ 1m4s     │
│ 3 │ Book 3 3-2  │ 2025-01-11 15:23:00 │ 2025-01-11 15:24:05 │ ✔      │ 1m5s     │
│ 4 │ Book 3 3-3  │ 2025-01-11 15:24:05 │ 2025-01-11 15:24:32 │ ✔      │ 0m26s    │
│ 5 │ Book 3 3-4  │ 2025-01-11 15:24:32 │ 2025-01-11 15:26:46 │ ✔      │ 2m14s    │
└───┴─────────────┴─────────────────────┴─────────────────────┴────────┴──────────┘
Songs                                                                                                                               
┏━━━┳━━━━━━━━━━━━━━━━━━━━━━━━━━━━━━━━━━━━━━━━━━━━━━━━━━━━━━━━━━━━━━┳━━━━━━━━━━━━━━━━━━━━━┳━━━━━━━━━━━━━━━━━━━━━┳━━━━━━━━┳━━━━━━━━━━┓
┃ # ┃ Name                                                         ┃ Start               ┃ Finish              ┃ Status ┃ Duration ┃
┡━━━╇━━━━━━━━━━━━━━━━━━━━━━━━━━━━━━━━━━━━━━━━━━━━━━━━━━━━━━━━━━━━━━╇━━━━━━━━━━━━━━━━━━━━━╇━━━━━━━━━━━━━━━━━━━━━╇━━━━━━━━╇━━━━━━━━━━┩
│ 1 │ Joy of Piano - Clair De Lune, Debussy (p20)                  │ 2025-01-11 15:26:46 │ 2025-01-11 15:34:00 │ ✔      │ 7m13s    │
│ 2 │ Easy Piano Classics - Sonatina (Op 36, No 1), Clementi (p60) │ 2025-01-11 15:34:00 │ 2025-01-11 15:43:42 │ ✔      │ 9m42s    │
└───┴──────────────────────────────────────────────────────────────┴─────────────────────┴─────────────────────┴────────┴──────────┘
Repetoire Review                                                                                                        
┏━━━┳━━━━━━━━━━━━━━━━━━━━━━━━━━━━━━━━━━━━━━━━━━━━━━━━━━┳━━━━━━━━━━━━━━━━━━━━━┳━━━━━━━━━━━━━━━━━━━━━┳━━━━━━━━┳━━━━━━━━━━┓
┃ # ┃ Name                                             ┃ Start               ┃ Finish              ┃ Status ┃ Duration ┃
┡━━━╇━━━━━━━━━━━━━━━━━━━━━━━━━━━━━━━━━━━━━━━━━━━━━━━━━━╇━━━━━━━━━━━━━━━━━━━━━╇━━━━━━━━━━━━━━━━━━━━━╇━━━━━━━━╇━━━━━━━━━━┩
│ 1 │ Jazzin Americana - Battle in Carnegie Hall (p18) │ 2025-01-11 15:44:07 │ 2025-01-11 15:50:15 │ ✔      │ 6m7s     │
└───┴──────────────────────────────────────────────────┴─────────────────────┴─────────────────────┴────────┴──────────┘
