Session 2025-02-05 20:16
Warm Ups                                                                       
┏━━━┳━━━━━━━━━┳━━━━━━━━━━━━━━━━━━━━━┳━━━━━━━━━━━━━━━━━━━━━┳━━━━━━━━┳━━━━━━━━━━┓
┃ # ┃ Name    ┃ Start               ┃ Finish              ┃ Status ┃ Duration ┃
┡━━━╇━━━━━━━━━╇━━━━━━━━━━━━━━━━━━━━━╇━━━━━━━━━━━━━━━━━━━━━╇━━━━━━━━╇━━━━━━━━━━┩
│ 1 │ Stretch │ 2025-02-05 20:17:50 │ 2025-02-05 20:19:10 │ ✔      │ 1m19s    │
│ 2 │ Rock    │ 2025-02-05 20:19:10 │ 2025-02-05 20:19:38 │ ✔      │ 0m28s    │
└───┴─────────┴─────────────────────┴─────────────────────┴────────┴──────────┘
Scales and Chords                                                                                                            
┏━━━┳━━━━━━━━━━━━━━━━━━━━━━━━━━━━━━━━━━━━━━━━━━━━━━━━━━━━━━━┳━━━━━━━━━━━━━━━━━━━━━┳━━━━━━━━━━━━━━━━━━━━━┳━━━━━━━━┳━━━━━━━━━━┓
┃ # ┃ Name                                                  ┃ Start               ┃ Finish              ┃ Status ┃ Duration ┃
┡━━━╇━━━━━━━━━━━━━━━━━━━━━━━━━━━━━━━━━━━━━━━━━━━━━━━━━━━━━━━╇━━━━━━━━━━━━━━━━━━━━━╇━━━━━━━━━━━━━━━━━━━━━╇━━━━━━━━╇━━━━━━━━━━┩
│ 1 │ Expanded Scale (C, G)                                 │ 2025-02-05 20:19:39 │ 2025-02-05 20:20:45 │ ✔      │ 1m6s     │
│ 2 │ Four Octave Scale (C, G, D, A, F, Bb, Am, Dm, Em, Gm) │ 2025-02-05 20:20:45 │ 2025-02-05 20:32:37 │ ✔      │ 11m51s   │
│ 3 │ Arpeggio (C, G, D, A, F, Bb, Am, Dm, Em, Gm)          │ 2025-02-05 20:32:37 │ 2025-02-05 20:36:54 │ ✔      │ 4m17s    │
│ 4 │ Chromatic Scale (D, Ab)                               │ 2025-02-05 20:36:54 │ 2025-02-05 20:37:31 │ ✔      │ 0m36s    │
│ 5 │ Triads (C, G, D, A, F, Bb, Am, Dm, Em, Gm)            │ 2025-02-05 20:37:31 │ 2025-02-05 20:40:32 │ ✔      │ 3m1s     │
│ 6 │ Broken Chords (C, G, D, A, F, Bb, Am, Dm, Em, Gm)     │ 2025-02-05 20:40:32 │ 2025-02-05 20:48:18 │ ✔      │ 7m45s    │
│ 7 │ Broken Triads (C, G, D, A, F, Bb, Am, Dm, Em, Gm)     │ 2025-02-05 20:48:18 │ 2025-02-05 20:50:48 │ ✔      │ 2m29s    │
└───┴───────────────────────────────────────────────────────┴─────────────────────┴─────────────────────┴────────┴──────────┘
Daily Dozen                                                                         
┏━━━━┳━━━━━━━━━━━━━┳━━━━━━━━━━━━━━━━━━━━━┳━━━━━━━━━━━━━━━━━━━━━┳━━━━━━━━┳━━━━━━━━━━┓
┃ #  ┃ Name        ┃ Start               ┃ Finish              ┃ Status ┃ Duration ┃
┡━━━━╇━━━━━━━━━━━━━╇━━━━━━━━━━━━━━━━━━━━━╇━━━━━━━━━━━━━━━━━━━━━╇━━━━━━━━╇━━━━━━━━━━┩
│ 1  │ Book 3 3-1  │ 2025-02-05 20:51:01 │ 2025-02-05 20:51:59 │ ✔      │ 0m58s    │
│ 2  │ Book 3 3-2  │ 2025-02-05 20:51:59 │ 2025-02-05 20:52:38 │ ✔      │ 0m39s    │
│ 3  │ Book 3 3-3  │ 2025-02-05 20:52:38 │ 2025-02-05 20:53:07 │ ✔      │ 0m28s    │
│ 4  │ Book 3 3-4  │ 2025-02-05 20:53:07 │ 2025-02-05 20:54:07 │ ✔      │ 1m0s     │
│ 5  │ Book 3 3-5  │ 2025-02-05 20:54:07 │ 2025-02-05 20:54:24 │ ✔      │ 0m17s    │
│ 6  │ Book 3 3-6  │ 2025-02-05 20:54:24 │ 2025-02-05 20:55:18 │ ✔      │ 0m53s    │
│ 7  │ Book 3 3-7  │ 2025-02-05 20:55:18 │ 2025-02-05 20:56:43 │ ✔      │ 1m25s    │
│ 8  │ Book 3 3-8  │ 2025-02-05 20:56:43 │ 2025-02-05 20:57:53 │ ✔      │ 1m9s     │
│ 9  │ Book 3 3-9  │ 2025-02-05 20:57:53 │ 2025-02-05 20:59:05 │ ✔      │ 1m12s    │
│ 10 │ Book 3 3-10 │ 2025-02-05 20:59:05 │ 2025-02-05 21:02:49 │ ✔      │ 3m43s    │
│ 11 │ Book 3 3-11 │ 2025-02-05 21:02:49 │ 2025-02-05 21:10:16 │ ✔      │ 7m26s    │
│ 12 │ Book 3 3-12 │ 2025-02-05 21:10:16 │ 2025-02-05 21:14:10 │ ✔      │ 3m53s    │
└────┴─────────────┴─────────────────────┴─────────────────────┴────────┴──────────┘
Songs                                                                                                                               
┏━━━┳━━━━━━━━━━━━━━━━━━━━━━━━━━━━━━━━━━━━━━━━━━━━━━━━━━━━━━━━━━━━━━┳━━━━━━━━━━━━━━━━━━━━━┳━━━━━━━━━━━━━━━━━━━━━┳━━━━━━━━┳━━━━━━━━━━┓
┃ # ┃ Name                                                         ┃ Start               ┃ Finish              ┃ Status ┃ Duration ┃
┡━━━╇━━━━━━━━━━━━━━━━━━━━━━━━━━━━━━━━━━━━━━━━━━━━━━━━━━━━━━━━━━━━━━╇━━━━━━━━━━━━━━━━━━━━━╇━━━━━━━━━━━━━━━━━━━━━╇━━━━━━━━╇━━━━━━━━━━┩
│ 1 │ Joy of Piano - Clair De Lune, Debussy (p20)                  │ 2025-02-05 21:14:15 │ 2025-02-05 21:31:18 │ ✔      │ 17m3s    │
│ 2 │ Easy Piano Classics - Sonatina (Op 36, No 1), Clementi (p60) │ 2025-02-05 21:31:18 │ 2025-02-05 21:54:05 │ ✔      │ 22m46s   │
└───┴──────────────────────────────────────────────────────────────┴─────────────────────┴─────────────────────┴────────┴──────────┘
