Session 2025-01-11 14:48
Warm Ups                                                                       
┏━━━┳━━━━━━━━━┳━━━━━━━━━━━━━━━━━━━━━┳━━━━━━━━━━━━━━━━━━━━━┳━━━━━━━━┳━━━━━━━━━━┓
┃ # ┃ Name    ┃ Start               ┃ Finish              ┃ Status ┃ Duration ┃
┡━━━╇━━━━━━━━━╇━━━━━━━━━━━━━━━━━━━━━╇━━━━━━━━━━━━━━━━━━━━━╇━━━━━━━━╇━━━━━━━━━━┩
│ 1 │ Stretch │ 2025-01-11 14:50:09 │ 2025-01-11 14:50:09 │ ✔      │ 0m0s     │
│ 2 │ Rock    │ 2025-01-11 14:50:09 │ 2025-01-11 14:50:47 │ ✔      │ 0m37s    │
└───┴─────────┴─────────────────────┴─────────────────────┴────────┴──────────┘
Scales and Chords                                                                                                    
┏━━━┳━━━━━━━━━━━━━━━━━━━━━━━━━━━━━━━━━━━━━━━━━━━━━━━┳━━━━━━━━━━━━━━━━━━━━━┳━━━━━━━━━━━━━━━━━━━━━┳━━━━━━━━┳━━━━━━━━━━┓
┃ # ┃ Name                                          ┃ Start               ┃ Finish              ┃ Status ┃ Duration ┃
┡━━━╇━━━━━━━━━━━━━━━━━━━━━━━━━━━━━━━━━━━━━━━━━━━━━━━╇━━━━━━━━━━━━━━━━━━━━━╇━━━━━━━━━━━━━━━━━━━━━╇━━━━━━━━╇━━━━━━━━━━┩
│ 1 │ Expanded Scale (C, G)                         │ 2025-01-11 14:50:48 │ 2025-01-11 14:51:52 │ ✔      │ 1m4s     │
│ 2 │ Four Octave Scale (C, G, D, A, F, Am, Dm, Em) │ 2025-01-11 14:51:52 │ 2025-01-11 14:55:58 │ ✔      │ 4m5s     │
│ 3 │ Arpeggio (C, G, D, A, F, Am, Dm, Em)          │ 2025-01-11 14:55:58 │ 2025-01-11 14:58:29 │ ✔      │ 2m31s    │
│ 4 │ Chromatic Scale (D, Ab)                       │ 2025-01-11 14:58:29 │ 2025-01-11 14:59:05 │ ✔      │ 0m35s    │
│ 5 │ Triads (C, G, D, A, F, Am, Dm, Em)            │ 2025-01-11 14:59:05 │ 2025-01-11 15:01:18 │ ✔      │ 2m13s    │
│ 6 │ Broken Chords (C, G, D, A, F, Am, Dm, Em)     │ 2025-01-11 15:01:18 │ 2025-01-11 15:04:41 │ ✔      │ 3m23s    │
│ 7 │ Broken Triads (C, G, D, A, F, Am, Dm, Em)     │ 2025-01-11 15:04:41 │ 2025-01-11 15:07:12 │ ✔      │ 2m30s    │
└───┴───────────────────────────────────────────────┴─────────────────────┴─────────────────────┴────────┴──────────┘
