Session 2025-02-06 13:29
Warm Ups                                                                       
┏━━━┳━━━━━━━━━┳━━━━━━━━━━━━━━━━━━━━━┳━━━━━━━━━━━━━━━━━━━━━┳━━━━━━━━┳━━━━━━━━━━┓
┃ # ┃ Name    ┃ Start               ┃ Finish              ┃ Status ┃ Duration ┃
┡━━━╇━━━━━━━━━╇━━━━━━━━━━━━━━━━━━━━━╇━━━━━━━━━━━━━━━━━━━━━╇━━━━━━━━╇━━━━━━━━━━┩
│ 1 │ Stretch │ 2025-02-06 13:29:43 │ 2025-02-06 13:30:04 │ ✔      │ 0m21s    │
│ 2 │ Rock    │ 2025-02-06 13:30:04 │ 2025-02-06 13:30:24 │ ✔      │ 0m19s    │
└───┴─────────┴─────────────────────┴─────────────────────┴────────┴──────────┘
Scales and Chords                                                                                                            
┏━━━┳━━━━━━━━━━━━━━━━━━━━━━━━━━━━━━━━━━━━━━━━━━━━━━━━━━━━━━━┳━━━━━━━━━━━━━━━━━━━━━┳━━━━━━━━━━━━━━━━━━━━━┳━━━━━━━━┳━━━━━━━━━━┓
┃ # ┃ Name                                                  ┃ Start               ┃ Finish              ┃ Status ┃ Duration ┃
┡━━━╇━━━━━━━━━━━━━━━━━━━━━━━━━━━━━━━━━━━━━━━━━━━━━━━━━━━━━━━╇━━━━━━━━━━━━━━━━━━━━━╇━━━━━━━━━━━━━━━━━━━━━╇━━━━━━━━╇━━━━━━━━━━┩
│ 1 │ Expanded Scale (C, G)                                 │ 2025-02-06 13:30:25 │ 2025-02-06 13:31:43 │ ✔      │ 1m18s    │
│ 2 │ Four Octave Scale (C, G, D, A, F, Bb, Am, Dm, Em, Gm) │ 2025-02-06 13:31:43 │ 2025-02-06 13:42:18 │ ✔      │ 10m34s   │
│ 3 │ Arpeggio (C, G, D, A, F, Bb, Am, Dm, Em, Gm)          │ 2025-02-06 13:42:18 │ 2025-02-06 13:45:10 │ ✔      │ 2m52s    │
│ 4 │ Chromatic Scale (D, Ab)                               │ 2025-02-06 13:45:10 │ 2025-02-06 13:45:37 │ ✔      │ 0m26s    │
│ 5 │ Triads (C, G, D, A, F, Bb, Am, Dm, Em, Gm)            │ 2025-02-06 13:45:37 │ 2025-02-06 13:48:07 │ ✔      │ 2m30s    │
│ 6 │ Broken Chords (C, G, D, A, F, Bb, Am, Dm, Em, Gm)     │ 2025-02-06 13:48:07 │ 2025-02-06 13:51:19 │ ✔      │ 3m11s    │
│ 7 │ Broken Triads (C, G, D, A, F, Bb, Am, Dm, Em, Gm)     │ 2025-02-06 13:51:19 │ 2025-02-06 13:56:58 │ ✔      │ 5m39s    │
└───┴───────────────────────────────────────────────────────┴─────────────────────┴─────────────────────┴────────┴──────────┘
