Session 2025-01-17 13:47
Warm Ups                                                                       
┏━━━┳━━━━━━━━━┳━━━━━━━━━━━━━━━━━━━━━┳━━━━━━━━━━━━━━━━━━━━━┳━━━━━━━━┳━━━━━━━━━━┓
┃ # ┃ Name    ┃ Start               ┃ Finish              ┃ Status ┃ Duration ┃
┡━━━╇━━━━━━━━━╇━━━━━━━━━━━━━━━━━━━━━╇━━━━━━━━━━━━━━━━━━━━━╇━━━━━━━━╇━━━━━━━━━━┩
│ 1 │ Stretch │ 2025-01-17 13:47:55 │ 2025-01-17 13:48:56 │ ✔      │ 1m0s     │
│ 2 │ Rock    │ 2025-01-17 13:48:56 │ 2025-01-17 13:49:17 │ ✔      │ 0m21s    │
└───┴─────────┴─────────────────────┴─────────────────────┴────────┴──────────┘
Scales and Chords                                                                                                        
┏━━━┳━━━━━━━━━━━━━━━━━━━━━━━━━━━━━━━━━━━━━━━━━━━━━━━━━━━┳━━━━━━━━━━━━━━━━━━━━━┳━━━━━━━━━━━━━━━━━━━━━┳━━━━━━━━┳━━━━━━━━━━┓
┃ # ┃ Name                                              ┃ Start               ┃ Finish              ┃ Status ┃ Duration ┃
┡━━━╇━━━━━━━━━━━━━━━━━━━━━━━━━━━━━━━━━━━━━━━━━━━━━━━━━━━╇━━━━━━━━━━━━━━━━━━━━━╇━━━━━━━━━━━━━━━━━━━━━╇━━━━━━━━╇━━━━━━━━━━┩
│ 1 │ Expanded Scale (C, G)                             │ 2025-01-17 13:49:18 │ 2025-01-17 13:50:18 │ ✔      │ 1m0s     │
│ 2 │ Four Octave Scale (C, G, D, A, F, Bb, Am, Dm, Em) │ 2025-01-17 13:50:18 │ 2025-01-17 14:02:10 │ ✔      │ 11m51s   │
│ 3 │ Arpeggio (C, G, D, A, F, Bb, Am, Dm, Em)          │ 2025-01-17 14:02:10 │ 2025-01-17 14:06:00 │ ✔      │ 3m50s    │
│ 4 │ Chromatic Scale (D, Ab)                           │ 2025-01-17 14:06:00 │ 2025-01-17 14:06:54 │ ✔      │ 0m53s    │
│ 5 │ Triads (C, G, D, A, F, Bb, Am, Dm, Em)            │ 2025-01-17 14:06:54 │ 2025-01-17 14:11:37 │ ✔      │ 4m43s    │
│ 6 │ Broken Chords (C, G, D, A, F, Bb, Am, Dm, Em)     │ 2025-01-17 14:11:37 │ 2025-01-17 14:17:11 │ ✔      │ 5m33s    │
│ 7 │ Broken Triads (C, G, D, A, F, Bb, Am, Dm, Em)     │ 2025-01-17 14:17:11 │ 2025-01-17 14:19:30 │ ✔      │ 2m18s    │
└───┴───────────────────────────────────────────────────┴─────────────────────┴─────────────────────┴────────┴──────────┘
Daily Dozen                                                                       
┏━━━┳━━━━━━━━━━━━┳━━━━━━━━━━━━━━━━━━━━━┳━━━━━━━━━━━━━━━━━━━━━┳━━━━━━━━┳━━━━━━━━━━┓
┃ # ┃ Name       ┃ Start               ┃ Finish              ┃ Status ┃ Duration ┃
┡━━━╇━━━━━━━━━━━━╇━━━━━━━━━━━━━━━━━━━━━╇━━━━━━━━━━━━━━━━━━━━━╇━━━━━━━━╇━━━━━━━━━━┩
│ 1 │ Book 3 3-1 │ 2025-01-17 14:20:58 │ 2025-01-17 14:21:42 │ ✔      │ 0m44s    │
│ 2 │ Book 3 3-2 │ 2025-01-17 14:21:42 │ 2025-01-17 14:22:32 │ ✔      │ 0m50s    │
│ 3 │ Book 3 3-3 │ 2025-01-17 14:22:32 │ 2025-01-17 14:22:52 │ ✔      │ 0m20s    │
│ 4 │ Book 3 3-4 │ 2025-01-17 14:22:52 │ 2025-01-17 14:23:26 │ ✔      │ 0m33s    │
│ 5 │ Book 3 3-5 │ 2025-01-17 14:23:26 │ 2025-01-17 14:24:09 │ ✔      │ 0m43s    │
│ 6 │ Book 3 3-6 │ 2025-01-17 14:24:09 │ 2025-01-17 14:25:10 │ ✔      │ 1m0s     │
└───┴────────────┴─────────────────────┴─────────────────────┴────────┴──────────┘
Songs                                                                                                                               
┏━━━┳━━━━━━━━━━━━━━━━━━━━━━━━━━━━━━━━━━━━━━━━━━━━━━━━━━━━━━━━━━━━━━┳━━━━━━━━━━━━━━━━━━━━━┳━━━━━━━━━━━━━━━━━━━━━┳━━━━━━━━┳━━━━━━━━━━┓
┃ # ┃ Name                                                         ┃ Start               ┃ Finish              ┃ Status ┃ Duration ┃
┡━━━╇━━━━━━━━━━━━━━━━━━━━━━━━━━━━━━━━━━━━━━━━━━━━━━━━━━━━━━━━━━━━━━╇━━━━━━━━━━━━━━━━━━━━━╇━━━━━━━━━━━━━━━━━━━━━╇━━━━━━━━╇━━━━━━━━━━┩
│ 1 │ Joy of Piano - Clair De Lune, Debussy (p20)                  │ 2025-01-17 14:25:17 │ 2025-01-17 14:31:19 │ ✔      │ 6m1s     │
│ 2 │ Easy Piano Classics - Sonatina (Op 36, No 1), Clementi (p60) │ 2025-01-17 14:31:19 │ 2025-01-17 14:42:14 │ ✔      │ 10m55s   │
└───┴──────────────────────────────────────────────────────────────┴─────────────────────┴─────────────────────┴────────┴──────────┘
Repetoire Review                                                                                                            
┏━━━┳━━━━━━━━━━━━━━━━━━━━━━━━━━━━━━━━━━━━━━━━━━━━━━━━━━━━━━┳━━━━━━━━━━━━━━━━━━━━━┳━━━━━━━━━━━━━━━━━━━━━┳━━━━━━━━┳━━━━━━━━━━┓
┃ # ┃ Name                                                 ┃ Start               ┃ Finish              ┃ Status ┃ Duration ┃
┡━━━╇━━━━━━━━━━━━━━━━━━━━━━━━━━━━━━━━━━━━━━━━━━━━━━━━━━━━━━╇━━━━━━━━━━━━━━━━━━━━━╇━━━━━━━━━━━━━━━━━━━━━╇━━━━━━━━╇━━━━━━━━━━┩
│ 1 │ Easy Piano Classics - Minuet in F Major, Haydn (p42) │ 2025-01-17 14:42:34 │ 2025-01-17 14:46:15 │ ✔      │ 3m40s    │
└───┴──────────────────────────────────────────────────────┴─────────────────────┴─────────────────────┴────────┴──────────┘
