Session 2025-02-08 10:52
Warm Ups                                                                       
┏━━━┳━━━━━━━━━┳━━━━━━━━━━━━━━━━━━━━━┳━━━━━━━━━━━━━━━━━━━━━┳━━━━━━━━┳━━━━━━━━━━┓
┃ # ┃ Name    ┃ Start               ┃ Finish              ┃ Status ┃ Duration ┃
┡━━━╇━━━━━━━━━╇━━━━━━━━━━━━━━━━━━━━━╇━━━━━━━━━━━━━━━━━━━━━╇━━━━━━━━╇━━━━━━━━━━┩
│ 1 │ Stretch │ 2025-02-08 10:52:27 │ 2025-02-08 10:52:47 │ ✔      │ 0m20s    │
│ 2 │ Rock    │ 2025-02-08 10:52:47 │ 2025-02-08 10:53:26 │ ✔      │ 0m38s    │
└───┴─────────┴─────────────────────┴─────────────────────┴────────┴──────────┘
Scales and Chords                                                                                                            
┏━━━┳━━━━━━━━━━━━━━━━━━━━━━━━━━━━━━━━━━━━━━━━━━━━━━━━━━━━━━━┳━━━━━━━━━━━━━━━━━━━━━┳━━━━━━━━━━━━━━━━━━━━━┳━━━━━━━━┳━━━━━━━━━━┓
┃ # ┃ Name                                                  ┃ Start               ┃ Finish              ┃ Status ┃ Duration ┃
┡━━━╇━━━━━━━━━━━━━━━━━━━━━━━━━━━━━━━━━━━━━━━━━━━━━━━━━━━━━━━╇━━━━━━━━━━━━━━━━━━━━━╇━━━━━━━━━━━━━━━━━━━━━╇━━━━━━━━╇━━━━━━━━━━┩
│ 1 │ Expanded Scale (C, G)                                 │ 2025-02-08 10:53:27 │ 2025-02-08 10:54:55 │ ✔      │ 1m27s    │
│ 2 │ Four Octave Scale (C, G, D, A, F, Bb, Am, Dm, Em, Gm) │ 2025-02-08 10:54:55 │ 2025-02-08 11:01:50 │ ✔      │ 6m55s    │
│ 3 │ Arpeggio (C, G, D, A, F, Bb, Am, Dm, Em, Gm)          │ 2025-02-08 11:01:50 │ 2025-02-08 11:04:58 │ ✔      │ 3m7s     │
│ 4 │ Chromatic Scale (D, Ab)                               │ 2025-02-08 11:04:58 │ 2025-02-08 11:05:24 │ ✔      │ 0m26s    │
│ 5 │ Triads (C, G, D, A, F, Bb, Am, Dm, Em, Gm)            │ 2025-02-08 11:05:24 │ 2025-02-08 11:08:05 │ ✔      │ 2m40s    │
│ 6 │ Broken Chords (C, G, D, A, F, Bb, Am, Dm, Em, Gm)     │ 2025-02-08 11:08:05 │ 2025-02-08 11:14:22 │ ✔      │ 6m17s    │
│ 7 │ Broken Triads (C, G, D, A, F, Bb, Am, Dm, Em, Gm)     │ 2025-02-08 11:14:22 │ 2025-02-08 11:18:54 │ ✔      │ 4m32s    │
└───┴───────────────────────────────────────────────────────┴─────────────────────┴─────────────────────┴────────┴──────────┘
Daily Dozen                                                                         
┏━━━━┳━━━━━━━━━━━━━┳━━━━━━━━━━━━━━━━━━━━━┳━━━━━━━━━━━━━━━━━━━━━┳━━━━━━━━┳━━━━━━━━━━┓
┃ #  ┃ Name        ┃ Start               ┃ Finish              ┃ Status ┃ Duration ┃
┡━━━━╇━━━━━━━━━━━━━╇━━━━━━━━━━━━━━━━━━━━━╇━━━━━━━━━━━━━━━━━━━━━╇━━━━━━━━╇━━━━━━━━━━┩
│ 1  │ Book 3 3-1  │ 2025-02-08 11:19:13 │ 2025-02-08 11:19:50 │ ✔      │ 0m37s    │
│ 2  │ Book 3 3-2  │ 2025-02-08 11:19:50 │ 2025-02-08 11:20:25 │ ✔      │ 0m34s    │
│ 3  │ Book 3 3-3  │ 2025-02-08 11:20:25 │ 2025-02-08 11:20:48 │ ✔      │ 0m23s    │
│ 4  │ Book 3 3-4  │ 2025-02-08 11:20:48 │ 2025-02-08 11:22:47 │ ✔      │ 1m59s    │
│ 5  │ Book 3 3-5  │ 2025-02-08 11:22:47 │ 2025-02-08 11:23:12 │ ✔      │ 0m25s    │
│ 6  │ Book 3 3-6  │ 2025-02-08 11:23:12 │ 2025-02-08 11:24:08 │ ✔      │ 0m55s    │
│ 7  │ Book 3 3-7  │ 2025-02-08 11:24:08 │ 2025-02-08 11:25:07 │ ✔      │ 0m58s    │
│ 8  │ Book 3 3-8  │ 2025-02-08 11:25:07 │ 2025-02-08 11:26:33 │ ✔      │ 1m26s    │
│ 9  │ Book 3 3-9  │ 2025-02-08 11:26:33 │ 2025-02-08 11:26:58 │ ✔      │ 0m24s    │
│ 10 │ Book 3 3-10 │ 2025-02-08 11:26:58 │ 2025-02-08 11:29:04 │ ✔      │ 2m6s     │
│ 11 │ Book 3 3-11 │ 2025-02-08 11:29:04 │ 2025-02-08 11:32:19 │ ✔      │ 3m15s    │
│ 12 │ Book 3 3-12 │ 2025-02-08 11:32:19 │ 2025-02-08 11:33:52 │ ✔      │ 1m32s    │
└────┴─────────────┴─────────────────────┴─────────────────────┴────────┴──────────┘
