Session 2025-01-03 22:45
Warm Ups                                                                       
┏━━━┳━━━━━━━━━┳━━━━━━━━━━━━━━━━━━━━━┳━━━━━━━━━━━━━━━━━━━━━┳━━━━━━━━┳━━━━━━━━━━┓
┃ # ┃ Name    ┃ Start               ┃ Finish              ┃ Status ┃ Duration ┃
┡━━━╇━━━━━━━━━╇━━━━━━━━━━━━━━━━━━━━━╇━━━━━━━━━━━━━━━━━━━━━╇━━━━━━━━╇━━━━━━━━━━┩
│ 1 │ Stretch │ 2025-01-03 22:45:27 │ 2025-01-03 22:47:41 │ ✔      │ 2m13s    │
│ 2 │ Rock    │ 2025-01-03 22:47:41 │ 2025-01-03 22:48:29 │ ✔      │ 0m48s    │
└───┴─────────┴─────────────────────┴─────────────────────┴────────┴──────────┘
Scales and Chords                                                                                                    
┏━━━┳━━━━━━━━━━━━━━━━━━━━━━━━━━━━━━━━━━━━━━━━━━━━━━━┳━━━━━━━━━━━━━━━━━━━━━┳━━━━━━━━━━━━━━━━━━━━━┳━━━━━━━━┳━━━━━━━━━━┓
┃ # ┃ Name                                          ┃ Start               ┃ Finish              ┃ Status ┃ Duration ┃
┡━━━╇━━━━━━━━━━━━━━━━━━━━━━━━━━━━━━━━━━━━━━━━━━━━━━━╇━━━━━━━━━━━━━━━━━━━━━╇━━━━━━━━━━━━━━━━━━━━━╇━━━━━━━━╇━━━━━━━━━━┩
│ 1 │ Expanded Scale (C, G)                         │ 2025-01-03 22:48:32 │ 2025-01-03 22:49:44 │ ✔      │ 1m11s    │
│ 2 │ Four Octave Scale (C, G, D, A, F, Am, Dm, Em) │ 2025-01-03 22:49:44 │ 2025-01-03 22:53:15 │ ✔      │ 3m31s    │
│ 3 │ Arpeggio (C, G, D, A, F, Am, Dm, Em)          │ 2025-01-03 22:53:15 │ 2025-01-03 22:54:53 │ ✔      │ 1m38s    │
│ 4 │ Chromatic Scale (D, Ab)                       │ 2025-01-03 22:54:53 │ 2025-01-03 22:56:03 │ ✔      │ 1m9s     │
│ 5 │ Triads (C, G, D, A, F, Am, Dm, Em)            │ 2025-01-03 22:56:03 │ 2025-01-03 22:58:23 │ ✔      │ 2m19s    │
│ 6 │ Broken Chords (C, G, D, A, F, Am, Dm, Em)     │ 2025-01-03 22:58:23 │ 2025-01-03 23:02:44 │ ✔      │ 4m20s    │
│ 7 │ Broken Triads (C, G, D, A, F, Am, Dm, Em)     │ 2025-01-03 23:02:44 │ 2025-01-03 23:06:30 │ ✔      │ 3m45s    │
└───┴───────────────────────────────────────────────┴─────────────────────┴─────────────────────┴────────┴──────────┘
Daily Dozen                                                                        
┏━━━┳━━━━━━━━━━━━━┳━━━━━━━━━━━━━━━━━━━━━┳━━━━━━━━━━━━━━━━━━━━━┳━━━━━━━━┳━━━━━━━━━━┓
┃ # ┃ Name        ┃ Start               ┃ Finish              ┃ Status ┃ Duration ┃
┡━━━╇━━━━━━━━━━━━━╇━━━━━━━━━━━━━━━━━━━━━╇━━━━━━━━━━━━━━━━━━━━━╇━━━━━━━━╇━━━━━━━━━━┩
│ 1 │ Book 3 2-12 │ 2025-01-03 23:07:06 │ 2025-01-03 23:08:47 │ ✔      │ 1m40s    │
│ 2 │ Book 3 3-1  │ 2025-01-03 23:08:47 │ 2025-01-03 23:10:08 │ ✔      │ 1m21s    │
│ 3 │ Book 3 3-2  │ 2025-01-03 23:10:08 │ 2025-01-03 23:11:58 │ ✔      │ 1m49s    │
│ 4 │ Book 3 3-3  │ 2025-01-03 23:11:58 │ 2025-01-03 23:12:52 │ ✔      │ 0m54s    │
│ 5 │ Book 3 3-4  │ 2025-01-03 23:12:52 │ 2025-01-03 23:14:53 │ ✔      │ 2m1s     │
└───┴─────────────┴─────────────────────┴─────────────────────┴────────┴──────────┘
Songs                                                                                                                               
┏━━━┳━━━━━━━━━━━━━━━━━━━━━━━━━━━━━━━━━━━━━━━━━━━━━━━━━━━━━━━━━━━━━━┳━━━━━━━━━━━━━━━━━━━━━┳━━━━━━━━━━━━━━━━━━━━━┳━━━━━━━━┳━━━━━━━━━━┓
┃ # ┃ Name                                                         ┃ Start               ┃ Finish              ┃ Status ┃ Duration ┃
┡━━━╇━━━━━━━━━━━━━━━━━━━━━━━━━━━━━━━━━━━━━━━━━━━━━━━━━━━━━━━━━━━━━━╇━━━━━━━━━━━━━━━━━━━━━╇━━━━━━━━━━━━━━━━━━━━━╇━━━━━━━━╇━━━━━━━━━━┩
│ 1 │ Joy of Piano - Clair De Lune, Debussy (p20)                  │ 2025-01-03 23:40:30 │ 2025-01-03 23:59:07 │ ✔      │ 18m37s   │
│ 2 │ Easy Piano Classics - Sonatina (Op 36, No 1), Clementi (p60) │ 2025-01-03 23:14:59 │ 2025-01-03 23:40:30 │ ✔      │ 25m30s   │
└───┴──────────────────────────────────────────────────────────────┴─────────────────────┴─────────────────────┴────────┴──────────┘
Repetoire Review                                                                                                                   
┏━━━━┳━━━━━━━━━━━━━━━━━━━━━━━━━━━━━━━━━━━━━━━━━━━━━━━━━━━━━━━━━━━━┳━━━━━━━━━━━━━━━━━━━━━┳━━━━━━━━━━━━━━━━━━━━━┳━━━━━━━━┳━━━━━━━━━━┓
┃ #  ┃ Name                                                       ┃ Start               ┃ Finish              ┃ Status ┃ Duration ┃
┡━━━━╇━━━━━━━━━━━━━━━━━━━━━━━━━━━━━━━━━━━━━━━━━━━━━━━━━━━━━━━━━━━━╇━━━━━━━━━━━━━━━━━━━━━╇━━━━━━━━━━━━━━━━━━━━━╇━━━━━━━━╇━━━━━━━━━━┩
│ 11 │ Jazzin Americana - Bird in the Bebop (p12)                 │ 2025-01-03 23:59:14 │ 2025-01-04 00:04:37 │ ✔      │ 5m22s    │
└────┴────────────────────────────────────────────────────────────┴─────────────────────┴─────────────────────┴────────┴──────────┘
