Session 2025-02-12 13:06
Warm Ups                                                                       
┏━━━┳━━━━━━━━━┳━━━━━━━━━━━━━━━━━━━━━┳━━━━━━━━━━━━━━━━━━━━━┳━━━━━━━━┳━━━━━━━━━━┓
┃ # ┃ Name    ┃ Start               ┃ Finish              ┃ Status ┃ Duration ┃
┡━━━╇━━━━━━━━━╇━━━━━━━━━━━━━━━━━━━━━╇━━━━━━━━━━━━━━━━━━━━━╇━━━━━━━━╇━━━━━━━━━━┩
│ 1 │ Stretch │ 2025-02-12 13:06:58 │ 2025-02-12 13:07:51 │ ✔      │ 0m53s    │
│ 2 │ Rock    │ 2025-02-12 13:07:51 │ 2025-02-12 13:08:06 │ ✔      │ 0m14s    │
└───┴─────────┴─────────────────────┴─────────────────────┴────────┴──────────┘
Scales and Chords                                                                                                            
┏━━━┳━━━━━━━━━━━━━━━━━━━━━━━━━━━━━━━━━━━━━━━━━━━━━━━━━━━━━━━┳━━━━━━━━━━━━━━━━━━━━━┳━━━━━━━━━━━━━━━━━━━━━┳━━━━━━━━┳━━━━━━━━━━┓
┃ # ┃ Name                                                  ┃ Start               ┃ Finish              ┃ Status ┃ Duration ┃
┡━━━╇━━━━━━━━━━━━━━━━━━━━━━━━━━━━━━━━━━━━━━━━━━━━━━━━━━━━━━━╇━━━━━━━━━━━━━━━━━━━━━╇━━━━━━━━━━━━━━━━━━━━━╇━━━━━━━━╇━━━━━━━━━━┩
│ 1 │ Expanded Scale (C, G)                                 │ 2025-02-12 13:08:07 │ 2025-02-12 13:09:43 │ ✔      │ 1m35s    │
│ 2 │ Four Octave Scale (C, G, D, A, F, Bb, Am, Dm, Em, Gm) │ 2025-02-12 13:09:43 │ 2025-02-12 13:17:56 │ ✔      │ 8m13s    │
│ 3 │ Arpeggio (C, G, D, A, F, Bb, Am, Dm, Em, Gm)          │ 2025-02-12 13:17:56 │ 2025-02-12 13:20:12 │ ✔      │ 2m15s    │
│ 4 │ Chromatic Scale (D, Ab)                               │ 2025-02-12 13:20:12 │ 2025-02-12 13:20:36 │ ✔      │ 0m23s    │
│ 5 │ Triads (C, G, D, A, F, Bb, Am, Dm, Em, Gm)            │ 2025-02-12 13:20:36 │ 2025-02-12 13:22:58 │ ✔      │ 2m21s    │
│ 6 │ Broken Chords (C, G, D, A, F, Bb, Am, Dm, Em, Gm)     │ 2025-02-12 13:22:58 │ 2025-02-12 13:27:19 │ ✔      │ 4m20s    │
│ 7 │ Broken Triads (C, G, D, A, F, Bb, Am, Dm, Em, Gm)     │ 2025-02-12 13:27:19 │ 2025-02-12 13:29:53 │ ✔      │ 2m34s    │
└───┴───────────────────────────────────────────────────────┴─────────────────────┴─────────────────────┴────────┴──────────┘
Daily Dozen                                                                        
┏━━━┳━━━━━━━━━━━━━┳━━━━━━━━━━━━━━━━━━━━━┳━━━━━━━━━━━━━━━━━━━━━┳━━━━━━━━┳━━━━━━━━━━┓
┃ # ┃ Name        ┃ Start               ┃ Finish              ┃ Status ┃ Duration ┃
┡━━━╇━━━━━━━━━━━━━╇━━━━━━━━━━━━━━━━━━━━━╇━━━━━━━━━━━━━━━━━━━━━╇━━━━━━━━╇━━━━━━━━━━┩
│ 1 │ Book 2 3-10 │ 2025-02-12 13:31:29 │ 2025-02-12 13:34:59 │ ✔      │ 3m29s    │
│ 2 │ Book 2 4-1  │ 2025-02-12 13:34:59 │ 2025-02-12 13:37:59 │ ✔      │ 3m0s     │
│ 3 │ Book 2 4-2  │ 2025-02-12 13:37:59 │ 2025-02-12 13:43:48 │ ✔      │ 5m49s    │
└───┴─────────────┴─────────────────────┴─────────────────────┴────────┴──────────┘
