Session 2025-02-01 15:57
Warm Ups                                                                       
┏━━━┳━━━━━━━━━┳━━━━━━━━━━━━━━━━━━━━━┳━━━━━━━━━━━━━━━━━━━━━┳━━━━━━━━┳━━━━━━━━━━┓
┃ # ┃ Name    ┃ Start               ┃ Finish              ┃ Status ┃ Duration ┃
┡━━━╇━━━━━━━━━╇━━━━━━━━━━━━━━━━━━━━━╇━━━━━━━━━━━━━━━━━━━━━╇━━━━━━━━╇━━━━━━━━━━┩
│ 1 │ Stretch │ 2025-02-01 15:58:44 │ 2025-02-01 15:59:08 │ ✔      │ 0m23s    │
│ 2 │ Rock    │ 2025-02-01 15:59:08 │ 2025-02-01 15:59:18 │ ✔      │ 0m10s    │
└───┴─────────┴─────────────────────┴─────────────────────┴────────┴──────────┘
Scales and Chords                                                                                                        
┏━━━┳━━━━━━━━━━━━━━━━━━━━━━━━━━━━━━━━━━━━━━━━━━━━━━━━━━━┳━━━━━━━━━━━━━━━━━━━━━┳━━━━━━━━━━━━━━━━━━━━━┳━━━━━━━━┳━━━━━━━━━━┓
┃ # ┃ Name                                              ┃ Start               ┃ Finish              ┃ Status ┃ Duration ┃
┡━━━╇━━━━━━━━━━━━━━━━━━━━━━━━━━━━━━━━━━━━━━━━━━━━━━━━━━━╇━━━━━━━━━━━━━━━━━━━━━╇━━━━━━━━━━━━━━━━━━━━━╇━━━━━━━━╇━━━━━━━━━━┩
│ 1 │ Expanded Scale (C, G)                             │ 2025-02-01 15:59:22 │ 2025-02-01 16:01:00 │ ✔      │ 1m37s    │
│ 2 │ Four Octave Scale (C, G, D, A, F, Bb, Am, Dm, Em) │ 2025-02-01 16:01:00 │ 2025-02-01 16:10:36 │ ✔      │ 9m36s    │
│ 3 │ Arpeggio (C, G, D, A, F, Bb, Am, Dm, Em)          │ 2025-02-01 16:10:36 │ 2025-02-01 16:13:00 │ ✔      │ 2m24s    │
│ 4 │ Chromatic Scale (D, Ab)                           │ 2025-02-01 16:13:00 │ 2025-02-01 16:13:31 │ ✔      │ 0m30s    │
│ 5 │ Triads (C, G, D, A, F, Bb, Am, Dm, Em)            │ 2025-02-01 16:13:31 │ 2025-02-01 16:15:22 │ ✔      │ 1m50s    │
│ 6 │ Broken Chords (C, G, D, A, F, Bb, Am, Dm, Em)     │ 2025-02-01 16:15:22 │ 2025-02-01 16:20:21 │ ✔      │ 4m59s    │
│ 7 │ Broken Triads (C, G, D, A, F, Bb, Am, Dm, Em)     │ 2025-02-01 16:20:21 │ 2025-02-01 16:23:16 │ ✔      │ 2m54s    │
└───┴───────────────────────────────────────────────────┴─────────────────────┴─────────────────────┴────────┴──────────┘
Daily Dozen                                                                       
┏━━━┳━━━━━━━━━━━━┳━━━━━━━━━━━━━━━━━━━━━┳━━━━━━━━━━━━━━━━━━━━━┳━━━━━━━━┳━━━━━━━━━━┓
┃ # ┃ Name       ┃ Start               ┃ Finish              ┃ Status ┃ Duration ┃
┡━━━╇━━━━━━━━━━━━╇━━━━━━━━━━━━━━━━━━━━━╇━━━━━━━━━━━━━━━━━━━━━╇━━━━━━━━╇━━━━━━━━━━┩
│ 1 │ Book 3 3-1 │ 2025-02-01 16:23:24 │ 2025-02-01 16:25:00 │ ✔      │ 1m36s    │
│ 2 │ Book 3 3-2 │ 2025-02-01 16:25:00 │ 2025-02-01 16:25:00 │ ✔      │ 0m0s     │
│ 3 │ Book 3 3-3 │ 2025-02-01 16:25:00 │ 2025-02-01 16:25:30 │ ✔      │ 0m29s    │
│ 4 │ Book 3 3-4 │ 2025-02-01 16:25:30 │ 2025-02-01 16:26:03 │ ✔      │ 0m32s    │
│ 5 │ Book 3 3-5 │ 2025-02-01 16:26:03 │ 2025-02-01 16:26:26 │ ✔      │ 0m22s    │
│ 6 │ Book 3 3-6 │ 2025-02-01 16:26:26 │ 2025-02-01 16:28:32 │ ✔      │ 2m6s     │
│ 7 │ Book 3 3-7 │ 2025-02-01 16:28:32 │ 2025-02-01 16:30:01 │ ✔      │ 1m28s    │
│ 8 │ Book 3 3-8 │ 2025-02-01 16:30:01 │ 2025-02-01 16:32:05 │ ✔      │ 2m4s     │
│ 9 │ Book 3 3-9 │ 2025-02-01 16:32:05 │ 2025-02-01 16:32:40 │ ✔      │ 0m34s    │
└───┴────────────┴─────────────────────┴─────────────────────┴────────┴──────────┘
Songs                                                                                                                               
┏━━━┳━━━━━━━━━━━━━━━━━━━━━━━━━━━━━━━━━━━━━━━━━━━━━━━━━━━━━━━━━━━━━━┳━━━━━━━━━━━━━━━━━━━━━┳━━━━━━━━━━━━━━━━━━━━━┳━━━━━━━━┳━━━━━━━━━━┓
┃ # ┃ Name                                                         ┃ Start               ┃ Finish              ┃ Status ┃ Duration ┃
┡━━━╇━━━━━━━━━━━━━━━━━━━━━━━━━━━━━━━━━━━━━━━━━━━━━━━━━━━━━━━━━━━━━━╇━━━━━━━━━━━━━━━━━━━━━╇━━━━━━━━━━━━━━━━━━━━━╇━━━━━━━━╇━━━━━━━━━━┩
│ 1 │ Easy Piano Classics - Sonatina (Op 36, No 1), Clementi (p60) │ 2025-02-01 16:33:15 │ 2025-02-01 16:44:26 │ ✔      │ 11m10s   │
└───┴──────────────────────────────────────────────────────────────┴─────────────────────┴─────────────────────┴────────┴──────────┘
