Session 2025-03-05 13:06
Warm Ups                                                                       
┏━━━┳━━━━━━━━━┳━━━━━━━━━━━━━━━━━━━━━┳━━━━━━━━━━━━━━━━━━━━━┳━━━━━━━━┳━━━━━━━━━━┓
┃ # ┃ Name    ┃ Start               ┃ Finish              ┃ Status ┃ Duration ┃
┡━━━╇━━━━━━━━━╇━━━━━━━━━━━━━━━━━━━━━╇━━━━━━━━━━━━━━━━━━━━━╇━━━━━━━━╇━━━━━━━━━━┩
│ 1 │ Stretch │ 2025-03-05 13:06:37 │ 2025-03-05 13:07:03 │ ✔      │ 0m26s    │
│ 2 │ Rock    │ 2025-03-05 13:07:03 │ 2025-03-05 13:07:29 │ ✔      │ 0m26s    │
└───┴─────────┴─────────────────────┴─────────────────────┴────────┴──────────┘
Scales and Chords                                                                                                               
┏━━━┳━━━━━━━━━━━━━━━━━━━━━━━━━━━━━━━━━━━━━━━━━━━━━━━━━━━━━━━━━━┳━━━━━━━━━━━━━━━━━━━━━┳━━━━━━━━━━━━━━━━━━━━━┳━━━━━━━━┳━━━━━━━━━━┓
┃ # ┃ Name                                                     ┃ Start               ┃ Finish              ┃ Status ┃ Duration ┃
┡━━━╇━━━━━━━━━━━━━━━━━━━━━━━━━━━━━━━━━━━━━━━━━━━━━━━━━━━━━━━━━━╇━━━━━━━━━━━━━━━━━━━━━╇━━━━━━━━━━━━━━━━━━━━━╇━━━━━━━━╇━━━━━━━━━━┩
│ 1 │ Expanded Scale (C, G, Am, Dm)                            │ 2025-03-05 13:07:32 │ 2025-03-05 13:11:08 │ ✔      │ 3m36s    │
│ 2 │ Four Octave Scale (C, G, D, A, F, Bb, E, Am, Dm, Em, Gm) │ 2025-03-05 13:11:08 │ 2025-03-05 13:16:34 │ ✔      │ 5m26s    │
│ 3 │ Arpeggio (C, G, D, A, F, Bb, E, Am, Dm, Em, Gm)          │ 2025-03-05 13:16:34 │ 2025-03-05 13:19:47 │ ✔      │ 3m12s    │
│ 4 │ Chromatic Scale (D, Ab)                                  │ 2025-03-05 13:19:47 │ 2025-03-05 13:20:06 │ ✔      │ 0m18s    │
│ 5 │ Triads (C, G, D, A, F, Bb, E, Am, Dm, Em, Gm)            │ 2025-03-05 13:20:06 │ 2025-03-05 13:21:47 │ ✔      │ 1m41s    │
│ 6 │ Broken Chords (C, G, D, A, F, Bb, E, Am, Dm, Em, Gm)     │ 2025-03-05 13:21:47 │ 2025-03-05 13:30:09 │ ✔      │ 8m21s    │
│ 7 │ Broken Triads (C, G, D, A, F, Bb, E, Am, Dm, Em, Gm)     │ 2025-03-05 13:30:09 │ 2025-03-05 13:32:41 │ ✔      │ 2m31s    │
│ 8 │ Running (C, G, D, A, F, Bb, E)                           │ 2025-03-05 13:32:41 │ 2025-03-05 13:37:42 │ ✔      │ 5m1s     │
└───┴──────────────────────────────────────────────────────────┴─────────────────────┴─────────────────────┴────────┴──────────┘
