Session 2025-01-21 20:50
Warm Ups                                                                       
┏━━━┳━━━━━━━━━┳━━━━━━━━━━━━━━━━━━━━━┳━━━━━━━━━━━━━━━━━━━━━┳━━━━━━━━┳━━━━━━━━━━┓
┃ # ┃ Name    ┃ Start               ┃ Finish              ┃ Status ┃ Duration ┃
┡━━━╇━━━━━━━━━╇━━━━━━━━━━━━━━━━━━━━━╇━━━━━━━━━━━━━━━━━━━━━╇━━━━━━━━╇━━━━━━━━━━┩
│ 1 │ Stretch │ 2025-01-21 20:51:03 │ 2025-01-21 20:52:24 │ ✔      │ 1m20s    │
│ 2 │ Rock    │ 2025-01-21 20:52:24 │ 2025-01-21 20:52:48 │ ✔      │ 0m24s    │
└───┴─────────┴─────────────────────┴─────────────────────┴────────┴──────────┘
Scales and Chords                                                                                                        
┏━━━┳━━━━━━━━━━━━━━━━━━━━━━━━━━━━━━━━━━━━━━━━━━━━━━━━━━━┳━━━━━━━━━━━━━━━━━━━━━┳━━━━━━━━━━━━━━━━━━━━━┳━━━━━━━━┳━━━━━━━━━━┓
┃ # ┃ Name                                              ┃ Start               ┃ Finish              ┃ Status ┃ Duration ┃
┡━━━╇━━━━━━━━━━━━━━━━━━━━━━━━━━━━━━━━━━━━━━━━━━━━━━━━━━━╇━━━━━━━━━━━━━━━━━━━━━╇━━━━━━━━━━━━━━━━━━━━━╇━━━━━━━━╇━━━━━━━━━━┩
│ 1 │ Expanded Scale (C, G)                             │ 2025-01-21 20:52:50 │ 2025-01-21 20:54:34 │ ✔      │ 1m43s    │
│ 2 │ Four Octave Scale (C, G, D, A, F, Bb, Am, Dm, Em) │ 2025-01-21 20:54:34 │ 2025-01-21 21:00:53 │ ✔      │ 6m18s    │
│ 3 │ Arpeggio (C, G, D, A, F, Bb, Am, Dm, Em)          │ 2025-01-21 21:00:53 │ 2025-01-21 21:03:53 │ ✔      │ 3m0s     │
│ 4 │ Chromatic Scale (D, Ab)                           │ 2025-01-21 21:03:53 │ 2025-01-21 21:04:36 │ ✔      │ 0m43s    │
│ 5 │ Triads (C, G, D, A, F, Bb, Am, Dm, Em)            │ 2025-01-21 21:04:36 │ 2025-01-21 21:06:41 │ ✔      │ 2m5s     │
│ 6 │ Broken Chords (C, G, D, A, F, Bb, Am, Dm, Em)     │ 2025-01-21 21:06:41 │ 2025-01-21 21:13:30 │ ✔      │ 6m48s    │
│ 7 │ Broken Triads (C, G, D, A, F, Bb, Am, Dm, Em)     │ 2025-01-21 21:13:30 │ 2025-01-21 21:17:44 │ ✔      │ 4m14s    │
└───┴───────────────────────────────────────────────────┴─────────────────────┴─────────────────────┴────────┴──────────┘
Daily Dozen                                                                       
┏━━━┳━━━━━━━━━━━━┳━━━━━━━━━━━━━━━━━━━━━┳━━━━━━━━━━━━━━━━━━━━━┳━━━━━━━━┳━━━━━━━━━━┓
┃ # ┃ Name       ┃ Start               ┃ Finish              ┃ Status ┃ Duration ┃
┡━━━╇━━━━━━━━━━━━╇━━━━━━━━━━━━━━━━━━━━━╇━━━━━━━━━━━━━━━━━━━━━╇━━━━━━━━╇━━━━━━━━━━┩
│ 1 │ Book 3 3-1 │ 2025-01-21 21:17:46 │ 2025-01-21 21:18:43 │ ✔      │ 0m56s    │
│ 2 │ Book 3 3-2 │ 2025-01-21 21:18:43 │ 2025-01-21 21:19:17 │ ✔      │ 0m33s    │
│ 3 │ Book 3 3-3 │ 2025-01-21 21:19:17 │ 2025-01-21 21:19:43 │ ✔      │ 0m26s    │
│ 4 │ Book 3 3-4 │ 2025-01-21 21:19:43 │ 2025-01-21 21:20:14 │ ✔      │ 0m31s    │
│ 5 │ Book 3 3-5 │ 2025-01-21 21:20:14 │ 2025-01-21 21:20:55 │ ✔      │ 0m40s    │
│ 6 │ Book 3 3-6 │ 2025-01-21 21:20:55 │ 2025-01-21 21:22:58 │ ✔      │ 2m3s     │
│ 7 │ Book 3 3-7 │ 2025-01-21 21:22:58 │ 2025-01-21 21:26:16 │ ✔      │ 3m17s    │
│ 8 │ Book 3 3-8 │ 2025-01-21 21:26:16 │ 2025-01-21 21:28:58 │ ✔      │ 2m42s    │
│ 9 │ Book 3 3-9 │ 2025-01-21 21:28:58 │ 2025-01-21 21:31:56 │ ✔      │ 2m57s    │
└───┴────────────┴─────────────────────┴─────────────────────┴────────┴──────────┘
Songs                                                                                                                               
┏━━━┳━━━━━━━━━━━━━━━━━━━━━━━━━━━━━━━━━━━━━━━━━━━━━━━━━━━━━━━━━━━━━━┳━━━━━━━━━━━━━━━━━━━━━┳━━━━━━━━━━━━━━━━━━━━━┳━━━━━━━━┳━━━━━━━━━━┓
┃ # ┃ Name                                                         ┃ Start               ┃ Finish              ┃ Status ┃ Duration ┃
┡━━━╇━━━━━━━━━━━━━━━━━━━━━━━━━━━━━━━━━━━━━━━━━━━━━━━━━━━━━━━━━━━━━━╇━━━━━━━━━━━━━━━━━━━━━╇━━━━━━━━━━━━━━━━━━━━━╇━━━━━━━━╇━━━━━━━━━━┩
│ 1 │ Joy of Piano - Clair De Lune, Debussy (p20)                  │ 2025-01-21 21:32:21 │ 2025-01-21 21:39:37 │ ✔      │ 7m16s    │
│ 2 │ Easy Piano Classics - Sonatina (Op 36, No 1), Clementi (p60) │ 2025-01-21 21:39:37 │ 2025-01-21 22:08:53 │ ✔      │ 29m15s   │
└───┴──────────────────────────────────────────────────────────────┴─────────────────────┴─────────────────────┴────────┴──────────┘
Repetoire Review                                                                                                                  
┏━━━┳━━━━━━━━━━━━━━━━━━━━━━━━━━━━━━━━━━━━━━━━━━━━━━━━━━━━━━━━━━━━┳━━━━━━━━━━━━━━━━━━━━━┳━━━━━━━━━━━━━━━━━━━━━┳━━━━━━━━┳━━━━━━━━━━┓
┃ # ┃ Name                                                       ┃ Start               ┃ Finish              ┃ Status ┃ Duration ┃
┡━━━╇━━━━━━━━━━━━━━━━━━━━━━━━━━━━━━━━━━━━━━━━━━━━━━━━━━━━━━━━━━━━╇━━━━━━━━━━━━━━━━━━━━━╇━━━━━━━━━━━━━━━━━━━━━╇━━━━━━━━╇━━━━━━━━━━┩
│ 1 │ Easy Piano Classics - Nocturne (Op 9, No 2), Chopin (p148) │ 2025-01-21 22:09:01 │ 2025-01-21 22:12:36 │ ✔      │ 3m34s    │
└───┴────────────────────────────────────────────────────────────┴─────────────────────┴─────────────────────┴────────┴──────────┘
