Session 2025-03-09 11:23
Scales and Chords                                                                                                           
┏━━━┳━━━━━━━━━━━━━━━━━━━━━━━━━━━━━━━━━━━━━━━━━━━━━━━━━━━━━━┳━━━━━━━━━━━━━━━━━━━━━┳━━━━━━━━━━━━━━━━━━━━━┳━━━━━━━━┳━━━━━━━━━━┓
┃ # ┃ Name                                                 ┃ Start               ┃ Finish              ┃ Status ┃ Duration ┃
┡━━━╇━━━━━━━━━━━━━━━━━━━━━━━━━━━━━━━━━━━━━━━━━━━━━━━━━━━━━━╇━━━━━━━━━━━━━━━━━━━━━╇━━━━━━━━━━━━━━━━━━━━━╇━━━━━━━━╇━━━━━━━━━━┩
│ 1 │ Broken Chords (C, G, D, A, F, Bb, E, Am, Dm, Em, Gm) │ 2025-03-09 11:23:35 │ 2025-03-09 11:31:20 │ ✔      │ 7m45s    │
└───┴──────────────────────────────────────────────────────┴─────────────────────┴─────────────────────┴────────┴──────────┘
Daily Dozen                                                                         
┏━━━━┳━━━━━━━━━━━━━┳━━━━━━━━━━━━━━━━━━━━━┳━━━━━━━━━━━━━━━━━━━━━┳━━━━━━━━┳━━━━━━━━━━┓
┃ #  ┃ Name        ┃ Start               ┃ Finish              ┃ Status ┃ Duration ┃
┡━━━━╇━━━━━━━━━━━━━╇━━━━━━━━━━━━━━━━━━━━━╇━━━━━━━━━━━━━━━━━━━━━╇━━━━━━━━╇━━━━━━━━━━┩
│ 1  │ Book 2 4-1  │ 2025-03-09 11:32:45 │ 2025-03-09 11:33:06 │ ✔      │ 0m21s    │
│ 2  │ Book 2 4-2  │ 2025-03-09 11:33:06 │ 2025-03-09 11:34:20 │ ✔      │ 1m13s    │
│ 3  │ Book 2 4-3  │ 2025-03-09 11:34:20 │ 2025-03-09 11:35:04 │ ✔      │ 0m43s    │
│ 4  │ Book 2 4-4  │ 2025-03-09 11:35:04 │ 2025-03-09 11:35:21 │ ✔      │ 0m17s    │
│ 5  │ Book 2 4-5  │ 2025-03-09 11:35:21 │ 2025-03-09 11:35:46 │ ✔      │ 0m24s    │
│ 6  │ Book 2 4-6  │ 2025-03-09 11:35:46 │ 2025-03-09 11:35:48 │ ✔      │ 0m1s     │
│ 7  │ Book 2 4-7  │ 2025-03-09 11:35:48 │ 2025-03-09 11:37:20 │ ✔      │ 1m32s    │
│ 8  │ Book 2 4-8  │ 2025-03-09 11:37:20 │ 2025-03-09 11:38:32 │ ✔      │ 1m11s    │
│ 9  │ Book 2 4-9  │ 2025-03-09 11:38:32 │ 2025-03-09 11:39:21 │ ✔      │ 0m49s    │
│ 10 │ Book 2 4-10 │ 2025-03-09 11:39:21 │ 2025-03-09 11:40:26 │ ✔      │ 1m4s     │
│ 11 │ Book 2 4-11 │ 2025-03-09 11:40:26 │ 2025-03-09 11:41:14 │ ✔      │ 0m48s    │
│ 12 │ Book 2 4-12 │ 2025-03-09 11:41:14 │ 2025-03-09 11:48:09 │ ✔      │ 6m54s    │
└────┴─────────────┴─────────────────────┴─────────────────────┴────────┴──────────┘
