Session 2025-01-24 22:17
Warm Ups                                                                       
┏━━━┳━━━━━━━━━┳━━━━━━━━━━━━━━━━━━━━━┳━━━━━━━━━━━━━━━━━━━━━┳━━━━━━━━┳━━━━━━━━━━┓
┃ # ┃ Name    ┃ Start               ┃ Finish              ┃ Status ┃ Duration ┃
┡━━━╇━━━━━━━━━╇━━━━━━━━━━━━━━━━━━━━━╇━━━━━━━━━━━━━━━━━━━━━╇━━━━━━━━╇━━━━━━━━━━┩
│ 1 │ Stretch │ 2025-01-24 22:17:51 │ 2025-01-24 22:18:26 │ ✔      │ 0m35s    │
│ 2 │ Rock    │ 2025-01-24 22:18:26 │ 2025-01-24 22:18:48 │ ✔      │ 0m21s    │
└───┴─────────┴─────────────────────┴─────────────────────┴────────┴──────────┘
Scales and Chords                                                                                                        
┏━━━┳━━━━━━━━━━━━━━━━━━━━━━━━━━━━━━━━━━━━━━━━━━━━━━━━━━━┳━━━━━━━━━━━━━━━━━━━━━┳━━━━━━━━━━━━━━━━━━━━━┳━━━━━━━━┳━━━━━━━━━━┓
┃ # ┃ Name                                              ┃ Start               ┃ Finish              ┃ Status ┃ Duration ┃
┡━━━╇━━━━━━━━━━━━━━━━━━━━━━━━━━━━━━━━━━━━━━━━━━━━━━━━━━━╇━━━━━━━━━━━━━━━━━━━━━╇━━━━━━━━━━━━━━━━━━━━━╇━━━━━━━━╇━━━━━━━━━━┩
│ 1 │ Expanded Scale (C, G)                             │ 2025-01-24 22:19:17 │ 2025-01-24 22:20:20 │ ✔      │ 1m3s     │
│ 2 │ Four Octave Scale (C, G, D, A, F, Bb, Am, Dm, Em) │ 2025-01-24 22:20:20 │ 2025-01-24 22:24:52 │ ✔      │ 4m32s    │
│ 3 │ Arpeggio (C, G, D, A, F, Bb, Am, Dm, Em)          │ 2025-01-24 22:24:52 │ 2025-01-24 22:26:57 │ ✔      │ 2m4s     │
│ 4 │ Chromatic Scale (D, Ab)                           │ 2025-01-24 22:26:57 │ 2025-01-24 22:27:17 │ ✔      │ 0m20s    │
│ 5 │ Triads (C, G, D, A, F, Bb, Am, Dm, Em)            │ 2025-01-24 22:27:17 │ 2025-01-24 22:28:38 │ ✔      │ 1m20s    │
│ 6 │ Broken Chords (C, G, D, A, F, Bb, Am, Dm, Em)     │ 2025-01-24 22:28:38 │ 2025-01-24 22:31:43 │ ✔      │ 3m5s     │
│ 7 │ Broken Triads (C, G, D, A, F, Bb, Am, Dm, Em)     │ 2025-01-24 22:31:43 │ 2025-01-24 22:33:56 │ ✔      │ 2m12s    │
└───┴───────────────────────────────────────────────────┴─────────────────────┴─────────────────────┴────────┴──────────┘
Daily Dozen                                                                       
┏━━━┳━━━━━━━━━━━━┳━━━━━━━━━━━━━━━━━━━━━┳━━━━━━━━━━━━━━━━━━━━━┳━━━━━━━━┳━━━━━━━━━━┓
┃ # ┃ Name       ┃ Start               ┃ Finish              ┃ Status ┃ Duration ┃
┡━━━╇━━━━━━━━━━━━╇━━━━━━━━━━━━━━━━━━━━━╇━━━━━━━━━━━━━━━━━━━━━╇━━━━━━━━╇━━━━━━━━━━┩
│ 1 │ Book 3 3-1 │ 2025-01-24 22:33:57 │ 2025-01-24 22:34:53 │ ✔      │ 0m56s    │
│ 2 │ Book 3 3-2 │ 2025-01-24 22:34:53 │ 2025-01-24 22:35:25 │ ✔      │ 0m31s    │
│ 3 │ Book 3 3-3 │ 2025-01-24 22:35:25 │ 2025-01-24 22:35:49 │ ✔      │ 0m24s    │
│ 4 │ Book 3 3-4 │ 2025-01-24 22:35:49 │ 2025-01-24 22:36:23 │ ✔      │ 0m34s    │
│ 5 │ Book 3 3-5 │ 2025-01-24 22:36:23 │ 2025-01-24 22:36:37 │ ✔      │ 0m14s    │
│ 6 │ Book 3 3-6 │ 2025-01-24 22:36:37 │ 2025-01-24 22:37:10 │ ✔      │ 0m32s    │
│ 7 │ Book 3 3-7 │ 2025-01-24 22:37:10 │ 2025-01-24 22:38:07 │ ✔      │ 0m57s    │
│ 8 │ Book 3 3-8 │ 2025-01-24 22:38:07 │ 2025-01-24 22:38:48 │ ✔      │ 0m40s    │
│ 9 │ Book 3 3-9 │ 2025-01-24 22:38:48 │ 2025-01-24 22:39:24 │ ✔      │ 0m36s    │
└───┴────────────┴─────────────────────┴─────────────────────┴────────┴──────────┘
Songs                                                                                                              
┏━━━┳━━━━━━━━━━━━━━━━━━━━━━━━━━━━━━━━━━━━━━━━━━━━━┳━━━━━━━━━━━━━━━━━━━━━┳━━━━━━━━━━━━━━━━━━━━━┳━━━━━━━━┳━━━━━━━━━━┓
┃ # ┃ Name                                        ┃ Start               ┃ Finish              ┃ Status ┃ Duration ┃
┡━━━╇━━━━━━━━━━━━━━━━━━━━━━━━━━━━━━━━━━━━━━━━━━━━━╇━━━━━━━━━━━━━━━━━━━━━╇━━━━━━━━━━━━━━━━━━━━━╇━━━━━━━━╇━━━━━━━━━━┩
│ 1 │ Joy of Piano - Clair De Lune, Debussy (p20) │ 2025-01-24 22:39:26 │ 2025-01-24 22:39:36 │ ✔      │ 0m9s     │
└───┴─────────────────────────────────────────────┴─────────────────────┴─────────────────────┴────────┴──────────┘
