Session 2025-01-01 12:27
Warm Ups                                                                       
┏━━━┳━━━━━━━━━┳━━━━━━━━━━━━━━━━━━━━━┳━━━━━━━━━━━━━━━━━━━━━┳━━━━━━━━┳━━━━━━━━━━┓
┃ # ┃ Name    ┃ Start               ┃ Finish              ┃ Status ┃ Duration ┃
┡━━━╇━━━━━━━━━╇━━━━━━━━━━━━━━━━━━━━━╇━━━━━━━━━━━━━━━━━━━━━╇━━━━━━━━╇━━━━━━━━━━┩
│ 1 │ Stretch │ 2025-01-01 12:29:13 │ 2025-01-01 12:29:54 │ ✔      │ 0m41s    │
│ 2 │ Rock    │ 2025-01-01 12:29:54 │ 2025-01-01 12:30:19 │ ✔      │ 0m25s    │
└───┴─────────┴─────────────────────┴─────────────────────┴────────┴──────────┘
Scales and Chords                                                                                                    
┏━━━┳━━━━━━━━━━━━━━━━━━━━━━━━━━━━━━━━━━━━━━━━━━━━━━━┳━━━━━━━━━━━━━━━━━━━━━┳━━━━━━━━━━━━━━━━━━━━━┳━━━━━━━━┳━━━━━━━━━━┓
┃ # ┃ Name                                          ┃ Start               ┃ Finish              ┃ Status ┃ Duration ┃
┡━━━╇━━━━━━━━━━━━━━━━━━━━━━━━━━━━━━━━━━━━━━━━━━━━━━━╇━━━━━━━━━━━━━━━━━━━━━╇━━━━━━━━━━━━━━━━━━━━━╇━━━━━━━━╇━━━━━━━━━━┩
│ 1 │ Expanded Scale (C, G)                         │ 2025-01-01 12:30:22 │ 2025-01-01 12:31:30 │ ✔      │ 1m7s     │
│ 2 │ Four Octave Scale (C, G, D, A, F, Am, Dm, Em) │ 2025-01-01 12:31:30 │ 2025-01-01 12:35:17 │ ✔      │ 3m46s    │
│ 3 │ Arpeggio (C, G, D, A, F, Am, Dm, Em)          │ 2025-01-01 12:35:17 │ 2025-01-01 12:38:35 │ ✔      │ 3m18s    │
│ 4 │ Chromatic Scale (D, Ab)                       │ 2025-01-01 12:38:35 │ 2025-01-01 12:39:28 │ ✔      │ 0m53s    │
│ 5 │ Triads (C, G, D, A, F, Am, Dm, Em)            │ 2025-01-01 12:39:28 │ 2025-01-01 12:41:31 │ ✔      │ 2m2s     │
│ 6 │ Broken Chords (C, G, D, A, F, Am, Dm, Em)     │ 2025-01-01 12:41:31 │ 2025-01-01 12:45:58 │ ✔      │ 4m27s    │
│ 7 │ Broken Triads (C, G, D, A, F, Am, Dm, Em)     │ 2025-01-01 12:45:58 │ 2025-01-01 12:48:29 │ ✔      │ 2m30s    │
└───┴───────────────────────────────────────────────┴─────────────────────┴─────────────────────┴────────┴──────────┘
Daily Dozen                                                                        
┏━━━┳━━━━━━━━━━━━━┳━━━━━━━━━━━━━━━━━━━━━┳━━━━━━━━━━━━━━━━━━━━━┳━━━━━━━━┳━━━━━━━━━━┓
┃ # ┃ Name        ┃ Start               ┃ Finish              ┃ Status ┃ Duration ┃
┡━━━╇━━━━━━━━━━━━━╇━━━━━━━━━━━━━━━━━━━━━╇━━━━━━━━━━━━━━━━━━━━━╇━━━━━━━━╇━━━━━━━━━━┩
│ 1 │ Book 3 2-12 │ 2025-01-01 12:48:36 │ 2025-01-01 12:53:16 │ ✔      │ 4m40s    │
│ 2 │ Book 3 3-1  │ 2025-01-01 12:53:16 │ 2025-01-01 12:54:42 │ ✔      │ 1m26s    │
│ 3 │ Book 3 3-2  │ 2025-01-01 12:54:42 │ 2025-01-01 12:57:00 │ ✔      │ 2m17s    │
│ 4 │ Book 3 3-3  │ 2025-01-01 12:57:00 │ 2025-01-01 12:59:24 │ ✔      │ 2m24s    │
│ 5 │ Book 3 3-4  │ 2025-01-01 12:59:24 │ 2025-01-01 13:06:19 │ ✔      │ 6m54s    │
└───┴─────────────┴─────────────────────┴─────────────────────┴────────┴──────────┘
Songs                                                                                             
┏━━━┳━━━━━━━━━━━━━━━━━━━━━━━━━━━━━━━━━━━━━━━━━━━━━━━━━━━━━━━━━━━━━━┳━━━━━━━━━━━━━━━━━━━━━┳━━━━━━━━━━━━━━━━━━━━━┳━━━━━━━━┳━━━━━━━━━━┓
┃ # ┃ Name                                                         ┃ Start               ┃ Finish              ┃ Status ┃ Duration ┃
┡━━━╇━━━━━━━━━━━━━━━━━━━━━━━━━━━━━━━━━━━━━━━━━━━━━━━━━━━━━━━━━━━━━━╇━━━━━━━━━━━━━━━━━━━━━╇━━━━━━━━━━━━━━━━━━━━━╇━━━━━━━━╇━━━━━━━━━━┩
│ 1 │ Joy of Piano - Clair De Lune, Debussy (p20)                  │ 2025-01-01 13:06:45 │ 2025-01-01 13:14:32 │ ✔      │ 7m46s    │
│ 2 │ Easy Piano Classics - Sonatina (Op 36, No 1), Clementi (p60) │ 2025-01-01 13:14:32 │ 2025-01-01 13:36:01 │ ✔      │ 21m29s   │
└───┴──────────────────────────────────────────────────────────────┴─────────────────────┴─────────────────────┴────────┴──────────┘
Repetoire Review                                                                                                             
┏━━━┳━━━━━━━━━━━━━━━━━━━━━━━━━━━━━━━━━━━━━━━━━━━━━━━━━━━━━━━┳━━━━━━━━━━━━━━━━━━━━━┳━━━━━━━━━━━━━━━━━━━━━┳━━━━━━━━┳━━━━━━━━━━┓
┃ # ┃ Name                                                  ┃ Start               ┃ Finish              ┃ Status ┃ Duration ┃
┡━━━╇━━━━━━━━━━━━━━━━━━━━━━━━━━━━━━━━━━━━━━━━━━━━━━━━━━━━━━━╇━━━━━━━━━━━━━━━━━━━━━╇━━━━━━━━━━━━━━━━━━━━━╇━━━━━━━━╇━━━━━━━━━━┩
│ 4 │ Jazzin Americana - In the Hall of the Jazz Kings (p4) │ 2025-01-01 13:36:06 │ 2025-01-01 13:42:49 │ ✔      │ 6m42s    │
└───┴───────────────────────────────────────────────────────┴─────────────────────┴─────────────────────┴────────┴──────────┘
