Session 2025-01-22 21:04
Warm Ups                                                                       
┏━━━┳━━━━━━━━━┳━━━━━━━━━━━━━━━━━━━━━┳━━━━━━━━━━━━━━━━━━━━━┳━━━━━━━━┳━━━━━━━━━━┓
┃ # ┃ Name    ┃ Start               ┃ Finish              ┃ Status ┃ Duration ┃
┡━━━╇━━━━━━━━━╇━━━━━━━━━━━━━━━━━━━━━╇━━━━━━━━━━━━━━━━━━━━━╇━━━━━━━━╇━━━━━━━━━━┩
│ 1 │ Stretch │ 2025-01-22 21:07:24 │ 2025-01-22 21:08:08 │ ✔      │ 0m44s    │
│ 2 │ Rock    │ 2025-01-22 21:08:08 │ 2025-01-22 21:08:41 │ ✔      │ 0m32s    │
└───┴─────────┴─────────────────────┴─────────────────────┴────────┴──────────┘
Scales and Chords                                                                                                        
┏━━━┳━━━━━━━━━━━━━━━━━━━━━━━━━━━━━━━━━━━━━━━━━━━━━━━━━━━┳━━━━━━━━━━━━━━━━━━━━━┳━━━━━━━━━━━━━━━━━━━━━┳━━━━━━━━┳━━━━━━━━━━┓
┃ # ┃ Name                                              ┃ Start               ┃ Finish              ┃ Status ┃ Duration ┃
┡━━━╇━━━━━━━━━━━━━━━━━━━━━━━━━━━━━━━━━━━━━━━━━━━━━━━━━━━╇━━━━━━━━━━━━━━━━━━━━━╇━━━━━━━━━━━━━━━━━━━━━╇━━━━━━━━╇━━━━━━━━━━┩
│ 1 │ Expanded Scale (C, G)                             │ 2025-01-22 21:08:44 │ 2025-01-22 21:09:38 │ ✔      │ 0m54s    │
│ 2 │ Four Octave Scale (C, G, D, A, F, Bb, Am, Dm, Em) │ 2025-01-22 21:09:38 │ 2025-01-22 21:16:55 │ ✔      │ 7m16s    │
│ 3 │ Arpeggio (C, G, D, A, F, Bb, Am, Dm, Em)          │ 2025-01-22 21:16:55 │ 2025-01-22 21:19:19 │ ✔      │ 2m23s    │
│ 4 │ Chromatic Scale (D, Ab)                           │ 2025-01-22 21:19:19 │ 2025-01-22 21:20:23 │ ✔      │ 1m4s     │
│ 5 │ Triads (C, G, D, A, F, Bb, Am, Dm, Em)            │ 2025-01-22 21:20:23 │ 2025-01-22 21:22:54 │ ✔      │ 2m30s    │
│ 6 │ Broken Chords (C, G, D, A, F, Bb, Am, Dm, Em)     │ 2025-01-22 21:22:54 │ 2025-01-22 21:29:32 │ ✔      │ 6m37s    │
│ 7 │ Broken Triads (C, G, D, A, F, Bb, Am, Dm, Em)     │ 2025-01-22 21:29:32 │ 2025-01-22 21:34:12 │ ✔      │ 4m40s    │
└───┴───────────────────────────────────────────────────┴─────────────────────┴─────────────────────┴────────┴──────────┘
Daily Dozen                                                                       
┏━━━┳━━━━━━━━━━━━┳━━━━━━━━━━━━━━━━━━━━━┳━━━━━━━━━━━━━━━━━━━━━┳━━━━━━━━┳━━━━━━━━━━┓
┃ # ┃ Name       ┃ Start               ┃ Finish              ┃ Status ┃ Duration ┃
┡━━━╇━━━━━━━━━━━━╇━━━━━━━━━━━━━━━━━━━━━╇━━━━━━━━━━━━━━━━━━━━━╇━━━━━━━━╇━━━━━━━━━━┩
│ 1 │ Book 3 3-1 │ 2025-01-22 21:34:19 │ 2025-01-22 21:35:17 │ ✔      │ 0m57s    │
│ 2 │ Book 3 3-2 │ 2025-01-22 21:35:17 │ 2025-01-22 21:35:50 │ ✔      │ 0m33s    │
│ 3 │ Book 3 3-3 │ 2025-01-22 21:35:50 │ 2025-01-22 21:36:16 │ ✔      │ 0m26s    │
│ 4 │ Book 3 3-4 │ 2025-01-22 21:36:16 │ 2025-01-22 21:37:18 │ ✔      │ 1m1s     │
│ 5 │ Book 3 3-5 │ 2025-01-22 21:37:18 │ 2025-01-22 21:38:02 │ ✔      │ 0m44s    │
│ 6 │ Book 3 3-6 │ 2025-01-22 21:38:02 │ 2025-01-22 21:46:45 │ ✔      │ 8m43s    │
│ 7 │ Book 3 3-7 │ 2025-01-22 21:46:45 │ 2025-01-22 21:49:13 │ ✔      │ 2m28s    │
│ 8 │ Book 3 3-8 │ 2025-01-22 21:49:13 │ 2025-01-22 21:51:26 │ ✔      │ 2m13s    │
│ 9 │ Book 3 3-9 │ 2025-01-22 21:51:26 │ 2025-01-22 21:54:07 │ ✔      │ 2m40s    │
└───┴────────────┴─────────────────────┴─────────────────────┴────────┴──────────┘
Songs                                                                                                                               
┏━━━┳━━━━━━━━━━━━━━━━━━━━━━━━━━━━━━━━━━━━━━━━━━━━━━━━━━━━━━━━━━━━━━┳━━━━━━━━━━━━━━━━━━━━━┳━━━━━━━━━━━━━━━━━━━━━┳━━━━━━━━┳━━━━━━━━━━┓
┃ # ┃ Name                                                         ┃ Start               ┃ Finish              ┃ Status ┃ Duration ┃
┡━━━╇━━━━━━━━━━━━━━━━━━━━━━━━━━━━━━━━━━━━━━━━━━━━━━━━━━━━━━━━━━━━━━╇━━━━━━━━━━━━━━━━━━━━━╇━━━━━━━━━━━━━━━━━━━━━╇━━━━━━━━╇━━━━━━━━━━┩
│ 1 │ Joy of Piano - Clair De Lune, Debussy (p20)                  │ 2025-01-22 21:54:09 │ 2025-01-22 22:14:25 │ ✔      │ 20m15s   │
│ 2 │ Easy Piano Classics - Sonatina (Op 36, No 1), Clementi (p60) │ 2025-01-22 22:14:25 │ 2025-01-22 22:50:50 │ ✔      │ 36m25s   │
└───┴──────────────────────────────────────────────────────────────┴─────────────────────┴─────────────────────┴────────┴──────────┘
Repetoire Review                                                                                                           
┏━━━┳━━━━━━━━━━━━━━━━━━━━━━━━━━━━━━━━━━━━━━━━━━━━━━━━━━━━━┳━━━━━━━━━━━━━━━━━━━━━┳━━━━━━━━━━━━━━━━━━━━━┳━━━━━━━━┳━━━━━━━━━━┓
┃ # ┃ Name                                                ┃ Start               ┃ Finish              ┃ Status ┃ Duration ┃
┡━━━╇━━━━━━━━━━━━━━━━━━━━━━━━━━━━━━━━━━━━━━━━━━━━━━━━━━━━━╇━━━━━━━━━━━━━━━━━━━━━╇━━━━━━━━━━━━━━━━━━━━━╇━━━━━━━━╇━━━━━━━━━━┩
│ 1 │ Easy Piano Classics - Minuet in G Major, Bach (p24) │ 2025-01-22 22:51:47 │ 2025-01-22 22:55:37 │ ✔      │ 3m50s    │
└───┴─────────────────────────────────────────────────────┴─────────────────────┴─────────────────────┴────────┴──────────┘
