Session 2025-02-26 21:51
Warm Ups                                                                       
┏━━━┳━━━━━━━━━┳━━━━━━━━━━━━━━━━━━━━━┳━━━━━━━━━━━━━━━━━━━━━┳━━━━━━━━┳━━━━━━━━━━┓
┃ # ┃ Name    ┃ Start               ┃ Finish              ┃ Status ┃ Duration ┃
┡━━━╇━━━━━━━━━╇━━━━━━━━━━━━━━━━━━━━━╇━━━━━━━━━━━━━━━━━━━━━╇━━━━━━━━╇━━━━━━━━━━┩
│ 1 │ Stretch │ 2025-02-26 21:51:05 │ 2025-02-26 21:51:32 │ ✔      │ 0m26s    │
│ 2 │ Rock    │ 2025-02-26 21:51:32 │ 2025-02-26 21:51:44 │ ✔      │ 0m12s    │
└───┴─────────┴─────────────────────┴─────────────────────┴────────┴──────────┘
Scales and Chords                                                                                                            
┏━━━┳━━━━━━━━━━━━━━━━━━━━━━━━━━━━━━━━━━━━━━━━━━━━━━━━━━━━━━━┳━━━━━━━━━━━━━━━━━━━━━┳━━━━━━━━━━━━━━━━━━━━━┳━━━━━━━━┳━━━━━━━━━━┓
┃ # ┃ Name                                                  ┃ Start               ┃ Finish              ┃ Status ┃ Duration ┃
┡━━━╇━━━━━━━━━━━━━━━━━━━━━━━━━━━━━━━━━━━━━━━━━━━━━━━━━━━━━━━╇━━━━━━━━━━━━━━━━━━━━━╇━━━━━━━━━━━━━━━━━━━━━╇━━━━━━━━╇━━━━━━━━━━┩
│ 1 │ Expanded Scale (C, G)                                 │ 2025-02-26 21:51:46 │ 2025-02-26 21:52:48 │ ✔      │ 1m1s     │
│ 2 │ Four Octave Scale (C, G, D, A, F, Bb, Am, Dm, Em, Gm) │ 2025-02-26 21:52:48 │ 2025-02-26 21:57:21 │ ✔      │ 4m33s    │
│ 3 │ Arpeggio (C, G, D, A, F, Bb, Am, Dm, Em, Gm)          │ 2025-02-26 21:57:21 │ 2025-02-26 22:00:57 │ ✔      │ 3m35s    │
│ 4 │ Chromatic Scale (D, Ab)                               │ 2025-02-26 22:00:57 │ 2025-02-26 22:01:36 │ ✔      │ 0m38s    │
│ 5 │ Triads (C, G, D, A, F, Bb, Am, Dm, Em, Gm)            │ 2025-02-26 22:01:36 │ 2025-02-26 22:03:39 │ ✔      │ 2m3s     │
│ 6 │ Broken Chords (C, G, D, A, F, Bb, Am, Dm, Em, Gm)     │ 2025-02-26 22:03:39 │ 2025-02-26 22:11:15 │ ✔      │ 7m35s    │
│ 7 │ Broken Triads (C, G, D, A, F, Bb, Am, Dm, Em, Gm)     │ 2025-02-26 22:11:15 │ 2025-02-26 22:18:11 │ ✔      │ 6m56s    │
│ 8 │ Running (C, G, D, A, F, Bb)                           │ 2025-02-26 22:18:11 │ 2025-02-26 22:21:20 │ ✔      │ 3m8s     │
└───┴───────────────────────────────────────────────────────┴─────────────────────┴─────────────────────┴────────┴──────────┘
Daily Dozen                                                                       
┏━━━┳━━━━━━━━━━━━┳━━━━━━━━━━━━━━━━━━━━━┳━━━━━━━━━━━━━━━━━━━━━┳━━━━━━━━┳━━━━━━━━━━┓
┃ # ┃ Name       ┃ Start               ┃ Finish              ┃ Status ┃ Duration ┃
┡━━━╇━━━━━━━━━━━━╇━━━━━━━━━━━━━━━━━━━━━╇━━━━━━━━━━━━━━━━━━━━━╇━━━━━━━━╇━━━━━━━━━━┩
│ 1 │ Book 2 4-1 │ 2025-02-26 22:21:21 │ 2025-02-26 22:23:00 │ ✔      │ 1m38s    │
│ 2 │ Book 2 4-2 │ 2025-02-26 22:23:00 │ 2025-02-26 22:24:44 │ ✔      │ 1m43s    │
│ 3 │ Book 2 4-3 │ 2025-02-26 22:24:44 │ 2025-02-26 22:26:05 │ ✔      │ 1m21s    │
│ 4 │ Book 2 4-4 │ 2025-02-26 22:26:05 │ 2025-02-26 22:26:25 │ ✔      │ 0m19s    │
│ 5 │ Book 2 4-5 │ 2025-02-26 22:26:25 │ 2025-02-26 22:26:51 │ ✔      │ 0m25s    │
│ 6 │ Book 2 4-6 │ 2025-02-26 22:26:51 │ 2025-02-26 22:28:58 │ ✔      │ 2m7s     │
│ 7 │ Book 2 4-7 │ 2025-02-26 22:28:58 │ 2025-02-26 22:34:59 │ ✔      │ 6m0s     │
└───┴────────────┴─────────────────────┴─────────────────────┴────────┴──────────┘
Songs                                                                                                                               
┏━━━┳━━━━━━━━━━━━━━━━━━━━━━━━━━━━━━━━━━━━━━━━━━━━━━━━━━━━━━━━━━━━━━┳━━━━━━━━━━━━━━━━━━━━━┳━━━━━━━━━━━━━━━━━━━━━┳━━━━━━━━┳━━━━━━━━━━┓
┃ # ┃ Name                                                         ┃ Start               ┃ Finish              ┃ Status ┃ Duration ┃
┡━━━╇━━━━━━━━━━━━━━━━━━━━━━━━━━━━━━━━━━━━━━━━━━━━━━━━━━━━━━━━━━━━━━╇━━━━━━━━━━━━━━━━━━━━━╇━━━━━━━━━━━━━━━━━━━━━╇━━━━━━━━╇━━━━━━━━━━┩
│ 1 │ Joy of Piano - Clair De Lune, Debussy (p20)                  │ 2025-02-26 22:35:02 │ 2025-02-26 22:39:48 │ ✔      │ 4m45s    │
│ 2 │ Easy Piano Classics - Sonatina (Op 36, No 1), Clementi (p60) │ 2025-02-26 22:39:48 │ 2025-02-26 22:46:57 │ ✔      │ 7m8s     │
└───┴──────────────────────────────────────────────────────────────┴─────────────────────┴─────────────────────┴────────┴──────────┘
