Session 2025-02-19 17:29
Warm Ups                                                                       
┏━━━┳━━━━━━━━━┳━━━━━━━━━━━━━━━━━━━━━┳━━━━━━━━━━━━━━━━━━━━━┳━━━━━━━━┳━━━━━━━━━━┓
┃ # ┃ Name    ┃ Start               ┃ Finish              ┃ Status ┃ Duration ┃
┡━━━╇━━━━━━━━━╇━━━━━━━━━━━━━━━━━━━━━╇━━━━━━━━━━━━━━━━━━━━━╇━━━━━━━━╇━━━━━━━━━━┩
│ 1 │ Stretch │ 2025-02-19 17:30:01 │ 2025-02-19 17:30:29 │ ✔      │ 0m27s    │
│ 2 │ Rock    │ 2025-02-19 17:30:29 │ 2025-02-19 17:30:43 │ ✔      │ 0m14s    │
└───┴─────────┴─────────────────────┴─────────────────────┴────────┴──────────┘
Scales and Chords                                                                                                            
┏━━━┳━━━━━━━━━━━━━━━━━━━━━━━━━━━━━━━━━━━━━━━━━━━━━━━━━━━━━━━┳━━━━━━━━━━━━━━━━━━━━━┳━━━━━━━━━━━━━━━━━━━━━┳━━━━━━━━┳━━━━━━━━━━┓
┃ # ┃ Name                                                  ┃ Start               ┃ Finish              ┃ Status ┃ Duration ┃
┡━━━╇━━━━━━━━━━━━━━━━━━━━━━━━━━━━━━━━━━━━━━━━━━━━━━━━━━━━━━━╇━━━━━━━━━━━━━━━━━━━━━╇━━━━━━━━━━━━━━━━━━━━━╇━━━━━━━━╇━━━━━━━━━━┩
│ 1 │ Expanded Scale (C, G)                                 │ 2025-02-19 17:30:46 │ 2025-02-19 17:32:05 │ ✔      │ 1m19s    │
│ 2 │ Four Octave Scale (C, G, D, A, F, Bb, Am, Dm, Em, Gm) │ 2025-02-19 17:32:05 │ 2025-02-19 17:38:35 │ ✔      │ 6m29s    │
│ 3 │ Arpeggio (C, G, D, A, F, Bb, Am, Dm, Em, Gm)          │ 2025-02-19 17:38:35 │ 2025-02-19 17:40:46 │ ✔      │ 2m11s    │
│ 4 │ Chromatic Scale (D, Ab)                               │ 2025-02-19 17:40:46 │ 2025-02-19 17:41:08 │ ✔      │ 0m21s    │
│ 5 │ Triads (C, G, D, A, F, Bb, Am, Dm, Em, Gm)            │ 2025-02-19 17:41:08 │ 2025-02-19 17:44:22 │ ✔      │ 3m13s    │
│ 6 │ Broken Chords (C, G, D, A, F, Bb, Am, Dm, Em, Gm)     │ 2025-02-19 17:44:22 │ 2025-02-19 17:49:20 │ ✔      │ 4m57s    │
│ 7 │ Broken Triads (C, G, D, A, F, Bb, Am, Dm, Em, Gm)     │ 2025-02-19 17:49:20 │ 2025-02-19 17:52:25 │ ✔      │ 3m5s     │
└───┴───────────────────────────────────────────────────────┴─────────────────────┴─────────────────────┴────────┴──────────┘
