Session 2025-02-21 08:21
Warm Ups                                                                       
┏━━━┳━━━━━━━━━┳━━━━━━━━━━━━━━━━━━━━━┳━━━━━━━━━━━━━━━━━━━━━┳━━━━━━━━┳━━━━━━━━━━┓
┃ # ┃ Name    ┃ Start               ┃ Finish              ┃ Status ┃ Duration ┃
┡━━━╇━━━━━━━━━╇━━━━━━━━━━━━━━━━━━━━━╇━━━━━━━━━━━━━━━━━━━━━╇━━━━━━━━╇━━━━━━━━━━┩
│ 1 │ Stretch │ 2025-02-21 08:21:47 │ 2025-02-21 08:22:18 │ ✔      │ 0m30s    │
│ 2 │ Rock    │ 2025-02-21 08:22:18 │ 2025-02-21 08:22:42 │ ✔      │ 0m23s    │
└───┴─────────┴─────────────────────┴─────────────────────┴────────┴──────────┘
Scales and Chords                                                                                                            
┏━━━┳━━━━━━━━━━━━━━━━━━━━━━━━━━━━━━━━━━━━━━━━━━━━━━━━━━━━━━━┳━━━━━━━━━━━━━━━━━━━━━┳━━━━━━━━━━━━━━━━━━━━━┳━━━━━━━━┳━━━━━━━━━━┓
┃ # ┃ Name                                                  ┃ Start               ┃ Finish              ┃ Status ┃ Duration ┃
┡━━━╇━━━━━━━━━━━━━━━━━━━━━━━━━━━━━━━━━━━━━━━━━━━━━━━━━━━━━━━╇━━━━━━━━━━━━━━━━━━━━━╇━━━━━━━━━━━━━━━━━━━━━╇━━━━━━━━╇━━━━━━━━━━┩
│ 1 │ Expanded Scale (C, G)                                 │ 2025-02-21 08:22:43 │ 2025-02-21 08:24:19 │ ✔      │ 1m36s    │
│ 2 │ Four Octave Scale (C, G, D, A, F, Bb, Am, Dm, Em, Gm) │ 2025-02-21 08:24:19 │ 2025-02-21 08:30:13 │ ✔      │ 5m53s    │
│ 3 │ Arpeggio (C, G, D, A, F, Bb, Am, Dm, Em, Gm)          │ 2025-02-21 08:30:13 │ 2025-02-21 08:32:20 │ ✔      │ 2m6s     │
│ 4 │ Chromatic Scale (D, Ab)                               │ 2025-02-21 08:32:20 │ 2025-02-21 08:32:47 │ ✔      │ 0m27s    │
│ 5 │ Triads (C, G, D, A, F, Bb, Am, Dm, Em, Gm)            │ 2025-02-21 08:32:47 │ 2025-02-21 08:34:21 │ ✔      │ 1m33s    │
│ 6 │ Broken Chords (C, G, D, A, F, Bb, Am, Dm, Em, Gm)     │ 2025-02-21 08:34:21 │ 2025-02-21 08:39:31 │ ✔      │ 5m10s    │
│ 7 │ Broken Triads (C, G, D, A, F, Bb, Am, Dm, Em, Gm)     │ 2025-02-21 08:39:31 │ 2025-02-21 08:41:49 │ ✔      │ 2m17s    │
└───┴───────────────────────────────────────────────────────┴─────────────────────┴─────────────────────┴────────┴──────────┘
Daily Dozen                                                                        
┏━━━┳━━━━━━━━━━━━━┳━━━━━━━━━━━━━━━━━━━━━┳━━━━━━━━━━━━━━━━━━━━━┳━━━━━━━━┳━━━━━━━━━━┓
┃ # ┃ Name        ┃ Start               ┃ Finish              ┃ Status ┃ Duration ┃
┡━━━╇━━━━━━━━━━━━━╇━━━━━━━━━━━━━━━━━━━━━╇━━━━━━━━━━━━━━━━━━━━━╇━━━━━━━━╇━━━━━━━━━━┩
│ 1 │ Book 2 3-10 │ 2025-02-21 08:41:56 │ 2025-02-21 08:44:17 │ ✔      │ 2m20s    │
│ 2 │ Book 2 4-1  │ 2025-02-21 08:44:17 │ 2025-02-21 08:45:23 │ ✔      │ 1m6s     │
│ 3 │ Book 2 4-2  │ 2025-02-21 08:45:23 │ 2025-02-21 08:46:55 │ ✔      │ 1m31s    │
│ 4 │ Book 2 4-3  │ 2025-02-21 08:46:55 │ 2025-02-21 08:47:16 │ ✔      │ 0m21s    │
│ 5 │ Book 2 4-4  │ 2025-02-21 08:47:16 │ 2025-02-21 08:47:37 │ ✔      │ 0m21s    │
│ 6 │ Book 2 4-5  │ 2025-02-21 08:47:37 │ 2025-02-21 08:48:08 │ ✔      │ 0m31s    │
│ 7 │ Book 2 4-6  │ 2025-02-21 08:48:08 │ 2025-02-21 08:49:50 │ ✔      │ 1m41s    │
└───┴─────────────┴─────────────────────┴─────────────────────┴────────┴──────────┘
