Session 2025-01-06 20:17
Warm Ups                                                                       
┏━━━┳━━━━━━━━━┳━━━━━━━━━━━━━━━━━━━━━┳━━━━━━━━━━━━━━━━━━━━━┳━━━━━━━━┳━━━━━━━━━━┓
┃ # ┃ Name    ┃ Start               ┃ Finish              ┃ Status ┃ Duration ┃
┡━━━╇━━━━━━━━━╇━━━━━━━━━━━━━━━━━━━━━╇━━━━━━━━━━━━━━━━━━━━━╇━━━━━━━━╇━━━━━━━━━━┩
│ 1 │ Stretch │ 2025-01-06 20:18:07 │ 2025-01-06 20:18:49 │ ✔      │ 0m41s    │
│ 2 │ Rock    │ 2025-01-06 20:18:49 │ 2025-01-06 20:19:34 │ ✔      │ 0m45s    │
└───┴─────────┴─────────────────────┴─────────────────────┴────────┴──────────┘
Scales and Chords                                                                                                    
┏━━━┳━━━━━━━━━━━━━━━━━━━━━━━━━━━━━━━━━━━━━━━━━━━━━━━┳━━━━━━━━━━━━━━━━━━━━━┳━━━━━━━━━━━━━━━━━━━━━┳━━━━━━━━┳━━━━━━━━━━┓
┃ # ┃ Name                                          ┃ Start               ┃ Finish              ┃ Status ┃ Duration ┃
┡━━━╇━━━━━━━━━━━━━━━━━━━━━━━━━━━━━━━━━━━━━━━━━━━━━━━╇━━━━━━━━━━━━━━━━━━━━━╇━━━━━━━━━━━━━━━━━━━━━╇━━━━━━━━╇━━━━━━━━━━┩
│ 1 │ Expanded Scale (C, G)                         │ 2025-01-06 20:19:36 │ 2025-01-06 20:20:36 │ ✔      │ 1m0s     │
│ 2 │ Four Octave Scale (C, G, D, A, F, Am, Dm, Em) │ 2025-01-06 20:20:36 │ 2025-01-06 20:24:26 │ ✔      │ 3m49s    │
│ 3 │ Arpeggio (C, G, D, A, F, Am, Dm, Em)          │ 2025-01-06 20:24:26 │ 2025-01-06 20:26:35 │ ✔      │ 2m8s     │
│ 4 │ Chromatic Scale (D, Ab)                       │ 2025-01-06 20:26:35 │ 2025-01-06 20:27:47 │ ✔      │ 1m12s    │
│ 5 │ Triads (C, G, D, A, F, Am, Dm, Em)            │ 2025-01-06 20:27:47 │ 2025-01-06 20:30:45 │ ✔      │ 2m58s    │
│ 6 │ Broken Chords (C, G, D, A, F, Am, Dm, Em)     │ 2025-01-06 20:30:45 │ 2025-01-06 20:35:15 │ ✔      │ 4m29s    │
│ 7 │ Broken Triads (C, G, D, A, F, Am, Dm, Em)     │ 2025-01-06 20:35:15 │ 2025-01-06 20:37:36 │ ✔      │ 2m21s    │
└───┴───────────────────────────────────────────────┴─────────────────────┴─────────────────────┴────────┴──────────┘
Daily Dozen                                                                        
┏━━━┳━━━━━━━━━━━━━┳━━━━━━━━━━━━━━━━━━━━━┳━━━━━━━━━━━━━━━━━━━━━┳━━━━━━━━┳━━━━━━━━━━┓
┃ # ┃ Name        ┃ Start               ┃ Finish              ┃ Status ┃ Duration ┃
┡━━━╇━━━━━━━━━━━━━╇━━━━━━━━━━━━━━━━━━━━━╇━━━━━━━━━━━━━━━━━━━━━╇━━━━━━━━╇━━━━━━━━━━┩
│ 1 │ Book 3 2-12 │ 2025-01-06 20:37:51 │ 2025-01-06 20:39:56 │ ✔      │ 2m4s     │
│ 2 │ Book 3 3-1  │ 2025-01-06 20:39:56 │ 2025-01-06 20:41:50 │ ✔      │ 1m53s    │
│ 3 │ Book 3 3-2  │ 2025-01-06 20:41:50 │ 2025-01-06 20:43:22 │ ✔      │ 1m32s    │
│ 4 │ Book 3 3-3  │ 2025-01-06 20:43:22 │ 2025-01-06 20:44:10 │ ✔      │ 0m47s    │
│ 5 │ Book 3 3-4  │ 2025-01-06 20:44:10 │ 2025-01-06 20:46:20 │ ✔      │ 2m9s     │
└───┴─────────────┴─────────────────────┴─────────────────────┴────────┴──────────┘
Songs                                                                                                                               
┏━━━┳━━━━━━━━━━━━━━━━━━━━━━━━━━━━━━━━━━━━━━━━━━━━━━━━━━━━━━━━━━━━━━┳━━━━━━━━━━━━━━━━━━━━━┳━━━━━━━━━━━━━━━━━━━━━┳━━━━━━━━┳━━━━━━━━━━┓
┃ # ┃ Name                                                         ┃ Start               ┃ Finish              ┃ Status ┃ Duration ┃
┡━━━╇━━━━━━━━━━━━━━━━━━━━━━━━━━━━━━━━━━━━━━━━━━━━━━━━━━━━━━━━━━━━━━╇━━━━━━━━━━━━━━━━━━━━━╇━━━━━━━━━━━━━━━━━━━━━╇━━━━━━━━╇━━━━━━━━━━┩
│ 1 │ Joy of Piano - Clair De Lune, Debussy (p20)                  │ 2025-01-06 20:46:31 │ 2025-01-06 21:14:00 │ ✔      │ 27m29s   │
│ 2 │ Easy Piano Classics - Sonatina (Op 36, No 1), Clementi (p60) │ 2025-01-06 21:14:00 │ 2025-01-06 21:36:54 │ ✔      │ 22m53s   │
└───┴──────────────────────────────────────────────────────────────┴─────────────────────┴─────────────────────┴────────┴──────────┘
Repetoire Review                                                                                                                  
┏━━━┳━━━━━━━━━━━━━━━━━━━━━━━━━━━━━━━━━━━━━━━━━━━━━━━━━━━━━━━━━━━━┳━━━━━━━━━━━━━━━━━━━━━┳━━━━━━━━━━━━━━━━━━━━━┳━━━━━━━━┳━━━━━━━━━━┓
┃ # ┃ Name                                                       ┃ Start               ┃ Finish              ┃ Status ┃ Duration ┃
┡━━━╇━━━━━━━━━━━━━━━━━━━━━━━━━━━━━━━━━━━━━━━━━━━━━━━━━━━━━━━━━━━━╇━━━━━━━━━━━━━━━━━━━━━╇━━━━━━━━━━━━━━━━━━━━━╇━━━━━━━━╇━━━━━━━━━━┩
│ 1 │ Easy Piano Classics - Nocturne (Op 9, No 2), Chopin (p148) │ 2025-01-06 21:37:19 │ 2025-01-06 21:43:46 │ ✔      │ 6m26s    │
└───┴────────────────────────────────────────────────────────────┴─────────────────────┴─────────────────────┴────────┴──────────┘
