Session 2025-02-22 11:38
Warm Ups                                                                       
┏━━━┳━━━━━━━━━┳━━━━━━━━━━━━━━━━━━━━━┳━━━━━━━━━━━━━━━━━━━━━┳━━━━━━━━┳━━━━━━━━━━┓
┃ # ┃ Name    ┃ Start               ┃ Finish              ┃ Status ┃ Duration ┃
┡━━━╇━━━━━━━━━╇━━━━━━━━━━━━━━━━━━━━━╇━━━━━━━━━━━━━━━━━━━━━╇━━━━━━━━╇━━━━━━━━━━┩
│ 1 │ Stretch │ 2025-02-22 11:38:05 │ 2025-02-22 11:38:31 │ ✔      │ 0m25s    │
│ 2 │ Rock    │ 2025-02-22 11:38:31 │ 2025-02-22 11:38:55 │ ✔      │ 0m23s    │
└───┴─────────┴─────────────────────┴─────────────────────┴────────┴──────────┘
Scales and Chords                                                                                                            
┏━━━┳━━━━━━━━━━━━━━━━━━━━━━━━━━━━━━━━━━━━━━━━━━━━━━━━━━━━━━━┳━━━━━━━━━━━━━━━━━━━━━┳━━━━━━━━━━━━━━━━━━━━━┳━━━━━━━━┳━━━━━━━━━━┓
┃ # ┃ Name                                                  ┃ Start               ┃ Finish              ┃ Status ┃ Duration ┃
┡━━━╇━━━━━━━━━━━━━━━━━━━━━━━━━━━━━━━━━━━━━━━━━━━━━━━━━━━━━━━╇━━━━━━━━━━━━━━━━━━━━━╇━━━━━━━━━━━━━━━━━━━━━╇━━━━━━━━╇━━━━━━━━━━┩
│ 1 │ Expanded Scale (C, G)                                 │ 2025-02-22 11:40:42 │ 2025-02-22 11:41:33 │ ✔      │ 0m51s    │
│ 2 │ Four Octave Scale (C, G, D, A, F, Bb, Am, Dm, Em, Gm) │ 2025-02-22 11:41:33 │ 2025-02-22 11:49:27 │ ✔      │ 7m53s    │
│ 3 │ Arpeggio (C, G, D, A, F, Bb, Am, Dm, Em, Gm)          │ 2025-02-22 11:49:27 │ 2025-02-22 11:51:53 │ ✔      │ 2m26s    │
│ 4 │ Chromatic Scale (D, Ab)                               │ 2025-02-22 11:51:53 │ 2025-02-22 11:53:27 │ ✔      │ 1m33s    │
│ 5 │ Triads (C, G, D, A, F, Bb, Am, Dm, Em, Gm)            │ 2025-02-22 11:53:27 │ 2025-02-22 11:54:25 │ ✔      │ 0m58s    │
│ 6 │ Broken Chords (C, G, D, A, F, Bb, Am, Dm, Em, Gm)     │ 2025-02-22 11:54:25 │ 2025-02-22 12:03:01 │ ✔      │ 8m35s    │
│ 7 │ Broken Triads (C, G, D, A, F, Bb, Am, Dm, Em, Gm)     │ 2025-02-22 12:03:01 │ 2025-02-22 12:08:25 │ ✔      │ 5m23s    │
└───┴───────────────────────────────────────────────────────┴─────────────────────┴─────────────────────┴────────┴──────────┘
Daily Dozen                                                                        
┏━━━┳━━━━━━━━━━━━━┳━━━━━━━━━━━━━━━━━━━━━┳━━━━━━━━━━━━━━━━━━━━━┳━━━━━━━━┳━━━━━━━━━━┓
┃ # ┃ Name        ┃ Start               ┃ Finish              ┃ Status ┃ Duration ┃
┡━━━╇━━━━━━━━━━━━━╇━━━━━━━━━━━━━━━━━━━━━╇━━━━━━━━━━━━━━━━━━━━━╇━━━━━━━━╇━━━━━━━━━━┩
│ 1 │ Book 2 3-10 │ 2025-02-22 12:08:28 │ 2025-02-22 12:11:31 │ ✔      │ 3m3s     │
│ 2 │ Book 2 4-1  │ 2025-02-22 12:11:31 │ 2025-02-22 12:13:27 │ ✔      │ 1m55s    │
│ 3 │ Book 2 4-2  │ 2025-02-22 12:13:27 │ 2025-02-22 12:16:47 │ ✔      │ 3m19s    │
│ 4 │ Book 2 4-3  │ 2025-02-22 12:16:47 │ 2025-02-22 12:18:50 │ ✔      │ 2m3s     │
│ 5 │ Book 2 4-4  │ 2025-02-22 12:18:50 │ 2025-02-22 12:19:25 │ ✔      │ 0m34s    │
│ 6 │ Book 2 4-5  │ 2025-02-22 12:19:25 │ 2025-02-22 12:22:05 │ ✔      │ 2m39s    │
│ 7 │ Book 2 4-6  │ 2025-02-22 12:22:05 │ 2025-02-22 12:22:38 │ ✔      │ 0m33s    │
└───┴─────────────┴─────────────────────┴─────────────────────┴────────┴──────────┘
