Session 2025-03-06 08:08
Warm Ups                                                                       
┏━━━┳━━━━━━━━━┳━━━━━━━━━━━━━━━━━━━━━┳━━━━━━━━━━━━━━━━━━━━━┳━━━━━━━━┳━━━━━━━━━━┓
┃ # ┃ Name    ┃ Start               ┃ Finish              ┃ Status ┃ Duration ┃
┡━━━╇━━━━━━━━━╇━━━━━━━━━━━━━━━━━━━━━╇━━━━━━━━━━━━━━━━━━━━━╇━━━━━━━━╇━━━━━━━━━━┩
│ 1 │ Stretch │ 2025-03-06 08:08:52 │ 2025-03-06 08:09:22 │ ✔      │ 0m30s    │
│ 2 │ Rock    │ 2025-03-06 08:09:22 │ 2025-03-06 08:09:44 │ ✔      │ 0m21s    │
└───┴─────────┴─────────────────────┴─────────────────────┴────────┴──────────┘
Scales and Chords                                                                                                               
┏━━━┳━━━━━━━━━━━━━━━━━━━━━━━━━━━━━━━━━━━━━━━━━━━━━━━━━━━━━━━━━━┳━━━━━━━━━━━━━━━━━━━━━┳━━━━━━━━━━━━━━━━━━━━━┳━━━━━━━━┳━━━━━━━━━━┓
┃ # ┃ Name                                                     ┃ Start               ┃ Finish              ┃ Status ┃ Duration ┃
┡━━━╇━━━━━━━━━━━━━━━━━━━━━━━━━━━━━━━━━━━━━━━━━━━━━━━━━━━━━━━━━━╇━━━━━━━━━━━━━━━━━━━━━╇━━━━━━━━━━━━━━━━━━━━━╇━━━━━━━━╇━━━━━━━━━━┩
│ 1 │ Expanded Scale (C, G, Am, Dm)                            │ 2025-03-06 08:09:59 │ 2025-03-06 08:16:57 │ ✔      │ 6m58s    │
│ 2 │ Four Octave Scale (C, G, D, A, F, Bb, E, Am, Dm, Em, Gm) │ 2025-03-06 08:16:57 │ 2025-03-06 08:23:00 │ ✔      │ 6m2s     │
│ 3 │ Arpeggio (C, G, D, A, F, Bb, E, Am, Dm, Em, Gm)          │ 2025-03-06 08:23:00 │ 2025-03-06 08:25:44 │ ✔      │ 2m44s    │
│ 4 │ Chromatic Scale (D, Ab)                                  │ 2025-03-06 08:25:44 │ 2025-03-06 08:26:07 │ ✔      │ 0m22s    │
│ 5 │ Triads (C, G, D, A, F, Bb, E, Am, Dm, Em, Gm)            │ 2025-03-06 08:26:07 │ 2025-03-06 08:28:47 │ ✔      │ 2m40s    │
│ 6 │ Broken Chords (C, G, D, A, F, Bb, E, Am, Dm, Em, Gm)     │ 2025-03-06 08:28:47 │ 2025-03-06 08:37:24 │ ✔      │ 8m36s    │
│ 7 │ Broken Triads (C, G, D, A, F, Bb, E, Am, Dm, Em, Gm)     │ 2025-03-06 08:37:24 │ 2025-03-06 08:39:16 │ ✔      │ 1m52s    │
│ 8 │ Running (C, G, D, A, F, Bb, E)                           │ 2025-03-06 08:39:16 │ 2025-03-06 08:43:00 │ ✔      │ 3m44s    │
└───┴──────────────────────────────────────────────────────────┴─────────────────────┴─────────────────────┴────────┴──────────┘
