Session 2025-01-07 21:33
Warm Ups                                                                       
┏━━━┳━━━━━━━━━┳━━━━━━━━━━━━━━━━━━━━━┳━━━━━━━━━━━━━━━━━━━━━┳━━━━━━━━┳━━━━━━━━━━┓
┃ # ┃ Name    ┃ Start               ┃ Finish              ┃ Status ┃ Duration ┃
┡━━━╇━━━━━━━━━╇━━━━━━━━━━━━━━━━━━━━━╇━━━━━━━━━━━━━━━━━━━━━╇━━━━━━━━╇━━━━━━━━━━┩
│ 1 │ Stretch │ 2025-01-07 21:34:10 │ 2025-01-07 21:34:30 │ ✔      │ 0m20s    │
│ 2 │ Rock    │ 2025-01-07 21:34:30 │ 2025-01-07 21:34:51 │ ✔      │ 0m21s    │
└───┴─────────┴─────────────────────┴─────────────────────┴────────┴──────────┘
Scales and Chords                                                                                                    
┏━━━┳━━━━━━━━━━━━━━━━━━━━━━━━━━━━━━━━━━━━━━━━━━━━━━━┳━━━━━━━━━━━━━━━━━━━━━┳━━━━━━━━━━━━━━━━━━━━━┳━━━━━━━━┳━━━━━━━━━━┓
┃ # ┃ Name                                          ┃ Start               ┃ Finish              ┃ Status ┃ Duration ┃
┡━━━╇━━━━━━━━━━━━━━━━━━━━━━━━━━━━━━━━━━━━━━━━━━━━━━━╇━━━━━━━━━━━━━━━━━━━━━╇━━━━━━━━━━━━━━━━━━━━━╇━━━━━━━━╇━━━━━━━━━━┩
│ 1 │ Expanded Scale (C, G)                         │ 2025-01-07 21:34:51 │ 2025-01-07 21:36:48 │ ✔      │ 1m57s    │
│ 2 │ Four Octave Scale (C, G, D, A, F, Am, Dm, Em) │ 2025-01-07 21:36:48 │ 2025-01-07 21:40:16 │ ✔      │ 3m27s    │
│ 3 │ Arpeggio (C, G, D, A, F, Am, Dm, Em)          │ 2025-01-07 21:40:16 │ 2025-01-07 21:41:56 │ ✔      │ 1m40s    │
│ 4 │ Chromatic Scale (D, Ab)                       │ 2025-01-07 21:41:56 │ 2025-01-07 21:43:04 │ ✔      │ 1m7s     │
│ 5 │ Triads (C, G, D, A, F, Am, Dm, Em)            │ 2025-01-07 21:43:04 │ 2025-01-07 21:44:12 │ ✔      │ 1m8s     │
│ 6 │ Broken Chords (C, G, D, A, F, Am, Dm, Em)     │ 2025-01-07 21:44:12 │ 2025-01-07 21:47:34 │ ✔      │ 3m21s    │
│ 7 │ Broken Triads (C, G, D, A, F, Am, Dm, Em)     │ 2025-01-07 21:47:34 │ 2025-01-07 21:52:06 │ ✔      │ 4m32s    │
└───┴───────────────────────────────────────────────┴─────────────────────┴─────────────────────┴────────┴──────────┘
Daily Dozen                                                                        
┏━━━┳━━━━━━━━━━━━━┳━━━━━━━━━━━━━━━━━━━━━┳━━━━━━━━━━━━━━━━━━━━━┳━━━━━━━━┳━━━━━━━━━━┓
┃ # ┃ Name        ┃ Start               ┃ Finish              ┃ Status ┃ Duration ┃
┡━━━╇━━━━━━━━━━━━━╇━━━━━━━━━━━━━━━━━━━━━╇━━━━━━━━━━━━━━━━━━━━━╇━━━━━━━━╇━━━━━━━━━━┩
│ 1 │ Book 3 2-12 │ 2025-01-07 21:52:08 │ 2025-01-07 21:53:12 │ ✔      │ 1m4s     │
│ 2 │ Book 3 3-1  │ 2025-01-07 21:53:12 │ 2025-01-07 21:53:46 │ ✔      │ 0m33s    │
│ 3 │ Book 3 3-2  │ 2025-01-07 21:53:46 │ 2025-01-07 21:54:20 │ ✔      │ 0m33s    │
│ 4 │ Book 3 3-3  │ 2025-01-07 21:54:20 │ 2025-01-07 21:54:46 │ ✔      │ 0m26s    │
│ 5 │ Book 3 3-4  │ 2025-01-07 21:54:46 │ 2025-01-07 21:56:47 │ ✔      │ 2m1s     │
└───┴─────────────┴─────────────────────┴─────────────────────┴────────┴──────────┘
Songs                                                                                                                               
┏━━━┳━━━━━━━━━━━━━━━━━━━━━━━━━━━━━━━━━━━━━━━━━━━━━━━━━━━━━━━━━━━━━━┳━━━━━━━━━━━━━━━━━━━━━┳━━━━━━━━━━━━━━━━━━━━━┳━━━━━━━━┳━━━━━━━━━━┓
┃ # ┃ Name                                                         ┃ Start               ┃ Finish              ┃ Status ┃ Duration ┃
┡━━━╇━━━━━━━━━━━━━━━━━━━━━━━━━━━━━━━━━━━━━━━━━━━━━━━━━━━━━━━━━━━━━━╇━━━━━━━━━━━━━━━━━━━━━╇━━━━━━━━━━━━━━━━━━━━━╇━━━━━━━━╇━━━━━━━━━━┩
│ 1 │ Joy of Piano - Clair De Lune, Debussy (p20)                  │ 2025-01-07 21:56:52 │ 2025-01-07 22:17:21 │ ✔      │ 20m29s   │
│ 2 │ Easy Piano Classics - Sonatina (Op 36, No 1), Clementi (p60) │ 2025-01-07 22:17:21 │ 2025-01-07 22:39:55 │ ✔      │ 22m33s   │
└───┴──────────────────────────────────────────────────────────────┴─────────────────────┴─────────────────────┴────────┴──────────┘
Repetoire Review                                                                                                        
┏━━━┳━━━━━━━━━━━━━━━━━━━━━━━━━━━━━━━━━━━━━━━━━━━━━━━━━━┳━━━━━━━━━━━━━━━━━━━━━┳━━━━━━━━━━━━━━━━━━━━━┳━━━━━━━━┳━━━━━━━━━━┓
┃ # ┃ Name                                             ┃ Start               ┃ Finish              ┃ Status ┃ Duration ┃
┡━━━╇━━━━━━━━━━━━━━━━━━━━━━━━━━━━━━━━━━━━━━━━━━━━━━━━━━╇━━━━━━━━━━━━━━━━━━━━━╇━━━━━━━━━━━━━━━━━━━━━╇━━━━━━━━╇━━━━━━━━━━┩
│ 1 │ Jazzin Americana - Practice the Piano Blues (p6) │ 2025-01-07 22:40:58 │ 2025-01-07 22:47:56 │ ✔      │ 6m58s    │
└───┴──────────────────────────────────────────────────┴─────────────────────┴─────────────────────┴────────┴──────────┘
