Session 2025-03-01 17:26
Scales and Chords                                                                                                            
┏━━━┳━━━━━━━━━━━━━━━━━━━━━━━━━━━━━━━━━━━━━━━━━━━━━━━━━━━━━━━┳━━━━━━━━━━━━━━━━━━━━━┳━━━━━━━━━━━━━━━━━━━━━┳━━━━━━━━┳━━━━━━━━━━┓
┃ # ┃ Name                                                  ┃ Start               ┃ Finish              ┃ Status ┃ Duration ┃
┡━━━╇━━━━━━━━━━━━━━━━━━━━━━━━━━━━━━━━━━━━━━━━━━━━━━━━━━━━━━━╇━━━━━━━━━━━━━━━━━━━━━╇━━━━━━━━━━━━━━━━━━━━━╇━━━━━━━━╇━━━━━━━━━━┩
│ 1 │ Expanded Scale (C, G)                                 │ 2025-03-01 17:32:58 │ 2025-03-01 17:33:03 │ ✔      │ 0m4s     │
│ 2 │ Four Octave Scale (C, G, D, A, F, Bb, Am, Dm, Em, Gm) │ 2025-03-01 17:40:59 │ 2025-03-01 17:41:02 │ ✔      │ 0m2s     │
│ 3 │ Broken Chords (C, G, D, A, F, Bb, Am, Dm, Em, Gm)     │ 2025-03-01 17:26:14 │ 2025-03-01 17:32:58 │ ✔      │ 6m43s    │
│ 4 │ Broken Triads (C, G, D, A, F, Bb, Am, Dm, Em, Gm)     │ 2025-03-01 17:33:03 │ 2025-03-01 17:35:16 │ ✔      │ 2m13s    │
│ 5 │ Running (C, G, D, A, F, Bb)                           │ 2025-03-01 17:35:16 │ 2025-03-01 17:40:59 │ ✔      │ 5m43s    │
└───┴───────────────────────────────────────────────────────┴─────────────────────┴─────────────────────┴────────┴──────────┘
Daily Dozen                                                                       
┏━━━┳━━━━━━━━━━━━┳━━━━━━━━━━━━━━━━━━━━━┳━━━━━━━━━━━━━━━━━━━━━┳━━━━━━━━┳━━━━━━━━━━┓
┃ # ┃ Name       ┃ Start               ┃ Finish              ┃ Status ┃ Duration ┃
┡━━━╇━━━━━━━━━━━━╇━━━━━━━━━━━━━━━━━━━━━╇━━━━━━━━━━━━━━━━━━━━━╇━━━━━━━━╇━━━━━━━━━━┩
│ 1 │ Book 2 4-1 │ 2025-03-01 17:42:27 │ 2025-03-01 17:43:24 │ ✔      │ 0m57s    │
│ 2 │ Book 2 4-2 │ 2025-03-01 17:43:24 │ 2025-03-01 17:44:23 │ ✔      │ 0m58s    │
│ 3 │ Book 2 4-3 │ 2025-03-01 17:44:23 │ 2025-03-01 17:45:27 │ ✔      │ 1m3s     │
│ 4 │ Book 2 4-4 │ 2025-03-01 17:45:27 │ 2025-03-01 17:45:47 │ ✔      │ 0m20s    │
│ 5 │ Book 2 4-5 │ 2025-03-01 17:45:47 │ 2025-03-01 17:46:39 │ ✔      │ 0m51s    │
│ 6 │ Book 2 4-6 │ 2025-03-01 17:46:39 │ 2025-03-01 17:47:52 │ ✔      │ 1m13s    │
│ 7 │ Book 2 4-7 │ 2025-03-01 17:47:52 │ 2025-03-01 17:49:25 │ ✔      │ 1m32s    │
└───┴────────────┴─────────────────────┴─────────────────────┴────────┴──────────┘
