Session 2025-02-16 14:59
Warm Ups                                                                       
┏━━━┳━━━━━━━━━┳━━━━━━━━━━━━━━━━━━━━━┳━━━━━━━━━━━━━━━━━━━━━┳━━━━━━━━┳━━━━━━━━━━┓
┃ # ┃ Name    ┃ Start               ┃ Finish              ┃ Status ┃ Duration ┃
┡━━━╇━━━━━━━━━╇━━━━━━━━━━━━━━━━━━━━━╇━━━━━━━━━━━━━━━━━━━━━╇━━━━━━━━╇━━━━━━━━━━┩
│ 1 │ Stretch │ 2025-02-16 14:59:08 │ 2025-02-16 14:59:28 │ ✔      │ 0m19s    │
│ 2 │ Rock    │ 2025-02-16 14:59:28 │ 2025-02-16 14:59:50 │ ✔      │ 0m22s    │
└───┴─────────┴─────────────────────┴─────────────────────┴────────┴──────────┘
Scales and Chords                                                                                                            
┏━━━┳━━━━━━━━━━━━━━━━━━━━━━━━━━━━━━━━━━━━━━━━━━━━━━━━━━━━━━━┳━━━━━━━━━━━━━━━━━━━━━┳━━━━━━━━━━━━━━━━━━━━━┳━━━━━━━━┳━━━━━━━━━━┓
┃ # ┃ Name                                                  ┃ Start               ┃ Finish              ┃ Status ┃ Duration ┃
┡━━━╇━━━━━━━━━━━━━━━━━━━━━━━━━━━━━━━━━━━━━━━━━━━━━━━━━━━━━━━╇━━━━━━━━━━━━━━━━━━━━━╇━━━━━━━━━━━━━━━━━━━━━╇━━━━━━━━╇━━━━━━━━━━┩
│ 1 │ Expanded Scale (C, G)                                 │ 2025-02-16 15:00:11 │ 2025-02-16 15:01:23 │ ✔      │ 1m11s    │
│ 2 │ Four Octave Scale (C, G, D, A, F, Bb, Am, Dm, Em, Gm) │ 2025-02-16 15:01:23 │ 2025-02-16 15:07:04 │ ✔      │ 5m40s    │
│ 3 │ Arpeggio (C, G, D, A, F, Bb, Am, Dm, Em, Gm)          │ 2025-02-16 15:07:04 │ 2025-02-16 15:09:09 │ ✔      │ 2m5s     │
│ 4 │ Chromatic Scale (D, Ab)                               │ 2025-02-16 15:09:09 │ 2025-02-16 15:09:47 │ ✔      │ 0m38s    │
│ 5 │ Triads (C, G, D, A, F, Bb, Am, Dm, Em, Gm)            │ 2025-02-16 15:09:47 │ 2025-02-16 15:11:39 │ ✔      │ 1m52s    │
│ 6 │ Broken Chords (C, G, D, A, F, Bb, Am, Dm, Em, Gm)     │ 2025-02-16 15:11:39 │ 2025-02-16 15:17:24 │ ✔      │ 5m44s    │
│ 7 │ Broken Triads (C, G, D, A, F, Bb, Am, Dm, Em, Gm)     │ 2025-02-16 15:17:24 │ 2025-02-16 15:20:23 │ ✔      │ 2m59s    │
└───┴───────────────────────────────────────────────────────┴─────────────────────┴─────────────────────┴────────┴──────────┘
Daily Dozen                                                                        
┏━━━┳━━━━━━━━━━━━━┳━━━━━━━━━━━━━━━━━━━━━┳━━━━━━━━━━━━━━━━━━━━━┳━━━━━━━━┳━━━━━━━━━━┓
┃ # ┃ Name        ┃ Start               ┃ Finish              ┃ Status ┃ Duration ┃
┡━━━╇━━━━━━━━━━━━━╇━━━━━━━━━━━━━━━━━━━━━╇━━━━━━━━━━━━━━━━━━━━━╇━━━━━━━━╇━━━━━━━━━━┩
│ 1 │ Book 2 3-10 │ 2025-02-16 15:20:24 │ 2025-02-16 15:24:04 │ ✔      │ 3m39s    │
│ 2 │ Book 2 4-1  │ 2025-02-16 15:24:04 │ 2025-02-16 15:26:11 │ ✔      │ 2m7s     │
│ 3 │ Book 2 4-2  │ 2025-02-16 15:26:11 │ 2025-02-16 15:32:14 │ ✔      │ 6m3s     │
└───┴─────────────┴─────────────────────┴─────────────────────┴────────┴──────────┘
