Session 2025-02-28 17:45
Scales and Chords                                                                                                            
┏━━━┳━━━━━━━━━━━━━━━━━━━━━━━━━━━━━━━━━━━━━━━━━━━━━━━━━━━━━━━┳━━━━━━━━━━━━━━━━━━━━━┳━━━━━━━━━━━━━━━━━━━━━┳━━━━━━━━┳━━━━━━━━━━┓
┃ # ┃ Name                                                  ┃ Start               ┃ Finish              ┃ Status ┃ Duration ┃
┡━━━╇━━━━━━━━━━━━━━━━━━━━━━━━━━━━━━━━━━━━━━━━━━━━━━━━━━━━━━━╇━━━━━━━━━━━━━━━━━━━━━╇━━━━━━━━━━━━━━━━━━━━━╇━━━━━━━━╇━━━━━━━━━━┩
│ 1 │ Expanded Scale (C, G)                                 │ 2025-02-28 17:53:40 │ 2025-02-28 17:53:47 │ ✔      │ 0m6s     │
│ 2 │ Four Octave Scale (C, G, D, A, F, Bb, Am, Dm, Em, Gm) │ 2025-02-28 17:59:11 │ 2025-02-28 17:59:15 │ ✔      │ 0m3s     │
│ 3 │ Broken Chords (C, G, D, A, F, Bb, Am, Dm, Em, Gm)     │ 2025-02-28 17:45:26 │ 2025-02-28 17:53:40 │ ✔      │ 8m14s    │
│ 4 │ Broken Triads (C, G, D, A, F, Bb, Am, Dm, Em, Gm)     │ 2025-02-28 17:53:47 │ 2025-02-28 17:55:13 │ ✔      │ 1m25s    │
│ 5 │ Running (C, G, D, A, F, Bb)                           │ 2025-02-28 17:55:13 │ 2025-02-28 17:59:11 │ ✔      │ 3m58s    │
└───┴───────────────────────────────────────────────────────┴─────────────────────┴─────────────────────┴────────┴──────────┘
Daily Dozen                                                                       
┏━━━┳━━━━━━━━━━━━┳━━━━━━━━━━━━━━━━━━━━━┳━━━━━━━━━━━━━━━━━━━━━┳━━━━━━━━┳━━━━━━━━━━┓
┃ # ┃ Name       ┃ Start               ┃ Finish              ┃ Status ┃ Duration ┃
┡━━━╇━━━━━━━━━━━━╇━━━━━━━━━━━━━━━━━━━━━╇━━━━━━━━━━━━━━━━━━━━━╇━━━━━━━━╇━━━━━━━━━━┩
│ 1 │ Book 2 4-1 │ 2025-02-28 17:59:27 │ 2025-02-28 18:01:21 │ ✔      │ 1m54s    │
│ 2 │ Book 2 4-2 │ 2025-02-28 18:01:21 │ 2025-02-28 18:02:24 │ ✔      │ 1m2s     │
│ 3 │ Book 2 4-3 │ 2025-02-28 18:02:24 │ 2025-02-28 18:03:28 │ ✔      │ 1m4s     │
│ 4 │ Book 2 4-4 │ 2025-02-28 18:03:28 │ 2025-02-28 18:03:48 │ ✔      │ 0m19s    │
│ 5 │ Book 2 4-5 │ 2025-02-28 18:03:48 │ 2025-02-28 18:04:32 │ ✔      │ 0m44s    │
│ 6 │ Book 2 4-6 │ 2025-02-28 18:04:32 │ 2025-02-28 18:05:51 │ ✔      │ 1m18s    │
│ 7 │ Book 2 4-7 │ 2025-02-28 18:05:51 │ 2025-02-28 18:07:21 │ ✔      │ 1m29s    │
└───┴────────────┴─────────────────────┴─────────────────────┴────────┴──────────┘
Songs                                                                                                                               
┏━━━┳━━━━━━━━━━━━━━━━━━━━━━━━━━━━━━━━━━━━━━━━━━━━━━━━━━━━━━━━━━━━━━┳━━━━━━━━━━━━━━━━━━━━━┳━━━━━━━━━━━━━━━━━━━━━┳━━━━━━━━┳━━━━━━━━━━┓
┃ # ┃ Name                                                         ┃ Start               ┃ Finish              ┃ Status ┃ Duration ┃
┡━━━╇━━━━━━━━━━━━━━━━━━━━━━━━━━━━━━━━━━━━━━━━━━━━━━━━━━━━━━━━━━━━━━╇━━━━━━━━━━━━━━━━━━━━━╇━━━━━━━━━━━━━━━━━━━━━╇━━━━━━━━╇━━━━━━━━━━┩
│ 1 │ Joy of Piano - Clair De Lune, Debussy (p20)                  │ 2025-02-28 18:07:52 │ 2025-02-28 18:20:01 │ ✔      │ 12m8s    │
│ 2 │ Easy Piano Classics - Sonatina (Op 36, No 1), Clementi (p60) │ 2025-02-28 18:20:01 │ 2025-02-28 18:26:35 │ ✔      │ 6m34s    │
└───┴──────────────────────────────────────────────────────────────┴─────────────────────┴─────────────────────┴────────┴──────────┘
