Session 2025-02-09 22:15
Warm Ups                                                                       
┏━━━┳━━━━━━━━━┳━━━━━━━━━━━━━━━━━━━━━┳━━━━━━━━━━━━━━━━━━━━━┳━━━━━━━━┳━━━━━━━━━━┓
┃ # ┃ Name    ┃ Start               ┃ Finish              ┃ Status ┃ Duration ┃
┡━━━╇━━━━━━━━━╇━━━━━━━━━━━━━━━━━━━━━╇━━━━━━━━━━━━━━━━━━━━━╇━━━━━━━━╇━━━━━━━━━━┩
│ 1 │ Stretch │ 2025-02-09 22:16:24 │ 2025-02-09 22:16:44 │ ✔      │ 0m20s    │
│ 2 │ Rock    │ 2025-02-09 22:16:44 │ 2025-02-09 22:17:13 │ ✔      │ 0m28s    │
└───┴─────────┴─────────────────────┴─────────────────────┴────────┴──────────┘
Scales and Chords                                                                                                            
┏━━━┳━━━━━━━━━━━━━━━━━━━━━━━━━━━━━━━━━━━━━━━━━━━━━━━━━━━━━━━┳━━━━━━━━━━━━━━━━━━━━━┳━━━━━━━━━━━━━━━━━━━━━┳━━━━━━━━┳━━━━━━━━━━┓
┃ # ┃ Name                                                  ┃ Start               ┃ Finish              ┃ Status ┃ Duration ┃
┡━━━╇━━━━━━━━━━━━━━━━━━━━━━━━━━━━━━━━━━━━━━━━━━━━━━━━━━━━━━━╇━━━━━━━━━━━━━━━━━━━━━╇━━━━━━━━━━━━━━━━━━━━━╇━━━━━━━━╇━━━━━━━━━━┩
│ 1 │ Expanded Scale (C, G)                                 │ 2025-02-09 22:17:14 │ 2025-02-09 22:18:43 │ ✔      │ 1m28s    │
│ 2 │ Four Octave Scale (C, G, D, A, F, Bb, Am, Dm, Em, Gm) │ 2025-02-09 22:18:43 │ 2025-02-09 22:27:02 │ ✔      │ 8m18s    │
│ 3 │ Arpeggio (C, G, D, A, F, Bb, Am, Dm, Em, Gm)          │ 2025-02-09 22:27:02 │ 2025-02-09 22:29:27 │ ✔      │ 2m25s    │
│ 4 │ Chromatic Scale (D, Ab)                               │ 2025-02-09 22:29:27 │ 2025-02-09 22:29:53 │ ✔      │ 0m25s    │
│ 5 │ Triads (C, G, D, A, F, Bb, Am, Dm, Em, Gm)            │ 2025-02-09 22:29:53 │ 2025-02-09 22:32:38 │ ✔      │ 2m44s    │
│ 6 │ Broken Chords (C, G, D, A, F, Bb, Am, Dm, Em, Gm)     │ 2025-02-09 22:32:38 │ 2025-02-09 22:39:13 │ ✔      │ 6m35s    │
│ 7 │ Broken Triads (C, G, D, A, F, Bb, Am, Dm, Em, Gm)     │ 2025-02-09 22:39:13 │ 2025-02-09 22:42:18 │ ✔      │ 3m4s     │
└───┴───────────────────────────────────────────────────────┴─────────────────────┴─────────────────────┴────────┴──────────┘
Daily Dozen                                                                         
┏━━━━┳━━━━━━━━━━━━━┳━━━━━━━━━━━━━━━━━━━━━┳━━━━━━━━━━━━━━━━━━━━━┳━━━━━━━━┳━━━━━━━━━━┓
┃ #  ┃ Name        ┃ Start               ┃ Finish              ┃ Status ┃ Duration ┃
┡━━━━╇━━━━━━━━━━━━━╇━━━━━━━━━━━━━━━━━━━━━╇━━━━━━━━━━━━━━━━━━━━━╇━━━━━━━━╇━━━━━━━━━━┩
│ 1  │ Book 3 3-1  │ 2025-02-09 22:44:47 │ 2025-02-09 22:45:21 │ ✔      │ 0m34s    │
│ 2  │ Book 3 3-2  │ 2025-02-09 22:45:21 │ 2025-02-09 22:45:56 │ ✔      │ 0m35s    │
│ 3  │ Book 3 3-3  │ 2025-02-09 22:45:56 │ 2025-02-09 22:46:22 │ ✔      │ 0m25s    │
│ 4  │ Book 3 3-4  │ 2025-02-09 22:46:22 │ 2025-02-09 22:46:52 │ ✔      │ 0m30s    │
│ 5  │ Book 3 3-5  │ 2025-02-09 22:46:52 │ 2025-02-09 22:47:11 │ ✔      │ 0m18s    │
│ 6  │ Book 3 3-6  │ 2025-02-09 22:47:11 │ 2025-02-09 22:53:40 │ ✔      │ 6m29s    │
│ 7  │ Book 3 3-7  │ 2025-02-09 22:53:40 │ 2025-02-09 22:55:20 │ ✔      │ 1m39s    │
│ 8  │ Book 3 3-8  │ 2025-02-09 22:55:20 │ 2025-02-09 22:56:13 │ ✔      │ 0m52s    │
│ 9  │ Book 3 3-9  │ 2025-02-09 22:56:13 │ 2025-02-09 22:56:45 │ ✔      │ 0m32s    │
│ 10 │ Book 3 3-10 │ 2025-02-09 22:56:45 │ 2025-02-09 22:59:36 │ ✔      │ 2m50s    │
│ 11 │ Book 3 3-11 │ 2025-02-09 22:59:36 │ 2025-02-09 23:01:00 │ ✔      │ 1m23s    │
│ 12 │ Book 3 3-12 │ 2025-02-09 23:01:00 │ 2025-02-09 23:03:39 │ ✔      │ 2m39s    │
└────┴─────────────┴─────────────────────┴─────────────────────┴────────┴──────────┘
Songs                                                                                                                               
┏━━━┳━━━━━━━━━━━━━━━━━━━━━━━━━━━━━━━━━━━━━━━━━━━━━━━━━━━━━━━━━━━━━━┳━━━━━━━━━━━━━━━━━━━━━┳━━━━━━━━━━━━━━━━━━━━━┳━━━━━━━━┳━━━━━━━━━━┓
┃ # ┃ Name                                                         ┃ Start               ┃ Finish              ┃ Status ┃ Duration ┃
┡━━━╇━━━━━━━━━━━━━━━━━━━━━━━━━━━━━━━━━━━━━━━━━━━━━━━━━━━━━━━━━━━━━━╇━━━━━━━━━━━━━━━━━━━━━╇━━━━━━━━━━━━━━━━━━━━━╇━━━━━━━━╇━━━━━━━━━━┩
│ 1 │ Joy of Piano - Clair De Lune, Debussy (p20)                  │ 2025-02-09 23:03:43 │ 2025-02-09 23:09:32 │ ✔      │ 5m49s    │
│ 2 │ Easy Piano Classics - Sonatina (Op 36, No 1), Clementi (p60) │ 2025-02-09 23:09:32 │ 2025-02-09 23:21:51 │ ✔      │ 12m18s   │
└───┴──────────────────────────────────────────────────────────────┴─────────────────────┴─────────────────────┴────────┴──────────┘
